{"/home/ashishiyer9/Portal Project/chatbot-vue/src/App.vue": {"path":"/home/ashishiyer9/Portal Project/chatbot-vue/src/App.vue","statementMap":{"0":{"start":{"line":21,"column":0},"end":{"line":21,"column":null}},"1":{"start":{"line":22,"column":0},"end":{"line":22,"column":null}},"2":{"start":{"line":23,"column":0},"end":{"line":23,"column":null}},"3":{"start":{"line":24,"column":0},"end":{"line":24,"column":null}},"4":{"start":{"line":31,"column":0},"end":{"line":31,"column":null}},"5":{"start":{"line":35,"column":0},"end":{"line":35,"column":null}},"6":{"start":{"line":36,"column":0},"end":{"line":36,"column":null}},"7":{"start":{"line":37,"column":0},"end":{"line":37,"column":null}},"8":{"start":{"line":38,"column":0},"end":{"line":38,"column":null}},"9":{"start":{"line":39,"column":0},"end":{"line":41,"column":null}},"10":{"start":{"line":40,"column":0},"end":{"line":40,"column":null}},"11":{"start":{"line":42,"column":0},"end":{"line":44,"column":null}},"12":{"start":{"line":43,"column":0},"end":{"line":43,"column":null}},"13":{"start":{"line":45,"column":0},"end":{"line":49,"column":null}},"14":{"start":{"line":46,"column":0},"end":{"line":48,"column":null}},"15":{"start":{"line":47,"column":0},"end":{"line":47,"column":null}},"16":{"start":{"line":50,"column":0},"end":{"line":55,"column":null}},"17":{"start":{"line":51,"column":0},"end":{"line":54,"column":null}},"18":{"start":{"line":52,"column":0},"end":{"line":52,"column":null}},"19":{"start":{"line":53,"column":0},"end":{"line":53,"column":null}}},"fnMap":{"0":{"name":"data","decl":{"start":{"line":30,"column":0},"end":{"line":30,"column":null}},"loc":{"start":{"line":30,"column":0},"end":{"line":34,"column":null}}},"1":{"name":"mounted","decl":{"start":{"line":35,"column":0},"end":{"line":35,"column":null}},"loc":{"start":{"line":35,"column":0},"end":{"line":56,"column":null}}},"2":{"name":"(anonymous_4)","decl":{"start":{"line":45,"column":0},"end":{"line":45,"column":null}},"loc":{"start":{"line":45,"column":0},"end":{"line":49,"column":null}}},"3":{"name":"(anonymous_5)","decl":{"start":{"line":50,"column":0},"end":{"line":50,"column":null}},"loc":{"start":{"line":50,"column":0},"end":{"line":55,"column":null}}}},"branchMap":{"0":{"loc":{"start":{"line":32,"column":0},"end":{"line":32,"column":null}},"type":"cond-expr","locations":[{"start":{"line":32,"column":0},"end":{"line":32,"column":null}},{"start":{"line":32,"column":0},"end":{"line":32,"column":null}}]},"1":{"loc":{"start":{"line":39,"column":0},"end":{"line":41,"column":null}},"type":"if","locations":[{"start":{"line":39,"column":0},"end":{"line":41,"column":null}},{"start":{"line":39,"column":0},"end":{"line":41,"column":null}}]},"2":{"loc":{"start":{"line":42,"column":0},"end":{"line":44,"column":null}},"type":"if","locations":[{"start":{"line":42,"column":0},"end":{"line":44,"column":null}},{"start":{"line":42,"column":0},"end":{"line":44,"column":null}}]},"3":{"loc":{"start":{"line":46,"column":0},"end":{"line":48,"column":null}},"type":"if","locations":[{"start":{"line":46,"column":0},"end":{"line":48,"column":null}},{"start":{"line":46,"column":0},"end":{"line":48,"column":null}}]},"4":{"loc":{"start":{"line":51,"column":0},"end":{"line":54,"column":null}},"type":"if","locations":[{"start":{"line":51,"column":0},"end":{"line":54,"column":null}},{"start":{"line":51,"column":0},"end":{"line":54,"column":null}}]},"5":{"loc":{"start":{"line":51,"column":0},"end":{"line":51,"column":null}},"type":"binary-expr","locations":[{"start":{"line":51,"column":0},"end":{"line":51,"column":null}},{"start":{"line":51,"column":0},"end":{"line":51,"column":null}}]}},"s":{"0":0,"1":0,"2":0,"3":0,"4":0,"5":0,"6":0,"7":0,"8":0,"9":0,"10":0,"11":0,"12":0,"13":0,"14":0,"15":0,"16":0,"17":0,"18":0,"19":0},"f":{"0":0,"1":0,"2":0,"3":0},"b":{"0":[0,0],"1":[0,0],"2":[0,0],"3":[0,0],"4":[0,0],"5":[0,0]}}
,"/home/ashishiyer9/Portal Project/chatbot-vue/src/Chatbot/Dashboard/ActionForm.vue": {"path":"/home/ashishiyer9/Portal Project/chatbot-vue/src/Chatbot/Dashboard/ActionForm.vue","statementMap":{"0":{"start":{"line":49,"column":0},"end":{"line":49,"column":null}},"1":{"start":{"line":50,"column":0},"end":{"line":50,"column":null}},"2":{"start":{"line":57,"column":0},"end":{"line":57,"column":null}},"3":{"start":{"line":74,"column":0},"end":{"line":74,"column":null}},"4":{"start":{"line":75,"column":0},"end":{"line":77,"column":null}},"5":{"start":{"line":76,"column":0},"end":{"line":76,"column":null}},"6":{"start":{"line":78,"column":0},"end":{"line":80,"column":null}},"7":{"start":{"line":79,"column":0},"end":{"line":79,"column":null}},"8":{"start":{"line":81,"column":0},"end":{"line":88,"column":null}},"9":{"start":{"line":82,"column":0},"end":{"line":82,"column":null}},"10":{"start":{"line":92,"column":0},"end":{"line":92,"column":null}},"11":{"start":{"line":94,"column":0},"end":{"line":94,"column":null}},"12":{"start":{"line":95,"column":0},"end":{"line":104,"column":null}},"13":{"start":{"line":96,"column":0},"end":{"line":98,"column":null}},"14":{"start":{"line":97,"column":0},"end":{"line":97,"column":null}},"15":{"start":{"line":99,"column":0},"end":{"line":102,"column":null}},"16":{"start":{"line":100,"column":0},"end":{"line":100,"column":null}},"17":{"start":{"line":101,"column":0},"end":{"line":101,"column":null}},"18":{"start":{"line":105,"column":0},"end":{"line":105,"column":null}},"19":{"start":{"line":111,"column":0},"end":{"line":128,"column":null}},"20":{"start":{"line":112,"column":0},"end":{"line":112,"column":null}},"21":{"start":{"line":114,"column":0},"end":{"line":118,"column":null}},"22":{"start":{"line":117,"column":0},"end":{"line":117,"column":null}},"23":{"start":{"line":120,"column":0},"end":{"line":120,"column":null}},"24":{"start":{"line":127,"column":0},"end":{"line":127,"column":null}},"25":{"start":{"line":137,"column":0},"end":{"line":141,"column":null}},"26":{"start":{"line":138,"column":0},"end":{"line":138,"column":null}},"27":{"start":{"line":140,"column":0},"end":{"line":140,"column":null}},"28":{"start":{"line":144,"column":0},"end":{"line":146,"column":null}},"29":{"start":{"line":145,"column":0},"end":{"line":145,"column":null}},"30":{"start":{"line":147,"column":0},"end":{"line":149,"column":null}},"31":{"start":{"line":148,"column":0},"end":{"line":148,"column":null}},"32":{"start":{"line":150,"column":0},"end":{"line":150,"column":null}},"33":{"start":{"line":151,"column":0},"end":{"line":160,"column":null}},"34":{"start":{"line":156,"column":0},"end":{"line":156,"column":null}},"35":{"start":{"line":157,"column":0},"end":{"line":157,"column":null}},"36":{"start":{"line":159,"column":0},"end":{"line":159,"column":null}},"37":{"start":{"line":163,"column":0},"end":{"line":165,"column":null}},"38":{"start":{"line":164,"column":0},"end":{"line":164,"column":null}},"39":{"start":{"line":166,"column":0},"end":{"line":168,"column":null}},"40":{"start":{"line":167,"column":0},"end":{"line":167,"column":null}},"41":{"start":{"line":169,"column":0},"end":{"line":187,"column":null}},"42":{"start":{"line":170,"column":0},"end":{"line":170,"column":null}},"43":{"start":{"line":171,"column":0},"end":{"line":173,"column":null}},"44":{"start":{"line":172,"column":0},"end":{"line":172,"column":null}},"45":{"start":{"line":175,"column":0},"end":{"line":177,"column":null}},"46":{"start":{"line":176,"column":0},"end":{"line":176,"column":null}},"47":{"start":{"line":178,"column":0},"end":{"line":180,"column":null}},"48":{"start":{"line":179,"column":0},"end":{"line":179,"column":null}},"49":{"start":{"line":181,"column":0},"end":{"line":181,"column":null}},"50":{"start":{"line":182,"column":0},"end":{"line":182,"column":null}}},"fnMap":{"0":{"name":"data","decl":{"start":{"line":56,"column":0},"end":{"line":56,"column":null}},"loc":{"start":{"line":56,"column":0},"end":{"line":71,"column":null}}},"1":{"name":"data_management","decl":{"start":{"line":73,"column":0},"end":{"line":73,"column":null}},"loc":{"start":{"line":73,"column":0},"end":{"line":89,"column":null}}},"2":{"name":"(anonymous_4)","decl":{"start":{"line":78,"column":0},"end":{"line":78,"column":null}},"loc":{"start":{"line":78,"column":0},"end":{"line":80,"column":null}}},"3":{"name":"data_filter","decl":{"start":{"line":90,"column":0},"end":{"line":90,"column":null}},"loc":{"start":{"line":90,"column":0},"end":{"line":90,"column":null}}},"4":{"name":"nodes_level_count","decl":{"start":{"line":91,"column":0},"end":{"line":91,"column":null}},"loc":{"start":{"line":91,"column":0},"end":{"line":106,"column":null}}},"5":{"name":"(anonymous_7)","decl":{"start":{"line":96,"column":0},"end":{"line":96,"column":null}},"loc":{"start":{"line":96,"column":0},"end":{"line":98,"column":null}}},"6":{"name":"canvasClick","decl":{"start":{"line":107,"column":0},"end":{"line":107,"column":null}},"loc":{"start":{"line":107,"column":0},"end":{"line":109,"column":null}}},"7":{"name":"addNode","decl":{"start":{"line":110,"column":0},"end":{"line":110,"column":null}},"loc":{"start":{"line":110,"column":0},"end":{"line":129,"column":null}}},"8":{"name":"(anonymous_10)","decl":{"start":{"line":114,"column":0},"end":{"line":114,"column":null}},"loc":{"start":{"line":114,"column":0},"end":{"line":118,"column":null}}},"9":{"name":"nodeClick","decl":{"start":{"line":130,"column":0},"end":{"line":130,"column":null}},"loc":{"start":{"line":130,"column":0},"end":{"line":132,"column":null}}},"10":{"name":"nodeDelete","decl":{"start":{"line":133,"column":0},"end":{"line":133,"column":null}},"loc":{"start":{"line":133,"column":0},"end":{"line":135,"column":null}}},"11":{"name":"submit_template","decl":{"start":{"line":136,"column":0},"end":{"line":136,"column":null}},"loc":{"start":{"line":136,"column":0},"end":{"line":142,"column":null}}},"12":{"name":"linkBreak","decl":{"start":{"line":143,"column":0},"end":{"line":143,"column":null}},"loc":{"start":{"line":143,"column":0},"end":{"line":161,"column":null}}},"13":{"name":"(anonymous_15)","decl":{"start":{"line":144,"column":0},"end":{"line":144,"column":null}},"loc":{"start":{"line":144,"column":0},"end":{"line":146,"column":null}}},"14":{"name":"(anonymous_16)","decl":{"start":{"line":147,"column":0},"end":{"line":147,"column":null}},"loc":{"start":{"line":147,"column":0},"end":{"line":149,"column":null}}},"15":{"name":"linkAdded","decl":{"start":{"line":162,"column":0},"end":{"line":162,"column":null}},"loc":{"start":{"line":162,"column":0},"end":{"line":188,"column":null}}},"16":{"name":"(anonymous_18)","decl":{"start":{"line":163,"column":0},"end":{"line":163,"column":null}},"loc":{"start":{"line":163,"column":0},"end":{"line":165,"column":null}}},"17":{"name":"(anonymous_19)","decl":{"start":{"line":166,"column":0},"end":{"line":166,"column":null}},"loc":{"start":{"line":166,"column":0},"end":{"line":168,"column":null}}},"18":{"name":"(anonymous_20)","decl":{"start":{"line":171,"column":0},"end":{"line":171,"column":null}},"loc":{"start":{"line":171,"column":0},"end":{"line":173,"column":null}}},"19":{"name":"(anonymous_21)","decl":{"start":{"line":175,"column":0},"end":{"line":175,"column":null}},"loc":{"start":{"line":175,"column":0},"end":{"line":177,"column":null}}},"20":{"name":"(anonymous_22)","decl":{"start":{"line":178,"column":0},"end":{"line":178,"column":null}},"loc":{"start":{"line":178,"column":0},"end":{"line":180,"column":null}}}},"branchMap":{"0":{"loc":{"start":{"line":75,"column":0},"end":{"line":77,"column":null}},"type":"if","locations":[{"start":{"line":75,"column":0},"end":{"line":77,"column":null}},{"start":{"line":75,"column":0},"end":{"line":77,"column":null}}]},"1":{"loc":{"start":{"line":81,"column":0},"end":{"line":88,"column":null}},"type":"if","locations":[{"start":{"line":81,"column":0},"end":{"line":88,"column":null}},{"start":{"line":81,"column":0},"end":{"line":88,"column":null}}]},"2":{"loc":{"start":{"line":99,"column":0},"end":{"line":102,"column":null}},"type":"if","locations":[{"start":{"line":99,"column":0},"end":{"line":102,"column":null}},{"start":{"line":99,"column":0},"end":{"line":102,"column":null}}]},"3":{"loc":{"start":{"line":111,"column":0},"end":{"line":128,"column":null}},"type":"if","locations":[{"start":{"line":111,"column":0},"end":{"line":128,"column":null}},{"start":{"line":111,"column":0},"end":{"line":128,"column":null}}]},"4":{"loc":{"start":{"line":125,"column":0},"end":{"line":125,"column":null}},"type":"cond-expr","locations":[{"start":{"line":125,"column":0},"end":{"line":125,"column":null}},{"start":{"line":125,"column":0},"end":{"line":125,"column":null}}]},"5":{"loc":{"start":{"line":137,"column":0},"end":{"line":141,"column":null}},"type":"if","locations":[{"start":{"line":137,"column":0},"end":{"line":141,"column":null}},{"start":{"line":137,"column":0},"end":{"line":141,"column":null}}]},"6":{"loc":{"start":{"line":151,"column":0},"end":{"line":160,"column":null}},"type":"if","locations":[{"start":{"line":151,"column":0},"end":{"line":160,"column":null}},{"start":{"line":151,"column":0},"end":{"line":160,"column":null}}]},"7":{"loc":{"start":{"line":151,"column":0},"end":{"line":151,"column":null}},"type":"binary-expr","locations":[{"start":{"line":151,"column":0},"end":{"line":151,"column":null}},{"start":{"line":151,"column":0},"end":{"line":151,"column":null}},{"start":{"line":151,"column":0},"end":{"line":151,"column":null}}]},"8":{"loc":{"start":{"line":169,"column":0},"end":{"line":187,"column":null}},"type":"if","locations":[{"start":{"line":169,"column":0},"end":{"line":187,"column":null}},{"start":{"line":169,"column":0},"end":{"line":187,"column":null}}]},"9":{"loc":{"start":{"line":169,"column":0},"end":{"line":169,"column":null}},"type":"binary-expr","locations":[{"start":{"line":169,"column":0},"end":{"line":169,"column":null}},{"start":{"line":169,"column":0},"end":{"line":169,"column":null}}]}},"s":{"0":0,"1":0,"2":0,"3":0,"4":0,"5":0,"6":0,"7":0,"8":0,"9":0,"10":0,"11":0,"12":0,"13":0,"14":0,"15":0,"16":0,"17":0,"18":0,"19":0,"20":0,"21":0,"22":0,"23":0,"24":0,"25":0,"26":0,"27":0,"28":0,"29":0,"30":0,"31":0,"32":0,"33":0,"34":0,"35":0,"36":0,"37":0,"38":0,"39":0,"40":0,"41":0,"42":0,"43":0,"44":0,"45":0,"46":0,"47":0,"48":0,"49":0,"50":0},"f":{"0":0,"1":0,"2":0,"3":0,"4":0,"5":0,"6":0,"7":0,"8":0,"9":0,"10":0,"11":0,"12":0,"13":0,"14":0,"15":0,"16":0,"17":0,"18":0,"19":0,"20":0},"b":{"0":[0,0],"1":[0,0],"2":[0,0],"3":[0,0],"4":[0,0],"5":[0,0],"6":[0,0],"7":[0,0,0],"8":[0,0],"9":[0,0]}}
,"/home/ashishiyer9/Portal Project/chatbot-vue/src/Chatbot/Dashboard/AddIntent.vue": {"path":"/home/ashishiyer9/Portal Project/chatbot-vue/src/Chatbot/Dashboard/AddIntent.vue","statementMap":{"0":{"start":{"line":237,"column":0},"end":{"line":237,"column":null}},"1":{"start":{"line":238,"column":0},"end":{"line":238,"column":null}},"2":{"start":{"line":239,"column":0},"end":{"line":239,"column":null}},"3":{"start":{"line":240,"column":0},"end":{"line":240,"column":null}},"4":{"start":{"line":244,"column":0},"end":{"line":244,"column":null}},"5":{"start":{"line":269,"column":0},"end":{"line":269,"column":null}},"6":{"start":{"line":270,"column":0},"end":{"line":282,"column":null}},"7":{"start":{"line":271,"column":0},"end":{"line":278,"column":null}},"8":{"start":{"line":272,"column":0},"end":{"line":272,"column":null}},"9":{"start":{"line":273,"column":0},"end":{"line":273,"column":null}},"10":{"start":{"line":275,"column":0},"end":{"line":275,"column":null}},"11":{"start":{"line":276,"column":0},"end":{"line":276,"column":null}},"12":{"start":{"line":277,"column":0},"end":{"line":277,"column":null}},"13":{"start":{"line":280,"column":0},"end":{"line":280,"column":null}},"14":{"start":{"line":281,"column":0},"end":{"line":281,"column":null}},"15":{"start":{"line":283,"column":0},"end":{"line":305,"column":null}},"16":{"start":{"line":296,"column":0},"end":{"line":296,"column":null}},"17":{"start":{"line":297,"column":0},"end":{"line":297,"column":null}},"18":{"start":{"line":298,"column":0},"end":{"line":304,"column":null}},"19":{"start":{"line":299,"column":0},"end":{"line":299,"column":null}},"20":{"start":{"line":308,"column":0},"end":{"line":308,"column":null}},"21":{"start":{"line":309,"column":0},"end":{"line":316,"column":null}},"22":{"start":{"line":310,"column":0},"end":{"line":315,"column":null}},"23":{"start":{"line":311,"column":0},"end":{"line":311,"column":null}},"24":{"start":{"line":313,"column":0},"end":{"line":313,"column":null}},"25":{"start":{"line":314,"column":0},"end":{"line":314,"column":null}},"26":{"start":{"line":320,"column":0},"end":{"line":344,"column":null}},"27":{"start":{"line":321,"column":0},"end":{"line":326,"column":null}},"28":{"start":{"line":322,"column":0},"end":{"line":322,"column":null}},"29":{"start":{"line":323,"column":0},"end":{"line":323,"column":null}},"30":{"start":{"line":324,"column":0},"end":{"line":326,"column":null}},"31":{"start":{"line":325,"column":0},"end":{"line":325,"column":null}},"32":{"start":{"line":328,"column":0},"end":{"line":343,"column":null}},"33":{"start":{"line":329,"column":0},"end":{"line":329,"column":null}},"34":{"start":{"line":330,"column":0},"end":{"line":330,"column":null}},"35":{"start":{"line":331,"column":0},"end":{"line":333,"column":null}},"36":{"start":{"line":332,"column":0},"end":{"line":332,"column":null}},"37":{"start":{"line":334,"column":0},"end":{"line":343,"column":null}},"38":{"start":{"line":335,"column":0},"end":{"line":335,"column":null}},"39":{"start":{"line":336,"column":0},"end":{"line":338,"column":null}},"40":{"start":{"line":337,"column":0},"end":{"line":337,"column":null}},"41":{"start":{"line":339,"column":0},"end":{"line":341,"column":null}},"42":{"start":{"line":340,"column":0},"end":{"line":340,"column":null}},"43":{"start":{"line":342,"column":0},"end":{"line":342,"column":null}},"44":{"start":{"line":346,"column":0},"end":{"line":346,"column":null}},"45":{"start":{"line":347,"column":0},"end":{"line":369,"column":null}},"46":{"start":{"line":361,"column":0},"end":{"line":361,"column":null}},"47":{"start":{"line":362,"column":0},"end":{"line":368,"column":null}},"48":{"start":{"line":363,"column":0},"end":{"line":363,"column":null}},"49":{"start":{"line":372,"column":0},"end":{"line":372,"column":null}},"50":{"start":{"line":373,"column":0},"end":{"line":373,"column":null}},"51":{"start":{"line":374,"column":0},"end":{"line":374,"column":null}},"52":{"start":{"line":375,"column":0},"end":{"line":375,"column":null}},"53":{"start":{"line":377,"column":0},"end":{"line":377,"column":null}},"54":{"start":{"line":378,"column":0},"end":{"line":417,"column":null}},"55":{"start":{"line":379,"column":0},"end":{"line":379,"column":null}},"56":{"start":{"line":380,"column":0},"end":{"line":382,"column":null}},"57":{"start":{"line":381,"column":0},"end":{"line":381,"column":null}},"58":{"start":{"line":383,"column":0},"end":{"line":416,"column":null}},"59":{"start":{"line":392,"column":0},"end":{"line":415,"column":null}},"60":{"start":{"line":393,"column":0},"end":{"line":414,"column":null}},"61":{"start":{"line":404,"column":0},"end":{"line":413,"column":null}},"62":{"start":{"line":405,"column":0},"end":{"line":412,"column":null}},"63":{"start":{"line":409,"column":0},"end":{"line":411,"column":null}},"64":{"start":{"line":410,"column":0},"end":{"line":410,"column":null}},"65":{"start":{"line":419,"column":0},"end":{"line":419,"column":null}},"66":{"start":{"line":420,"column":0},"end":{"line":420,"column":null}},"67":{"start":{"line":421,"column":0},"end":{"line":454,"column":null}},"68":{"start":{"line":430,"column":0},"end":{"line":453,"column":null}},"69":{"start":{"line":431,"column":0},"end":{"line":452,"column":null}},"70":{"start":{"line":442,"column":0},"end":{"line":451,"column":null}},"71":{"start":{"line":443,"column":0},"end":{"line":450,"column":null}},"72":{"start":{"line":447,"column":0},"end":{"line":449,"column":null}},"73":{"start":{"line":448,"column":0},"end":{"line":448,"column":null}},"74":{"start":{"line":456,"column":0},"end":{"line":456,"column":null}},"75":{"start":{"line":457,"column":0},"end":{"line":484,"column":null}},"76":{"start":{"line":459,"column":0},"end":{"line":459,"column":null}},"77":{"start":{"line":460,"column":0},"end":{"line":460,"column":null}},"78":{"start":{"line":461,"column":0},"end":{"line":483,"column":null}},"79":{"start":{"line":475,"column":0},"end":{"line":475,"column":null}},"80":{"start":{"line":476,"column":0},"end":{"line":482,"column":null}},"81":{"start":{"line":477,"column":0},"end":{"line":477,"column":null}},"82":{"start":{"line":486,"column":0},"end":{"line":486,"column":null}},"83":{"start":{"line":487,"column":0},"end":{"line":487,"column":null}},"84":{"start":{"line":488,"column":0},"end":{"line":585,"column":null}},"85":{"start":{"line":489,"column":0},"end":{"line":534,"column":null}},"86":{"start":{"line":490,"column":0},"end":{"line":490,"column":null}},"87":{"start":{"line":492,"column":0},"end":{"line":492,"column":null}},"88":{"start":{"line":493,"column":0},"end":{"line":531,"column":null}},"89":{"start":{"line":505,"column":0},"end":{"line":530,"column":null}},"90":{"start":{"line":506,"column":0},"end":{"line":506,"column":null}},"91":{"start":{"line":510,"column":0},"end":{"line":530,"column":null}},"92":{"start":{"line":511,"column":0},"end":{"line":511,"column":null}},"93":{"start":{"line":515,"column":0},"end":{"line":530,"column":null}},"94":{"start":{"line":516,"column":0},"end":{"line":523,"column":null}},"95":{"start":{"line":520,"column":0},"end":{"line":522,"column":null}},"96":{"start":{"line":521,"column":0},"end":{"line":521,"column":null}},"97":{"start":{"line":524,"column":0},"end":{"line":530,"column":null}},"98":{"start":{"line":525,"column":0},"end":{"line":525,"column":null}},"99":{"start":{"line":532,"column":0},"end":{"line":532,"column":null}},"100":{"start":{"line":533,"column":0},"end":{"line":533,"column":null}},"101":{"start":{"line":535,"column":0},"end":{"line":585,"column":null}},"102":{"start":{"line":536,"column":0},"end":{"line":536,"column":null}},"103":{"start":{"line":537,"column":0},"end":{"line":537,"column":null}},"104":{"start":{"line":540,"column":0},"end":{"line":584,"column":null}},"105":{"start":{"line":541,"column":0},"end":{"line":541,"column":null}},"106":{"start":{"line":546,"column":0},"end":{"line":580,"column":null}},"107":{"start":{"line":560,"column":0},"end":{"line":579,"column":null}},"108":{"start":{"line":561,"column":0},"end":{"line":561,"column":null}},"109":{"start":{"line":565,"column":0},"end":{"line":579,"column":null}},"110":{"start":{"line":566,"column":0},"end":{"line":573,"column":null}},"111":{"start":{"line":570,"column":0},"end":{"line":572,"column":null}},"112":{"start":{"line":571,"column":0},"end":{"line":571,"column":null}},"113":{"start":{"line":574,"column":0},"end":{"line":579,"column":null}},"114":{"start":{"line":575,"column":0},"end":{"line":575,"column":null}},"115":{"start":{"line":581,"column":0},"end":{"line":581,"column":null}},"116":{"start":{"line":582,"column":0},"end":{"line":582,"column":null}},"117":{"start":{"line":583,"column":0},"end":{"line":583,"column":null}},"118":{"start":{"line":588,"column":0},"end":{"line":588,"column":null}},"119":{"start":{"line":591,"column":0},"end":{"line":595,"column":null}},"120":{"start":{"line":592,"column":0},"end":{"line":592,"column":null}},"121":{"start":{"line":594,"column":0},"end":{"line":594,"column":null}}},"fnMap":{"0":{"name":"data","decl":{"start":{"line":243,"column":0},"end":{"line":243,"column":null}},"loc":{"start":{"line":243,"column":0},"end":{"line":268,"column":null}}},"1":{"name":"created","decl":{"start":{"line":269,"column":0},"end":{"line":269,"column":null}},"loc":{"start":{"line":269,"column":0},"end":{"line":306,"column":null}}},"2":{"name":"(anonymous_4)","decl":{"start":{"line":284,"column":0},"end":{"line":284,"column":null}},"loc":{"start":{"line":284,"column":0},"end":{"line":305,"column":null}}},"3":{"name":"mounted","decl":{"start":{"line":307,"column":0},"end":{"line":307,"column":null}},"loc":{"start":{"line":307,"column":0},"end":{"line":317,"column":null}}},"4":{"name":"(anonymous_6)","decl":{"start":{"line":309,"column":0},"end":{"line":309,"column":null}},"loc":{"start":{"line":309,"column":0},"end":{"line":316,"column":null}}},"5":{"name":"selected_intents","decl":{"start":{"line":319,"column":0},"end":{"line":319,"column":null}},"loc":{"start":{"line":319,"column":0},"end":{"line":345,"column":null}}},"6":{"name":"(anonymous_8)","decl":{"start":{"line":339,"column":0},"end":{"line":339,"column":null}},"loc":{"start":{"line":339,"column":0},"end":{"line":341,"column":null}}},"7":{"name":"page_change","decl":{"start":{"line":346,"column":0},"end":{"line":346,"column":null}},"loc":{"start":{"line":346,"column":0},"end":{"line":370,"column":null}}},"8":{"name":"(anonymous_10)","decl":{"start":{"line":348,"column":0},"end":{"line":348,"column":null}},"loc":{"start":{"line":348,"column":0},"end":{"line":369,"column":null}}},"9":{"name":"edit_intent","decl":{"start":{"line":371,"column":0},"end":{"line":371,"column":null}},"loc":{"start":{"line":371,"column":0},"end":{"line":376,"column":null}}},"10":{"name":"delete_selected","decl":{"start":{"line":377,"column":0},"end":{"line":377,"column":null}},"loc":{"start":{"line":377,"column":0},"end":{"line":418,"column":null}}},"11":{"name":"(anonymous_13)","decl":{"start":{"line":383,"column":0},"end":{"line":383,"column":null}},"loc":{"start":{"line":383,"column":0},"end":{"line":416,"column":null}}},"12":{"name":"(anonymous_14)","decl":{"start":{"line":394,"column":0},"end":{"line":394,"column":null}},"loc":{"start":{"line":394,"column":0},"end":{"line":414,"column":null}}},"13":{"name":"(anonymous_15)","decl":{"start":{"line":405,"column":0},"end":{"line":405,"column":null}},"loc":{"start":{"line":405,"column":0},"end":{"line":412,"column":null}}},"14":{"name":"delete_intent","decl":{"start":{"line":419,"column":0},"end":{"line":419,"column":null}},"loc":{"start":{"line":419,"column":0},"end":{"line":455,"column":null}}},"15":{"name":"(anonymous_17)","decl":{"start":{"line":421,"column":0},"end":{"line":421,"column":null}},"loc":{"start":{"line":421,"column":0},"end":{"line":454,"column":null}}},"16":{"name":"(anonymous_18)","decl":{"start":{"line":432,"column":0},"end":{"line":432,"column":null}},"loc":{"start":{"line":432,"column":0},"end":{"line":452,"column":null}}},"17":{"name":"(anonymous_19)","decl":{"start":{"line":443,"column":0},"end":{"line":443,"column":null}},"loc":{"start":{"line":443,"column":0},"end":{"line":450,"column":null}}},"18":{"name":"page_require","decl":{"start":{"line":456,"column":0},"end":{"line":456,"column":null}},"loc":{"start":{"line":456,"column":0},"end":{"line":485,"column":null}}},"19":{"name":"(anonymous_21)","decl":{"start":{"line":462,"column":0},"end":{"line":462,"column":null}},"loc":{"start":{"line":462,"column":0},"end":{"line":483,"column":null}}},"20":{"name":"add_intents","decl":{"start":{"line":486,"column":0},"end":{"line":486,"column":null}},"loc":{"start":{"line":486,"column":0},"end":{"line":586,"column":null}}},"21":{"name":"(anonymous_23)","decl":{"start":{"line":494,"column":0},"end":{"line":494,"column":null}},"loc":{"start":{"line":494,"column":0},"end":{"line":531,"column":null}}},"22":{"name":"(anonymous_24)","decl":{"start":{"line":516,"column":0},"end":{"line":516,"column":null}},"loc":{"start":{"line":516,"column":0},"end":{"line":523,"column":null}}},"23":{"name":"(anonymous_25)","decl":{"start":{"line":547,"column":0},"end":{"line":547,"column":null}},"loc":{"start":{"line":547,"column":0},"end":{"line":580,"column":null}}},"24":{"name":"(anonymous_26)","decl":{"start":{"line":566,"column":0},"end":{"line":566,"column":null}},"loc":{"start":{"line":566,"column":0},"end":{"line":573,"column":null}}},"25":{"name":"clear_fields","decl":{"start":{"line":587,"column":0},"end":{"line":587,"column":null}},"loc":{"start":{"line":587,"column":0},"end":{"line":589,"column":null}}},"26":{"name":"pagination_class","decl":{"start":{"line":590,"column":0},"end":{"line":590,"column":null}},"loc":{"start":{"line":590,"column":0},"end":{"line":596,"column":null}}}},"branchMap":{"0":{"loc":{"start":{"line":270,"column":0},"end":{"line":282,"column":null}},"type":"if","locations":[{"start":{"line":270,"column":0},"end":{"line":282,"column":null}},{"start":{"line":270,"column":0},"end":{"line":282,"column":null}}]},"1":{"loc":{"start":{"line":271,"column":0},"end":{"line":278,"column":null}},"type":"if","locations":[{"start":{"line":271,"column":0},"end":{"line":278,"column":null}},{"start":{"line":271,"column":0},"end":{"line":278,"column":null}}]},"2":{"loc":{"start":{"line":310,"column":0},"end":{"line":315,"column":null}},"type":"if","locations":[{"start":{"line":310,"column":0},"end":{"line":315,"column":null}},{"start":{"line":310,"column":0},"end":{"line":315,"column":null}}]},"3":{"loc":{"start":{"line":320,"column":0},"end":{"line":344,"column":null}},"type":"if","locations":[{"start":{"line":320,"column":0},"end":{"line":344,"column":null}},{"start":{"line":320,"column":0},"end":{"line":344,"column":null}}]},"4":{"loc":{"start":{"line":321,"column":0},"end":{"line":326,"column":null}},"type":"if","locations":[{"start":{"line":321,"column":0},"end":{"line":326,"column":null}},{"start":{"line":321,"column":0},"end":{"line":326,"column":null}}]},"5":{"loc":{"start":{"line":324,"column":0},"end":{"line":326,"column":null}},"type":"if","locations":[{"start":{"line":324,"column":0},"end":{"line":326,"column":null}},{"start":{"line":324,"column":0},"end":{"line":326,"column":null}}]},"6":{"loc":{"start":{"line":328,"column":0},"end":{"line":343,"column":null}},"type":"if","locations":[{"start":{"line":328,"column":0},"end":{"line":343,"column":null}},{"start":{"line":328,"column":0},"end":{"line":343,"column":null}}]},"7":{"loc":{"start":{"line":331,"column":0},"end":{"line":333,"column":null}},"type":"if","locations":[{"start":{"line":331,"column":0},"end":{"line":333,"column":null}},{"start":{"line":331,"column":0},"end":{"line":333,"column":null}}]},"8":{"loc":{"start":{"line":334,"column":0},"end":{"line":343,"column":null}},"type":"if","locations":[{"start":{"line":334,"column":0},"end":{"line":343,"column":null}},{"start":{"line":334,"column":0},"end":{"line":343,"column":null}}]},"9":{"loc":{"start":{"line":336,"column":0},"end":{"line":338,"column":null}},"type":"if","locations":[{"start":{"line":336,"column":0},"end":{"line":338,"column":null}},{"start":{"line":336,"column":0},"end":{"line":338,"column":null}}]},"10":{"loc":{"start":{"line":378,"column":0},"end":{"line":417,"column":null}},"type":"if","locations":[{"start":{"line":378,"column":0},"end":{"line":417,"column":null}},{"start":{"line":378,"column":0},"end":{"line":417,"column":null}}]},"11":{"loc":{"start":{"line":392,"column":0},"end":{"line":415,"column":null}},"type":"if","locations":[{"start":{"line":392,"column":0},"end":{"line":415,"column":null}},{"start":{"line":392,"column":0},"end":{"line":415,"column":null}}]},"12":{"loc":{"start":{"line":404,"column":0},"end":{"line":413,"column":null}},"type":"if","locations":[{"start":{"line":404,"column":0},"end":{"line":413,"column":null}},{"start":{"line":404,"column":0},"end":{"line":413,"column":null}}]},"13":{"loc":{"start":{"line":409,"column":0},"end":{"line":411,"column":null}},"type":"if","locations":[{"start":{"line":409,"column":0},"end":{"line":411,"column":null}},{"start":{"line":409,"column":0},"end":{"line":411,"column":null}}]},"14":{"loc":{"start":{"line":430,"column":0},"end":{"line":453,"column":null}},"type":"if","locations":[{"start":{"line":430,"column":0},"end":{"line":453,"column":null}},{"start":{"line":430,"column":0},"end":{"line":453,"column":null}}]},"15":{"loc":{"start":{"line":442,"column":0},"end":{"line":451,"column":null}},"type":"if","locations":[{"start":{"line":442,"column":0},"end":{"line":451,"column":null}},{"start":{"line":442,"column":0},"end":{"line":451,"column":null}}]},"16":{"loc":{"start":{"line":447,"column":0},"end":{"line":449,"column":null}},"type":"if","locations":[{"start":{"line":447,"column":0},"end":{"line":449,"column":null}},{"start":{"line":447,"column":0},"end":{"line":449,"column":null}}]},"17":{"loc":{"start":{"line":457,"column":0},"end":{"line":484,"column":null}},"type":"if","locations":[{"start":{"line":457,"column":0},"end":{"line":484,"column":null}},{"start":{"line":457,"column":0},"end":{"line":484,"column":null}}]},"18":{"loc":{"start":{"line":457,"column":0},"end":{"line":457,"column":null}},"type":"binary-expr","locations":[{"start":{"line":457,"column":0},"end":{"line":457,"column":null}},{"start":{"line":457,"column":0},"end":{"line":457,"column":null}}]},"19":{"loc":{"start":{"line":488,"column":0},"end":{"line":585,"column":null}},"type":"if","locations":[{"start":{"line":488,"column":0},"end":{"line":585,"column":null}},{"start":{"line":488,"column":0},"end":{"line":585,"column":null}}]},"20":{"loc":{"start":{"line":489,"column":0},"end":{"line":534,"column":null}},"type":"if","locations":[{"start":{"line":489,"column":0},"end":{"line":534,"column":null}},{"start":{"line":489,"column":0},"end":{"line":534,"column":null}}]},"21":{"loc":{"start":{"line":505,"column":0},"end":{"line":530,"column":null}},"type":"if","locations":[{"start":{"line":505,"column":0},"end":{"line":530,"column":null}},{"start":{"line":505,"column":0},"end":{"line":530,"column":null}}]},"22":{"loc":{"start":{"line":510,"column":0},"end":{"line":530,"column":null}},"type":"if","locations":[{"start":{"line":510,"column":0},"end":{"line":530,"column":null}},{"start":{"line":510,"column":0},"end":{"line":530,"column":null}}]},"23":{"loc":{"start":{"line":515,"column":0},"end":{"line":530,"column":null}},"type":"if","locations":[{"start":{"line":515,"column":0},"end":{"line":530,"column":null}},{"start":{"line":515,"column":0},"end":{"line":530,"column":null}}]},"24":{"loc":{"start":{"line":520,"column":0},"end":{"line":522,"column":null}},"type":"if","locations":[{"start":{"line":520,"column":0},"end":{"line":522,"column":null}},{"start":{"line":520,"column":0},"end":{"line":522,"column":null}}]},"25":{"loc":{"start":{"line":524,"column":0},"end":{"line":530,"column":null}},"type":"if","locations":[{"start":{"line":524,"column":0},"end":{"line":530,"column":null}},{"start":{"line":524,"column":0},"end":{"line":530,"column":null}}]},"26":{"loc":{"start":{"line":535,"column":0},"end":{"line":585,"column":null}},"type":"if","locations":[{"start":{"line":535,"column":0},"end":{"line":585,"column":null}},{"start":{"line":535,"column":0},"end":{"line":585,"column":null}}]},"27":{"loc":{"start":{"line":540,"column":0},"end":{"line":584,"column":null}},"type":"if","locations":[{"start":{"line":540,"column":0},"end":{"line":584,"column":null}},{"start":{"line":540,"column":0},"end":{"line":584,"column":null}}]},"28":{"loc":{"start":{"line":560,"column":0},"end":{"line":579,"column":null}},"type":"if","locations":[{"start":{"line":560,"column":0},"end":{"line":579,"column":null}},{"start":{"line":560,"column":0},"end":{"line":579,"column":null}}]},"29":{"loc":{"start":{"line":565,"column":0},"end":{"line":579,"column":null}},"type":"if","locations":[{"start":{"line":565,"column":0},"end":{"line":579,"column":null}},{"start":{"line":565,"column":0},"end":{"line":579,"column":null}}]},"30":{"loc":{"start":{"line":570,"column":0},"end":{"line":572,"column":null}},"type":"if","locations":[{"start":{"line":570,"column":0},"end":{"line":572,"column":null}},{"start":{"line":570,"column":0},"end":{"line":572,"column":null}}]},"31":{"loc":{"start":{"line":574,"column":0},"end":{"line":579,"column":null}},"type":"if","locations":[{"start":{"line":574,"column":0},"end":{"line":579,"column":null}},{"start":{"line":574,"column":0},"end":{"line":579,"column":null}}]},"32":{"loc":{"start":{"line":591,"column":0},"end":{"line":595,"column":null}},"type":"if","locations":[{"start":{"line":591,"column":0},"end":{"line":595,"column":null}},{"start":{"line":591,"column":0},"end":{"line":595,"column":null}}]}},"s":{"0":0,"1":0,"2":0,"3":0,"4":0,"5":0,"6":0,"7":0,"8":0,"9":0,"10":0,"11":0,"12":0,"13":0,"14":0,"15":0,"16":0,"17":0,"18":0,"19":0,"20":0,"21":0,"22":0,"23":0,"24":0,"25":0,"26":0,"27":0,"28":0,"29":0,"30":0,"31":0,"32":0,"33":0,"34":0,"35":0,"36":0,"37":0,"38":0,"39":0,"40":0,"41":0,"42":0,"43":0,"44":0,"45":0,"46":0,"47":0,"48":0,"49":0,"50":0,"51":0,"52":0,"53":0,"54":0,"55":0,"56":0,"57":0,"58":0,"59":0,"60":0,"61":0,"62":0,"63":0,"64":0,"65":0,"66":0,"67":0,"68":0,"69":0,"70":0,"71":0,"72":0,"73":0,"74":0,"75":0,"76":0,"77":0,"78":0,"79":0,"80":0,"81":0,"82":0,"83":0,"84":0,"85":0,"86":0,"87":0,"88":0,"89":0,"90":0,"91":0,"92":0,"93":0,"94":0,"95":0,"96":0,"97":0,"98":0,"99":0,"100":0,"101":0,"102":0,"103":0,"104":0,"105":0,"106":0,"107":0,"108":0,"109":0,"110":0,"111":0,"112":0,"113":0,"114":0,"115":0,"116":0,"117":0,"118":0,"119":0,"120":0,"121":0},"f":{"0":0,"1":0,"2":0,"3":0,"4":0,"5":0,"6":0,"7":0,"8":0,"9":0,"10":0,"11":0,"12":0,"13":0,"14":0,"15":0,"16":0,"17":0,"18":0,"19":0,"20":0,"21":0,"22":0,"23":0,"24":0,"25":0,"26":0},"b":{"0":[0,0],"1":[0,0],"2":[0,0],"3":[0,0],"4":[0,0],"5":[0,0],"6":[0,0],"7":[0,0],"8":[0,0],"9":[0,0],"10":[0,0],"11":[0,0],"12":[0,0],"13":[0,0],"14":[0,0],"15":[0,0],"16":[0,0],"17":[0,0],"18":[0,0],"19":[0,0],"20":[0,0],"21":[0,0],"22":[0,0],"23":[0,0],"24":[0,0],"25":[0,0],"26":[0,0],"27":[0,0],"28":[0,0],"29":[0,0],"30":[0,0],"31":[0,0],"32":[0,0]}}
,"/home/ashishiyer9/Portal Project/chatbot-vue/src/Chatbot/Dashboard/AddQuestions.vue": {"path":"/home/ashishiyer9/Portal Project/chatbot-vue/src/Chatbot/Dashboard/AddQuestions.vue","statementMap":{"0":{"start":{"line":355,"column":0},"end":{"line":355,"column":null}},"1":{"start":{"line":356,"column":0},"end":{"line":356,"column":null}},"2":{"start":{"line":358,"column":0},"end":{"line":358,"column":null}},"3":{"start":{"line":359,"column":0},"end":{"line":359,"column":null}},"4":{"start":{"line":362,"column":0},"end":{"line":362,"column":null}},"5":{"start":{"line":385,"column":0},"end":{"line":385,"column":null}},"6":{"start":{"line":386,"column":0},"end":{"line":402,"column":null}},"7":{"start":{"line":390,"column":0},"end":{"line":390,"column":null}},"8":{"start":{"line":391,"column":0},"end":{"line":402,"column":null}},"9":{"start":{"line":392,"column":0},"end":{"line":398,"column":null}},"10":{"start":{"line":393,"column":0},"end":{"line":393,"column":null}},"11":{"start":{"line":394,"column":0},"end":{"line":394,"column":null}},"12":{"start":{"line":396,"column":0},"end":{"line":396,"column":null}},"13":{"start":{"line":397,"column":0},"end":{"line":397,"column":null}},"14":{"start":{"line":400,"column":0},"end":{"line":400,"column":null}},"15":{"start":{"line":401,"column":0},"end":{"line":401,"column":null}},"16":{"start":{"line":403,"column":0},"end":{"line":416,"column":null}},"17":{"start":{"line":415,"column":0},"end":{"line":415,"column":null}},"18":{"start":{"line":417,"column":0},"end":{"line":419,"column":null}},"19":{"start":{"line":418,"column":0},"end":{"line":418,"column":null}},"20":{"start":{"line":420,"column":0},"end":{"line":433,"column":null}},"21":{"start":{"line":431,"column":0},"end":{"line":431,"column":null}},"22":{"start":{"line":432,"column":0},"end":{"line":432,"column":null}},"23":{"start":{"line":436,"column":0},"end":{"line":436,"column":null}},"24":{"start":{"line":437,"column":0},"end":{"line":445,"column":null}},"25":{"start":{"line":438,"column":0},"end":{"line":444,"column":null}},"26":{"start":{"line":440,"column":0},"end":{"line":440,"column":null}},"27":{"start":{"line":442,"column":0},"end":{"line":442,"column":null}},"28":{"start":{"line":443,"column":0},"end":{"line":443,"column":null}},"29":{"start":{"line":446,"column":0},"end":{"line":446,"column":null}},"30":{"start":{"line":447,"column":0},"end":{"line":447,"column":null}},"31":{"start":{"line":448,"column":0},"end":{"line":450,"column":null}},"32":{"start":{"line":449,"column":0},"end":{"line":449,"column":null}},"33":{"start":{"line":453,"column":0},"end":{"line":453,"column":null}},"34":{"start":{"line":454,"column":0},"end":{"line":454,"column":null}},"35":{"start":{"line":455,"column":0},"end":{"line":455,"column":null}},"36":{"start":{"line":456,"column":0},"end":{"line":482,"column":null}},"37":{"start":{"line":469,"column":0},"end":{"line":469,"column":null}},"38":{"start":{"line":474,"column":0},"end":{"line":474,"column":null}},"39":{"start":{"line":475,"column":0},"end":{"line":475,"column":null}},"40":{"start":{"line":476,"column":0},"end":{"line":476,"column":null}},"41":{"start":{"line":477,"column":0},"end":{"line":477,"column":null}},"42":{"start":{"line":478,"column":0},"end":{"line":478,"column":null}},"43":{"start":{"line":479,"column":0},"end":{"line":479,"column":null}},"44":{"start":{"line":480,"column":0},"end":{"line":480,"column":null}},"45":{"start":{"line":481,"column":0},"end":{"line":481,"column":null}},"46":{"start":{"line":485,"column":0},"end":{"line":485,"column":null}},"47":{"start":{"line":486,"column":0},"end":{"line":486,"column":null}},"48":{"start":{"line":487,"column":0},"end":{"line":496,"column":null}},"49":{"start":{"line":488,"column":0},"end":{"line":488,"column":null}},"50":{"start":{"line":493,"column":0},"end":{"line":493,"column":null}},"51":{"start":{"line":495,"column":0},"end":{"line":495,"column":null}},"52":{"start":{"line":501,"column":0},"end":{"line":501,"column":null}},"53":{"start":{"line":502,"column":0},"end":{"line":502,"column":null}},"54":{"start":{"line":503,"column":0},"end":{"line":503,"column":null}},"55":{"start":{"line":510,"column":0},"end":{"line":510,"column":null}},"56":{"start":{"line":511,"column":0},"end":{"line":511,"column":null}},"57":{"start":{"line":514,"column":0},"end":{"line":536,"column":null}},"58":{"start":{"line":516,"column":0},"end":{"line":516,"column":null}},"59":{"start":{"line":517,"column":0},"end":{"line":517,"column":null}},"60":{"start":{"line":522,"column":0},"end":{"line":522,"column":null}},"61":{"start":{"line":523,"column":0},"end":{"line":535,"column":null}},"62":{"start":{"line":524,"column":0},"end":{"line":533,"column":null}},"63":{"start":{"line":525,"column":0},"end":{"line":525,"column":null}},"64":{"start":{"line":530,"column":0},"end":{"line":532,"column":null}},"65":{"start":{"line":531,"column":0},"end":{"line":531,"column":null}},"66":{"start":{"line":534,"column":0},"end":{"line":534,"column":null}},"67":{"start":{"line":540,"column":0},"end":{"line":565,"column":null}},"68":{"start":{"line":541,"column":0},"end":{"line":545,"column":null}},"69":{"start":{"line":542,"column":0},"end":{"line":542,"column":null}},"70":{"start":{"line":543,"column":0},"end":{"line":545,"column":null}},"71":{"start":{"line":544,"column":0},"end":{"line":544,"column":null}},"72":{"start":{"line":547,"column":0},"end":{"line":564,"column":null}},"73":{"start":{"line":548,"column":0},"end":{"line":548,"column":null}},"74":{"start":{"line":551,"column":0},"end":{"line":551,"column":null}},"75":{"start":{"line":552,"column":0},"end":{"line":554,"column":null}},"76":{"start":{"line":553,"column":0},"end":{"line":553,"column":null}},"77":{"start":{"line":555,"column":0},"end":{"line":564,"column":null}},"78":{"start":{"line":556,"column":0},"end":{"line":556,"column":null}},"79":{"start":{"line":557,"column":0},"end":{"line":559,"column":null}},"80":{"start":{"line":558,"column":0},"end":{"line":558,"column":null}},"81":{"start":{"line":560,"column":0},"end":{"line":562,"column":null}},"82":{"start":{"line":561,"column":0},"end":{"line":561,"column":null}},"83":{"start":{"line":563,"column":0},"end":{"line":563,"column":null}},"84":{"start":{"line":568,"column":0},"end":{"line":568,"column":null}},"85":{"start":{"line":569,"column":0},"end":{"line":582,"column":null}},"86":{"start":{"line":571,"column":0},"end":{"line":571,"column":null}},"87":{"start":{"line":575,"column":0},"end":{"line":580,"column":null}},"88":{"start":{"line":576,"column":0},"end":{"line":576,"column":null}},"89":{"start":{"line":577,"column":0},"end":{"line":577,"column":null}},"90":{"start":{"line":578,"column":0},"end":{"line":578,"column":null}},"91":{"start":{"line":579,"column":0},"end":{"line":579,"column":null}},"92":{"start":{"line":581,"column":0},"end":{"line":581,"column":null}},"93":{"start":{"line":585,"column":0},"end":{"line":585,"column":null}},"94":{"start":{"line":589,"column":0},"end":{"line":589,"column":null}},"95":{"start":{"line":590,"column":0},"end":{"line":590,"column":null}},"96":{"start":{"line":591,"column":0},"end":{"line":591,"column":null}},"97":{"start":{"line":592,"column":0},"end":{"line":592,"column":null}},"98":{"start":{"line":593,"column":0},"end":{"line":593,"column":null}},"99":{"start":{"line":596,"column":0},"end":{"line":596,"column":null}},"100":{"start":{"line":597,"column":0},"end":{"line":597,"column":null}},"101":{"start":{"line":598,"column":0},"end":{"line":598,"column":null}},"102":{"start":{"line":599,"column":0},"end":{"line":599,"column":null}},"103":{"start":{"line":600,"column":0},"end":{"line":600,"column":null}},"104":{"start":{"line":601,"column":0},"end":{"line":601,"column":null}},"105":{"start":{"line":603,"column":0},"end":{"line":603,"column":null}},"106":{"start":{"line":604,"column":0},"end":{"line":604,"column":null}},"107":{"start":{"line":605,"column":0},"end":{"line":627,"column":null}},"108":{"start":{"line":606,"column":0},"end":{"line":622,"column":null}},"109":{"start":{"line":619,"column":0},"end":{"line":621,"column":null}},"110":{"start":{"line":620,"column":0},"end":{"line":620,"column":null}},"111":{"start":{"line":624,"column":0},"end":{"line":624,"column":null}},"112":{"start":{"line":629,"column":0},"end":{"line":629,"column":null}},"113":{"start":{"line":630,"column":0},"end":{"line":665,"column":null}},"114":{"start":{"line":639,"column":0},"end":{"line":664,"column":null}},"115":{"start":{"line":640,"column":0},"end":{"line":663,"column":null}},"116":{"start":{"line":654,"column":0},"end":{"line":662,"column":null}},"117":{"start":{"line":655,"column":0},"end":{"line":655,"column":null}},"118":{"start":{"line":656,"column":0},"end":{"line":656,"column":null}},"119":{"start":{"line":657,"column":0},"end":{"line":659,"column":null}},"120":{"start":{"line":658,"column":0},"end":{"line":658,"column":null}},"121":{"start":{"line":661,"column":0},"end":{"line":661,"column":null}},"122":{"start":{"line":668,"column":0},"end":{"line":668,"column":null}},"123":{"start":{"line":669,"column":0},"end":{"line":669,"column":null}},"124":{"start":{"line":670,"column":0},"end":{"line":670,"column":null}},"125":{"start":{"line":676,"column":0},"end":{"line":699,"column":null}},"126":{"start":{"line":677,"column":0},"end":{"line":677,"column":null}},"127":{"start":{"line":678,"column":0},"end":{"line":678,"column":null}},"128":{"start":{"line":679,"column":0},"end":{"line":679,"column":null}},"129":{"start":{"line":680,"column":0},"end":{"line":680,"column":null}},"130":{"start":{"line":682,"column":0},"end":{"line":689,"column":null}},"131":{"start":{"line":683,"column":0},"end":{"line":683,"column":null}},"132":{"start":{"line":690,"column":0},"end":{"line":698,"column":null}},"133":{"start":{"line":691,"column":0},"end":{"line":691,"column":null}},"134":{"start":{"line":702,"column":0},"end":{"line":702,"column":null}},"135":{"start":{"line":703,"column":0},"end":{"line":703,"column":null}},"136":{"start":{"line":704,"column":0},"end":{"line":704,"column":null}},"137":{"start":{"line":705,"column":0},"end":{"line":705,"column":null}},"138":{"start":{"line":706,"column":0},"end":{"line":706,"column":null}},"139":{"start":{"line":708,"column":0},"end":{"line":708,"column":null}},"140":{"start":{"line":709,"column":0},"end":{"line":709,"column":null}},"141":{"start":{"line":710,"column":0},"end":{"line":811,"column":null}},"142":{"start":{"line":711,"column":0},"end":{"line":774,"column":null}},"143":{"start":{"line":712,"column":0},"end":{"line":712,"column":null}},"144":{"start":{"line":713,"column":0},"end":{"line":774,"column":null}},"145":{"start":{"line":714,"column":0},"end":{"line":714,"column":null}},"146":{"start":{"line":715,"column":0},"end":{"line":774,"column":null}},"147":{"start":{"line":716,"column":0},"end":{"line":716,"column":null}},"148":{"start":{"line":717,"column":0},"end":{"line":774,"column":null}},"149":{"start":{"line":718,"column":0},"end":{"line":718,"column":null}},"150":{"start":{"line":720,"column":0},"end":{"line":769,"column":null}},"151":{"start":{"line":734,"column":0},"end":{"line":734,"column":null}},"152":{"start":{"line":735,"column":0},"end":{"line":768,"column":null}},"153":{"start":{"line":736,"column":0},"end":{"line":736,"column":null}},"154":{"start":{"line":741,"column":0},"end":{"line":743,"column":null}},"155":{"start":{"line":742,"column":0},"end":{"line":742,"column":null}},"156":{"start":{"line":744,"column":0},"end":{"line":768,"column":null}},"157":{"start":{"line":745,"column":0},"end":{"line":745,"column":null}},"158":{"start":{"line":750,"column":0},"end":{"line":768,"column":null}},"159":{"start":{"line":754,"column":0},"end":{"line":754,"column":null}},"160":{"start":{"line":759,"column":0},"end":{"line":768,"column":null}},"161":{"start":{"line":763,"column":0},"end":{"line":763,"column":null}},"162":{"start":{"line":770,"column":0},"end":{"line":770,"column":null}},"163":{"start":{"line":771,"column":0},"end":{"line":771,"column":null}},"164":{"start":{"line":772,"column":0},"end":{"line":772,"column":null}},"165":{"start":{"line":773,"column":0},"end":{"line":773,"column":null}},"166":{"start":{"line":775,"column":0},"end":{"line":811,"column":null}},"167":{"start":{"line":776,"column":0},"end":{"line":810,"column":null}},"168":{"start":{"line":777,"column":0},"end":{"line":777,"column":null}},"169":{"start":{"line":778,"column":0},"end":{"line":810,"column":null}},"170":{"start":{"line":779,"column":0},"end":{"line":779,"column":null}},"171":{"start":{"line":780,"column":0},"end":{"line":810,"column":null}},"172":{"start":{"line":781,"column":0},"end":{"line":781,"column":null}},"173":{"start":{"line":782,"column":0},"end":{"line":810,"column":null}},"174":{"start":{"line":783,"column":0},"end":{"line":783,"column":null}},"175":{"start":{"line":785,"column":0},"end":{"line":809,"column":null}},"176":{"start":{"line":800,"column":0},"end":{"line":808,"column":null}},"177":{"start":{"line":801,"column":0},"end":{"line":801,"column":null}},"178":{"start":{"line":802,"column":0},"end":{"line":805,"column":null}},"179":{"start":{"line":803,"column":0},"end":{"line":803,"column":null}},"180":{"start":{"line":804,"column":0},"end":{"line":804,"column":null}},"181":{"start":{"line":807,"column":0},"end":{"line":807,"column":null}},"182":{"start":{"line":814,"column":0},"end":{"line":818,"column":null}},"183":{"start":{"line":815,"column":0},"end":{"line":815,"column":null}},"184":{"start":{"line":817,"column":0},"end":{"line":817,"column":null}},"185":{"start":{"line":820,"column":0},"end":{"line":820,"column":null}},"186":{"start":{"line":821,"column":0},"end":{"line":840,"column":null}},"187":{"start":{"line":822,"column":0},"end":{"line":822,"column":null}},"188":{"start":{"line":824,"column":0},"end":{"line":824,"column":null}},"189":{"start":{"line":825,"column":0},"end":{"line":825,"column":null}},"190":{"start":{"line":826,"column":0},"end":{"line":839,"column":null}},"191":{"start":{"line":838,"column":0},"end":{"line":838,"column":null}}},"fnMap":{"0":{"name":"data","decl":{"start":{"line":361,"column":0},"end":{"line":361,"column":null}},"loc":{"start":{"line":361,"column":0},"end":{"line":384,"column":null}}},"1":{"name":"created","decl":{"start":{"line":385,"column":0},"end":{"line":385,"column":null}},"loc":{"start":{"line":385,"column":0},"end":{"line":434,"column":null}}},"2":{"name":"(anonymous_4)","decl":{"start":{"line":404,"column":0},"end":{"line":404,"column":null}},"loc":{"start":{"line":404,"column":0},"end":{"line":416,"column":null}}},"3":{"name":"(anonymous_5)","decl":{"start":{"line":417,"column":0},"end":{"line":417,"column":null}},"loc":{"start":{"line":417,"column":0},"end":{"line":419,"column":null}}},"4":{"name":"(anonymous_6)","decl":{"start":{"line":421,"column":0},"end":{"line":421,"column":null}},"loc":{"start":{"line":421,"column":0},"end":{"line":433,"column":null}}},"5":{"name":"mounted","decl":{"start":{"line":435,"column":0},"end":{"line":435,"column":null}},"loc":{"start":{"line":435,"column":0},"end":{"line":451,"column":null}}},"6":{"name":"(anonymous_8)","decl":{"start":{"line":437,"column":0},"end":{"line":437,"column":null}},"loc":{"start":{"line":437,"column":0},"end":{"line":445,"column":null}}},"7":{"name":"(anonymous_9)","decl":{"start":{"line":448,"column":0},"end":{"line":448,"column":null}},"loc":{"start":{"line":448,"column":0},"end":{"line":450,"column":null}}},"8":{"name":"download_sample_file","decl":{"start":{"line":453,"column":0},"end":{"line":453,"column":null}},"loc":{"start":{"line":453,"column":0},"end":{"line":483,"column":null}}},"9":{"name":"(anonymous_11)","decl":{"start":{"line":456,"column":0},"end":{"line":456,"column":null}},"loc":{"start":{"line":456,"column":0},"end":{"line":482,"column":null}}},"10":{"name":"fileinput","decl":{"start":{"line":484,"column":0},"end":{"line":484,"column":null}},"loc":{"start":{"line":484,"column":0},"end":{"line":500,"column":null}}},"11":{"name":"file_submit","decl":{"start":{"line":501,"column":0},"end":{"line":501,"column":null}},"loc":{"start":{"line":501,"column":0},"end":{"line":537,"column":null}}},"12":{"name":"(anonymous_14)","decl":{"start":{"line":523,"column":0},"end":{"line":523,"column":null}},"loc":{"start":{"line":523,"column":0},"end":{"line":535,"column":null}}},"13":{"name":"(anonymous_15)","decl":{"start":{"line":530,"column":0},"end":{"line":530,"column":null}},"loc":{"start":{"line":530,"column":0},"end":{"line":532,"column":null}}},"14":{"name":"selected_questions","decl":{"start":{"line":539,"column":0},"end":{"line":539,"column":null}},"loc":{"start":{"line":539,"column":0},"end":{"line":566,"column":null}}},"15":{"name":"(anonymous_17)","decl":{"start":{"line":560,"column":0},"end":{"line":560,"column":null}},"loc":{"start":{"line":560,"column":0},"end":{"line":562,"column":null}}},"16":{"name":"delete_selected","decl":{"start":{"line":567,"column":0},"end":{"line":567,"column":null}},"loc":{"start":{"line":567,"column":0},"end":{"line":583,"column":null}}},"17":{"name":"delete_question","decl":{"start":{"line":584,"column":0},"end":{"line":584,"column":null}},"loc":{"start":{"line":584,"column":0},"end":{"line":594,"column":null}}},"18":{"name":"empty_variable","decl":{"start":{"line":595,"column":0},"end":{"line":595,"column":null}},"loc":{"start":{"line":595,"column":0},"end":{"line":602,"column":null}}},"19":{"name":"notify_superadmin","decl":{"start":{"line":603,"column":0},"end":{"line":603,"column":null}},"loc":{"start":{"line":603,"column":0},"end":{"line":628,"column":null}}},"20":{"name":"(anonymous_22)","decl":{"start":{"line":607,"column":0},"end":{"line":607,"column":null}},"loc":{"start":{"line":607,"column":0},"end":{"line":622,"column":null}}},"21":{"name":"delete_qns_api","decl":{"start":{"line":629,"column":0},"end":{"line":629,"column":null}},"loc":{"start":{"line":629,"column":0},"end":{"line":666,"column":null}}},"22":{"name":"(anonymous_24)","decl":{"start":{"line":630,"column":0},"end":{"line":630,"column":null}},"loc":{"start":{"line":630,"column":0},"end":{"line":665,"column":null}}},"23":{"name":"(anonymous_25)","decl":{"start":{"line":641,"column":0},"end":{"line":641,"column":null}},"loc":{"start":{"line":641,"column":0},"end":{"line":663,"column":null}}},"24":{"name":"(anonymous_26)","decl":{"start":{"line":657,"column":0},"end":{"line":657,"column":null}},"loc":{"start":{"line":657,"column":0},"end":{"line":659,"column":null}}},"25":{"name":"update_qns","decl":{"start":{"line":667,"column":0},"end":{"line":667,"column":null}},"loc":{"start":{"line":667,"column":0},"end":{"line":700,"column":null}}},"26":{"name":"edit_question","decl":{"start":{"line":701,"column":0},"end":{"line":701,"column":null}},"loc":{"start":{"line":701,"column":0},"end":{"line":707,"column":null}}},"27":{"name":"add_edit_question","decl":{"start":{"line":708,"column":0},"end":{"line":708,"column":null}},"loc":{"start":{"line":708,"column":0},"end":{"line":812,"column":null}}},"28":{"name":"(anonymous_30)","decl":{"start":{"line":721,"column":0},"end":{"line":721,"column":null}},"loc":{"start":{"line":721,"column":0},"end":{"line":769,"column":null}}},"29":{"name":"(anonymous_31)","decl":{"start":{"line":741,"column":0},"end":{"line":741,"column":null}},"loc":{"start":{"line":741,"column":0},"end":{"line":743,"column":null}}},"30":{"name":"(anonymous_32)","decl":{"start":{"line":786,"column":0},"end":{"line":786,"column":null}},"loc":{"start":{"line":786,"column":0},"end":{"line":809,"column":null}}},"31":{"name":"(anonymous_33)","decl":{"start":{"line":802,"column":0},"end":{"line":802,"column":null}},"loc":{"start":{"line":802,"column":0},"end":{"line":805,"column":null}}},"32":{"name":"pagination_class","decl":{"start":{"line":813,"column":0},"end":{"line":813,"column":null}},"loc":{"start":{"line":813,"column":0},"end":{"line":819,"column":null}}},"33":{"name":"page_require","decl":{"start":{"line":820,"column":0},"end":{"line":820,"column":null}},"loc":{"start":{"line":820,"column":0},"end":{"line":841,"column":null}}},"34":{"name":"(anonymous_36)","decl":{"start":{"line":827,"column":0},"end":{"line":827,"column":null}},"loc":{"start":{"line":827,"column":0},"end":{"line":839,"column":null}}}},"branchMap":{"0":{"loc":{"start":{"line":386,"column":0},"end":{"line":402,"column":null}},"type":"if","locations":[{"start":{"line":386,"column":0},"end":{"line":402,"column":null}},{"start":{"line":386,"column":0},"end":{"line":402,"column":null}}]},"1":{"loc":{"start":{"line":386,"column":0},"end":{"line":386,"column":null}},"type":"binary-expr","locations":[{"start":{"line":386,"column":0},"end":{"line":386,"column":null}},{"start":{"line":386,"column":0},"end":{"line":386,"column":null}}]},"2":{"loc":{"start":{"line":391,"column":0},"end":{"line":402,"column":null}},"type":"if","locations":[{"start":{"line":391,"column":0},"end":{"line":402,"column":null}},{"start":{"line":391,"column":0},"end":{"line":402,"column":null}}]},"3":{"loc":{"start":{"line":392,"column":0},"end":{"line":398,"column":null}},"type":"if","locations":[{"start":{"line":392,"column":0},"end":{"line":398,"column":null}},{"start":{"line":392,"column":0},"end":{"line":398,"column":null}}]},"4":{"loc":{"start":{"line":438,"column":0},"end":{"line":444,"column":null}},"type":"if","locations":[{"start":{"line":438,"column":0},"end":{"line":444,"column":null}},{"start":{"line":438,"column":0},"end":{"line":444,"column":null}}]},"5":{"loc":{"start":{"line":487,"column":0},"end":{"line":496,"column":null}},"type":"if","locations":[{"start":{"line":487,"column":0},"end":{"line":496,"column":null}},{"start":{"line":487,"column":0},"end":{"line":496,"column":null}}]},"6":{"loc":{"start":{"line":514,"column":0},"end":{"line":536,"column":null}},"type":"if","locations":[{"start":{"line":514,"column":0},"end":{"line":536,"column":null}},{"start":{"line":514,"column":0},"end":{"line":536,"column":null}}]},"7":{"loc":{"start":{"line":524,"column":0},"end":{"line":533,"column":null}},"type":"if","locations":[{"start":{"line":524,"column":0},"end":{"line":533,"column":null}},{"start":{"line":524,"column":0},"end":{"line":533,"column":null}}]},"8":{"loc":{"start":{"line":540,"column":0},"end":{"line":565,"column":null}},"type":"if","locations":[{"start":{"line":540,"column":0},"end":{"line":565,"column":null}},{"start":{"line":540,"column":0},"end":{"line":565,"column":null}}]},"9":{"loc":{"start":{"line":541,"column":0},"end":{"line":545,"column":null}},"type":"if","locations":[{"start":{"line":541,"column":0},"end":{"line":545,"column":null}},{"start":{"line":541,"column":0},"end":{"line":545,"column":null}}]},"10":{"loc":{"start":{"line":543,"column":0},"end":{"line":545,"column":null}},"type":"if","locations":[{"start":{"line":543,"column":0},"end":{"line":545,"column":null}},{"start":{"line":543,"column":0},"end":{"line":545,"column":null}}]},"11":{"loc":{"start":{"line":547,"column":0},"end":{"line":564,"column":null}},"type":"if","locations":[{"start":{"line":547,"column":0},"end":{"line":564,"column":null}},{"start":{"line":547,"column":0},"end":{"line":564,"column":null}}]},"12":{"loc":{"start":{"line":552,"column":0},"end":{"line":554,"column":null}},"type":"if","locations":[{"start":{"line":552,"column":0},"end":{"line":554,"column":null}},{"start":{"line":552,"column":0},"end":{"line":554,"column":null}}]},"13":{"loc":{"start":{"line":555,"column":0},"end":{"line":564,"column":null}},"type":"if","locations":[{"start":{"line":555,"column":0},"end":{"line":564,"column":null}},{"start":{"line":555,"column":0},"end":{"line":564,"column":null}}]},"14":{"loc":{"start":{"line":557,"column":0},"end":{"line":559,"column":null}},"type":"if","locations":[{"start":{"line":557,"column":0},"end":{"line":559,"column":null}},{"start":{"line":557,"column":0},"end":{"line":559,"column":null}}]},"15":{"loc":{"start":{"line":569,"column":0},"end":{"line":582,"column":null}},"type":"if","locations":[{"start":{"line":569,"column":0},"end":{"line":582,"column":null}},{"start":{"line":569,"column":0},"end":{"line":582,"column":null}}]},"16":{"loc":{"start":{"line":605,"column":0},"end":{"line":627,"column":null}},"type":"if","locations":[{"start":{"line":605,"column":0},"end":{"line":627,"column":null}},{"start":{"line":605,"column":0},"end":{"line":627,"column":null}}]},"17":{"loc":{"start":{"line":619,"column":0},"end":{"line":621,"column":null}},"type":"if","locations":[{"start":{"line":619,"column":0},"end":{"line":621,"column":null}},{"start":{"line":619,"column":0},"end":{"line":621,"column":null}}]},"18":{"loc":{"start":{"line":639,"column":0},"end":{"line":664,"column":null}},"type":"if","locations":[{"start":{"line":639,"column":0},"end":{"line":664,"column":null}},{"start":{"line":639,"column":0},"end":{"line":664,"column":null}}]},"19":{"loc":{"start":{"line":654,"column":0},"end":{"line":662,"column":null}},"type":"if","locations":[{"start":{"line":654,"column":0},"end":{"line":662,"column":null}},{"start":{"line":654,"column":0},"end":{"line":662,"column":null}}]},"20":{"loc":{"start":{"line":676,"column":0},"end":{"line":699,"column":null}},"type":"if","locations":[{"start":{"line":676,"column":0},"end":{"line":699,"column":null}},{"start":{"line":676,"column":0},"end":{"line":699,"column":null}}]},"21":{"loc":{"start":{"line":676,"column":0},"end":{"line":676,"column":null}},"type":"binary-expr","locations":[{"start":{"line":676,"column":0},"end":{"line":676,"column":null}},{"start":{"line":676,"column":0},"end":{"line":676,"column":null}}]},"22":{"loc":{"start":{"line":710,"column":0},"end":{"line":811,"column":null}},"type":"if","locations":[{"start":{"line":710,"column":0},"end":{"line":811,"column":null}},{"start":{"line":710,"column":0},"end":{"line":811,"column":null}}]},"23":{"loc":{"start":{"line":711,"column":0},"end":{"line":774,"column":null}},"type":"if","locations":[{"start":{"line":711,"column":0},"end":{"line":774,"column":null}},{"start":{"line":711,"column":0},"end":{"line":774,"column":null}}]},"24":{"loc":{"start":{"line":713,"column":0},"end":{"line":774,"column":null}},"type":"if","locations":[{"start":{"line":713,"column":0},"end":{"line":774,"column":null}},{"start":{"line":713,"column":0},"end":{"line":774,"column":null}}]},"25":{"loc":{"start":{"line":715,"column":0},"end":{"line":774,"column":null}},"type":"if","locations":[{"start":{"line":715,"column":0},"end":{"line":774,"column":null}},{"start":{"line":715,"column":0},"end":{"line":774,"column":null}}]},"26":{"loc":{"start":{"line":717,"column":0},"end":{"line":774,"column":null}},"type":"if","locations":[{"start":{"line":717,"column":0},"end":{"line":774,"column":null}},{"start":{"line":717,"column":0},"end":{"line":774,"column":null}}]},"27":{"loc":{"start":{"line":735,"column":0},"end":{"line":768,"column":null}},"type":"if","locations":[{"start":{"line":735,"column":0},"end":{"line":768,"column":null}},{"start":{"line":735,"column":0},"end":{"line":768,"column":null}}]},"28":{"loc":{"start":{"line":744,"column":0},"end":{"line":768,"column":null}},"type":"if","locations":[{"start":{"line":744,"column":0},"end":{"line":768,"column":null}},{"start":{"line":744,"column":0},"end":{"line":768,"column":null}}]},"29":{"loc":{"start":{"line":750,"column":0},"end":{"line":768,"column":null}},"type":"if","locations":[{"start":{"line":750,"column":0},"end":{"line":768,"column":null}},{"start":{"line":750,"column":0},"end":{"line":768,"column":null}}]},"30":{"loc":{"start":{"line":759,"column":0},"end":{"line":768,"column":null}},"type":"if","locations":[{"start":{"line":759,"column":0},"end":{"line":768,"column":null}},{"start":{"line":759,"column":0},"end":{"line":768,"column":null}}]},"31":{"loc":{"start":{"line":775,"column":0},"end":{"line":811,"column":null}},"type":"if","locations":[{"start":{"line":775,"column":0},"end":{"line":811,"column":null}},{"start":{"line":775,"column":0},"end":{"line":811,"column":null}}]},"32":{"loc":{"start":{"line":776,"column":0},"end":{"line":810,"column":null}},"type":"if","locations":[{"start":{"line":776,"column":0},"end":{"line":810,"column":null}},{"start":{"line":776,"column":0},"end":{"line":810,"column":null}}]},"33":{"loc":{"start":{"line":778,"column":0},"end":{"line":810,"column":null}},"type":"if","locations":[{"start":{"line":778,"column":0},"end":{"line":810,"column":null}},{"start":{"line":778,"column":0},"end":{"line":810,"column":null}}]},"34":{"loc":{"start":{"line":780,"column":0},"end":{"line":810,"column":null}},"type":"if","locations":[{"start":{"line":780,"column":0},"end":{"line":810,"column":null}},{"start":{"line":780,"column":0},"end":{"line":810,"column":null}}]},"35":{"loc":{"start":{"line":782,"column":0},"end":{"line":810,"column":null}},"type":"if","locations":[{"start":{"line":782,"column":0},"end":{"line":810,"column":null}},{"start":{"line":782,"column":0},"end":{"line":810,"column":null}}]},"36":{"loc":{"start":{"line":800,"column":0},"end":{"line":808,"column":null}},"type":"if","locations":[{"start":{"line":800,"column":0},"end":{"line":808,"column":null}},{"start":{"line":800,"column":0},"end":{"line":808,"column":null}}]},"37":{"loc":{"start":{"line":814,"column":0},"end":{"line":818,"column":null}},"type":"if","locations":[{"start":{"line":814,"column":0},"end":{"line":818,"column":null}},{"start":{"line":814,"column":0},"end":{"line":818,"column":null}}]},"38":{"loc":{"start":{"line":821,"column":0},"end":{"line":840,"column":null}},"type":"if","locations":[{"start":{"line":821,"column":0},"end":{"line":840,"column":null}},{"start":{"line":821,"column":0},"end":{"line":840,"column":null}}]},"39":{"loc":{"start":{"line":821,"column":0},"end":{"line":821,"column":null}},"type":"binary-expr","locations":[{"start":{"line":821,"column":0},"end":{"line":821,"column":null}},{"start":{"line":821,"column":0},"end":{"line":821,"column":null}}]}},"s":{"0":0,"1":0,"2":0,"3":0,"4":0,"5":0,"6":0,"7":0,"8":0,"9":0,"10":0,"11":0,"12":0,"13":0,"14":0,"15":0,"16":0,"17":0,"18":0,"19":0,"20":0,"21":0,"22":0,"23":0,"24":0,"25":0,"26":0,"27":0,"28":0,"29":0,"30":0,"31":0,"32":0,"33":0,"34":0,"35":0,"36":0,"37":0,"38":0,"39":0,"40":0,"41":0,"42":0,"43":0,"44":0,"45":0,"46":0,"47":0,"48":0,"49":0,"50":0,"51":0,"52":0,"53":0,"54":0,"55":0,"56":0,"57":0,"58":0,"59":0,"60":0,"61":0,"62":0,"63":0,"64":0,"65":0,"66":0,"67":0,"68":0,"69":0,"70":0,"71":0,"72":0,"73":0,"74":0,"75":0,"76":0,"77":0,"78":0,"79":0,"80":0,"81":0,"82":0,"83":0,"84":0,"85":0,"86":0,"87":0,"88":0,"89":0,"90":0,"91":0,"92":0,"93":0,"94":0,"95":0,"96":0,"97":0,"98":0,"99":0,"100":0,"101":0,"102":0,"103":0,"104":0,"105":0,"106":0,"107":0,"108":0,"109":0,"110":0,"111":0,"112":0,"113":0,"114":0,"115":0,"116":0,"117":0,"118":0,"119":0,"120":0,"121":0,"122":0,"123":0,"124":0,"125":0,"126":0,"127":0,"128":0,"129":0,"130":0,"131":0,"132":0,"133":0,"134":0,"135":0,"136":0,"137":0,"138":0,"139":0,"140":0,"141":0,"142":0,"143":0,"144":0,"145":0,"146":0,"147":0,"148":0,"149":0,"150":0,"151":0,"152":0,"153":0,"154":0,"155":0,"156":0,"157":0,"158":0,"159":0,"160":0,"161":0,"162":0,"163":0,"164":0,"165":0,"166":0,"167":0,"168":0,"169":0,"170":0,"171":0,"172":0,"173":0,"174":0,"175":0,"176":0,"177":0,"178":0,"179":0,"180":0,"181":0,"182":0,"183":0,"184":0,"185":0,"186":0,"187":0,"188":0,"189":0,"190":0,"191":0},"f":{"0":0,"1":0,"2":0,"3":0,"4":0,"5":0,"6":0,"7":0,"8":0,"9":0,"10":0,"11":0,"12":0,"13":0,"14":0,"15":0,"16":0,"17":0,"18":0,"19":0,"20":0,"21":0,"22":0,"23":0,"24":0,"25":0,"26":0,"27":0,"28":0,"29":0,"30":0,"31":0,"32":0,"33":0,"34":0},"b":{"0":[0,0],"1":[0,0],"2":[0,0],"3":[0,0],"4":[0,0],"5":[0,0],"6":[0,0],"7":[0,0],"8":[0,0],"9":[0,0],"10":[0,0],"11":[0,0],"12":[0,0],"13":[0,0],"14":[0,0],"15":[0,0],"16":[0,0],"17":[0,0],"18":[0,0],"19":[0,0],"20":[0,0],"21":[0,0],"22":[0,0],"23":[0,0],"24":[0,0],"25":[0,0],"26":[0,0],"27":[0,0],"28":[0,0],"29":[0,0],"30":[0,0],"31":[0,0],"32":[0,0],"33":[0,0],"34":[0,0],"35":[0,0],"36":[0,0],"37":[0,0],"38":[0,0],"39":[0,0]}}
,"/home/ashishiyer9/Portal Project/chatbot-vue/src/Chatbot/Dashboard/AddRole.vue": {"path":"/home/ashishiyer9/Portal Project/chatbot-vue/src/Chatbot/Dashboard/AddRole.vue","statementMap":{"0":{"start":{"line":245,"column":0},"end":{"line":245,"column":null}},"1":{"start":{"line":246,"column":0},"end":{"line":246,"column":null}},"2":{"start":{"line":247,"column":0},"end":{"line":247,"column":null}},"3":{"start":{"line":250,"column":0},"end":{"line":250,"column":null}},"4":{"start":{"line":263,"column":0},"end":{"line":263,"column":null}},"5":{"start":{"line":264,"column":0},"end":{"line":271,"column":null}},"6":{"start":{"line":265,"column":0},"end":{"line":270,"column":null}},"7":{"start":{"line":266,"column":0},"end":{"line":266,"column":null}},"8":{"start":{"line":268,"column":0},"end":{"line":268,"column":null}},"9":{"start":{"line":269,"column":0},"end":{"line":269,"column":null}},"10":{"start":{"line":273,"column":0},"end":{"line":273,"column":null}},"11":{"start":{"line":274,"column":0},"end":{"line":294,"column":null}},"12":{"start":{"line":284,"column":0},"end":{"line":284,"column":null}},"13":{"start":{"line":285,"column":0},"end":{"line":288,"column":null}},"14":{"start":{"line":285,"column":0},"end":{"line":285,"column":null}},"15":{"start":{"line":286,"column":0},"end":{"line":286,"column":null}},"16":{"start":{"line":287,"column":0},"end":{"line":287,"column":null}},"17":{"start":{"line":289,"column":0},"end":{"line":289,"column":null}},"18":{"start":{"line":290,"column":0},"end":{"line":293,"column":null}},"19":{"start":{"line":290,"column":0},"end":{"line":290,"column":null}},"20":{"start":{"line":291,"column":0},"end":{"line":291,"column":null}},"21":{"start":{"line":292,"column":0},"end":{"line":292,"column":null}},"22":{"start":{"line":298,"column":0},"end":{"line":318,"column":null}},"23":{"start":{"line":299,"column":0},"end":{"line":299,"column":null}},"24":{"start":{"line":300,"column":0},"end":{"line":302,"column":null}},"25":{"start":{"line":300,"column":0},"end":{"line":300,"column":null}},"26":{"start":{"line":301,"column":0},"end":{"line":301,"column":null}},"27":{"start":{"line":304,"column":0},"end":{"line":317,"column":null}},"28":{"start":{"line":305,"column":0},"end":{"line":307,"column":null}},"29":{"start":{"line":306,"column":0},"end":{"line":306,"column":null}},"30":{"start":{"line":308,"column":0},"end":{"line":317,"column":null}},"31":{"start":{"line":309,"column":0},"end":{"line":309,"column":null}},"32":{"start":{"line":310,"column":0},"end":{"line":312,"column":null}},"33":{"start":{"line":311,"column":0},"end":{"line":311,"column":null}},"34":{"start":{"line":313,"column":0},"end":{"line":315,"column":null}},"35":{"start":{"line":314,"column":0},"end":{"line":314,"column":null}},"36":{"start":{"line":316,"column":0},"end":{"line":316,"column":null}},"37":{"start":{"line":321,"column":0},"end":{"line":321,"column":null}},"38":{"start":{"line":322,"column":0},"end":{"line":322,"column":null}},"39":{"start":{"line":323,"column":0},"end":{"line":323,"column":null}},"40":{"start":{"line":324,"column":0},"end":{"line":324,"column":null}},"41":{"start":{"line":326,"column":0},"end":{"line":326,"column":null}},"42":{"start":{"line":327,"column":0},"end":{"line":327,"column":null}},"43":{"start":{"line":328,"column":0},"end":{"line":328,"column":null}},"44":{"start":{"line":330,"column":0},"end":{"line":371,"column":null}},"45":{"start":{"line":339,"column":0},"end":{"line":370,"column":null}},"46":{"start":{"line":340,"column":0},"end":{"line":369,"column":null}},"47":{"start":{"line":356,"column":0},"end":{"line":356,"column":null}},"48":{"start":{"line":357,"column":0},"end":{"line":357,"column":null}},"49":{"start":{"line":358,"column":0},"end":{"line":368,"column":null}},"50":{"start":{"line":359,"column":0},"end":{"line":359,"column":null}},"51":{"start":{"line":360,"column":0},"end":{"line":362,"column":null}},"52":{"start":{"line":361,"column":0},"end":{"line":361,"column":null}},"53":{"start":{"line":363,"column":0},"end":{"line":368,"column":null}},"54":{"start":{"line":364,"column":0},"end":{"line":364,"column":null}},"55":{"start":{"line":373,"column":0},"end":{"line":373,"column":null}},"56":{"start":{"line":374,"column":0},"end":{"line":374,"column":null}},"57":{"start":{"line":375,"column":0},"end":{"line":381,"column":null}},"58":{"start":{"line":375,"column":0},"end":{"line":375,"column":null}},"59":{"start":{"line":376,"column":0},"end":{"line":376,"column":null}},"60":{"start":{"line":377,"column":0},"end":{"line":377,"column":null}},"61":{"start":{"line":382,"column":0},"end":{"line":415,"column":null}},"62":{"start":{"line":391,"column":0},"end":{"line":414,"column":null}},"63":{"start":{"line":392,"column":0},"end":{"line":413,"column":null}},"64":{"start":{"line":403,"column":0},"end":{"line":412,"column":null}},"65":{"start":{"line":404,"column":0},"end":{"line":404,"column":null}},"66":{"start":{"line":409,"column":0},"end":{"line":411,"column":null}},"67":{"start":{"line":410,"column":0},"end":{"line":410,"column":null}},"68":{"start":{"line":417,"column":0},"end":{"line":417,"column":null}},"69":{"start":{"line":418,"column":0},"end":{"line":418,"column":null}},"70":{"start":{"line":419,"column":0},"end":{"line":510,"column":null}},"71":{"start":{"line":420,"column":0},"end":{"line":451,"column":null}},"72":{"start":{"line":421,"column":0},"end":{"line":421,"column":null}},"73":{"start":{"line":422,"column":0},"end":{"line":451,"column":null}},"74":{"start":{"line":423,"column":0},"end":{"line":423,"column":null}},"75":{"start":{"line":424,"column":0},"end":{"line":451,"column":null}},"76":{"start":{"line":425,"column":0},"end":{"line":425,"column":null}},"77":{"start":{"line":427,"column":0},"end":{"line":450,"column":null}},"78":{"start":{"line":441,"column":0},"end":{"line":449,"column":null}},"79":{"start":{"line":442,"column":0},"end":{"line":442,"column":null}},"80":{"start":{"line":443,"column":0},"end":{"line":443,"column":null}},"81":{"start":{"line":444,"column":0},"end":{"line":444,"column":null}},"82":{"start":{"line":445,"column":0},"end":{"line":445,"column":null}},"83":{"start":{"line":446,"column":0},"end":{"line":448,"column":null}},"84":{"start":{"line":447,"column":0},"end":{"line":447,"column":null}},"85":{"start":{"line":452,"column":0},"end":{"line":510,"column":null}},"86":{"start":{"line":453,"column":0},"end":{"line":453,"column":null}},"87":{"start":{"line":454,"column":0},"end":{"line":477,"column":null}},"88":{"start":{"line":467,"column":0},"end":{"line":467,"column":null}},"89":{"start":{"line":468,"column":0},"end":{"line":476,"column":null}},"90":{"start":{"line":469,"column":0},"end":{"line":469,"column":null}},"91":{"start":{"line":470,"column":0},"end":{"line":470,"column":null}},"92":{"start":{"line":471,"column":0},"end":{"line":471,"column":null}},"93":{"start":{"line":472,"column":0},"end":{"line":472,"column":null}},"94":{"start":{"line":473,"column":0},"end":{"line":475,"column":null}},"95":{"start":{"line":474,"column":0},"end":{"line":474,"column":null}},"96":{"start":{"line":478,"column":0},"end":{"line":510,"column":null}},"97":{"start":{"line":479,"column":0},"end":{"line":509,"column":null}},"98":{"start":{"line":480,"column":0},"end":{"line":480,"column":null}},"99":{"start":{"line":481,"column":0},"end":{"line":509,"column":null}},"100":{"start":{"line":482,"column":0},"end":{"line":482,"column":null}},"101":{"start":{"line":483,"column":0},"end":{"line":509,"column":null}},"102":{"start":{"line":484,"column":0},"end":{"line":484,"column":null}},"103":{"start":{"line":486,"column":0},"end":{"line":486,"column":null}},"104":{"start":{"line":487,"column":0},"end":{"line":508,"column":null}},"105":{"start":{"line":499,"column":0},"end":{"line":507,"column":null}},"106":{"start":{"line":500,"column":0},"end":{"line":500,"column":null}},"107":{"start":{"line":501,"column":0},"end":{"line":501,"column":null}},"108":{"start":{"line":502,"column":0},"end":{"line":502,"column":null}},"109":{"start":{"line":503,"column":0},"end":{"line":503,"column":null}},"110":{"start":{"line":504,"column":0},"end":{"line":506,"column":null}},"111":{"start":{"line":505,"column":0},"end":{"line":505,"column":null}}},"fnMap":{"0":{"name":"data","decl":{"start":{"line":249,"column":0},"end":{"line":249,"column":null}},"loc":{"start":{"line":249,"column":0},"end":{"line":261,"column":null}}},"1":{"name":"mounted","decl":{"start":{"line":262,"column":0},"end":{"line":262,"column":null}},"loc":{"start":{"line":262,"column":0},"end":{"line":272,"column":null}}},"2":{"name":"(anonymous_4)","decl":{"start":{"line":264,"column":0},"end":{"line":264,"column":null}},"loc":{"start":{"line":264,"column":0},"end":{"line":271,"column":null}}},"3":{"name":"created","decl":{"start":{"line":273,"column":0},"end":{"line":273,"column":null}},"loc":{"start":{"line":273,"column":0},"end":{"line":295,"column":null}}},"4":{"name":"(anonymous_6)","decl":{"start":{"line":275,"column":0},"end":{"line":275,"column":null}},"loc":{"start":{"line":275,"column":0},"end":{"line":294,"column":null}}},"5":{"name":"check_list_array","decl":{"start":{"line":297,"column":0},"end":{"line":297,"column":null}},"loc":{"start":{"line":297,"column":0},"end":{"line":319,"column":null}}},"6":{"name":"(anonymous_8)","decl":{"start":{"line":313,"column":0},"end":{"line":313,"column":null}},"loc":{"start":{"line":313,"column":0},"end":{"line":315,"column":null}}},"7":{"name":"edit_role","decl":{"start":{"line":320,"column":0},"end":{"line":320,"column":null}},"loc":{"start":{"line":320,"column":0},"end":{"line":325,"column":null}}},"8":{"name":"delete_role","decl":{"start":{"line":326,"column":0},"end":{"line":326,"column":null}},"loc":{"start":{"line":326,"column":0},"end":{"line":372,"column":null}}},"9":{"name":"(anonymous_11)","decl":{"start":{"line":330,"column":0},"end":{"line":330,"column":null}},"loc":{"start":{"line":330,"column":0},"end":{"line":371,"column":null}}},"10":{"name":"(anonymous_12)","decl":{"start":{"line":341,"column":0},"end":{"line":341,"column":null}},"loc":{"start":{"line":341,"column":0},"end":{"line":369,"column":null}}},"11":{"name":"(anonymous_13)","decl":{"start":{"line":360,"column":0},"end":{"line":360,"column":null}},"loc":{"start":{"line":360,"column":0},"end":{"line":362,"column":null}}},"12":{"name":"
[...]
5,"column":null}},"loc":{"start":{"line":115,"column":0},"end":{"line":119,"column":null}}},"3":{"name":"company_list_api","decl":{"start":{"line":121,"column":0},"end":{"line":121,"column":null}},"loc":{"start":{"line":121,"column":0},"end":{"line":132,"column":null}}},"4":{"name":"(anonymous_6)","decl":{"start":{"line":122,"column":0},"end":{"line":122,"column":null}},"loc":{"start":{"line":122,"column":0},"end":{"line":131,"column":null}}},"5":{"name":"toggleSidebar","decl":{"start":{"line":133,"column":0},"end":{"line":133,"column":null}},"loc":{"start":{"line":133,"column":0},"end":{"line":135,"column":null}}},"6":{"name":"minimizeSidebar","decl":{"start":{"line":136,"column":0},"end":{"line":136,"column":null}},"loc":{"start":{"line":136,"column":0},"end":{"line":140,"column":null}}},"7":{"name":"signout_api","decl":{"start":{"line":141,"column":0},"end":{"line":141,"column":null}},"loc":{"start":{"line":141,"column":0},"end":{"line":157,"column":null}}},"8":{"name":"(anonymous_10)","decl":{"start":{"line":142,"column":0},"end":{"line":142,"column":null}},"loc":{"start":{"line":142,"column":0},"end":{"line":156,"column":null}}}},"branchMap":{"0":{"loc":{"start":{"line":98,"column":0},"end":{"line":112,"column":null}},"type":"if","locations":[{"start":{"line":98,"column":0},"end":{"line":112,"column":null}},{"start":{"line":98,"column":0},"end":{"line":112,"column":null}}]},"1":{"loc":{"start":{"line":102,"column":0},"end":{"line":104,"column":null}},"type":"if","locations":[{"start":{"line":102,"column":0},"end":{"line":104,"column":null}},{"start":{"line":102,"column":0},"end":{"line":104,"column":null}}]},"2":{"loc":{"start":{"line":106,"column":0},"end":{"line":108,"column":null}},"type":"if","locations":[{"start":{"line":106,"column":0},"end":{"line":108,"column":null}},{"start":{"line":106,"column":0},"end":{"line":108,"column":null}}]},"3":{"loc":{"start":{"line":116,"column":0},"end":{"line":118,"column":null}},"type":"if","locations":[{"start":{"line":116,"column":0},"end":{"line":118,"column":null}},{"start":{"line":116,"column":0},"end":{"line":118,"column":null}}]},"4":{"loc":{"start":{"line":137,"column":0},"end":{"line":139,"column":null}},"type":"if","locations":[{"start":{"line":137,"column":0},"end":{"line":139,"column":null}},{"start":{"line":137,"column":0},"end":{"line":139,"column":null}}]},"5":{"loc":{"start":{"line":149,"column":0},"end":{"line":152,"column":null}},"type":"if","locations":[{"start":{"line":149,"column":0},"end":{"line":152,"column":null}},{"start":{"line":149,"column":0},"end":{"line":152,"column":null}}]}},"s":{"0":0,"1":0,"2":0,"3":0,"4":0,"5":0,"6":0,"7":0,"8":0,"9":0,"10":0,"11":0,"12":0,"13":0,"14":0,"15":0,"16":0,"17":0,"18":0,"19":0,"20":0,"21":0,"22":0,"23":0,"24":0,"25":0},"f":{"0":0,"1":0,"2":0,"3":0,"4":0,"5":0,"6":0,"7":0,"8":0},"b":{"0":[0,0],"1":[0,0],"2":[0,0],"3":[0,0],"4":[0,0],"5":[0,0]}}
,"/home/ashishiyer9/Portal Project/chatbot-vue/src/VoiceSystem/Dashboard/Layout/Extra/MobileMenu.vue": {"path":"/home/ashishiyer9/Portal Project/chatbot-vue/src/VoiceSystem/Dashboard/Layout/Extra/MobileMenu.vue","statementMap":{"0":{"start":{"line":38,"column":0},"end":{"line":38,"column":null}}},"fnMap":{"0":{"name":"data","decl":{"start":{"line":37,"column":0},"end":{"line":37,"column":null}},"loc":{"start":{"line":37,"column":0},"end":{"line":52,"column":null}}}},"branchMap":{},"s":{"0":0},"f":{"0":0},"b":{}}
,"/home/ashishiyer9/Portal Project/chatbot-vue/src/VoiceSystem/Dashboard/Layout/Extra/UserMenu.vue": {"path":"/home/ashishiyer9/Portal Project/chatbot-vue/src/VoiceSystem/Dashboard/Layout/Extra/UserMenu.vue","statementMap":{"0":{"start":{"line":60,"column":0},"end":{"line":60,"column":null}},"1":{"start":{"line":81,"column":0},"end":{"line":81,"column":null}},"2":{"start":{"line":87,"column":0},"end":{"line":87,"column":null}},"3":{"start":{"line":90,"column":0},"end":{"line":90,"column":null}}},"fnMap":{"0":{"name":"data","decl":{"start":{"line":80,"column":0},"end":{"line":80,"column":null}},"loc":{"start":{"line":80,"column":0},"end":{"line":84,"column":null}}},"1":{"name":"clicked","decl":{"start":{"line":86,"column":0},"end":{"line":86,"column":null}},"loc":{"start":{"line":86,"column":0},"end":{"line":88,"column":null}}},"2":{"name":"toggleMenu","decl":{"start":{"line":89,"column":0},"end":{"line":89,"column":null}},"loc":{"start":{"line":89,"column":0},"end":{"line":91,"column":null}}}},"branchMap":{},"s":{"0":0,"1":0,"2":0,"3":0},"f":{"0":0,"1":0,"2":0},"b":{}}
,"/home/ashishiyer9/Portal Project/chatbot-vue/src/components/AreaChart.vue": {"path":"/home/ashishiyer9/Portal Project/chatbot-vue/src/components/AreaChart.vue","statementMap":{"0":{"start":{"line":5,"column":0},"end":{"line":5,"column":null}},"1":{"start":{"line":9,"column":0},"end":{"line":9,"column":null}},"2":{"start":{"line":25,"column":0},"end":{"line":25,"column":null}},"3":{"start":{"line":26,"column":0},"end":{"line":38,"column":null}},"4":{"start":{"line":30,"column":0},"end":{"line":30,"column":null}},"5":{"start":{"line":32,"column":0},"end":{"line":38,"column":null}},"6":{"start":{"line":36,"column":0},"end":{"line":36,"column":null}},"7":{"start":{"line":39,"column":0},"end":{"line":39,"column":null}},"8":{"start":{"line":40,"column":0},"end":{"line":40,"column":null}},"9":{"start":{"line":43,"column":0},"end":{"line":43,"column":null}},"10":{"start":{"line":44,"column":0},"end":{"line":44,"column":null}},"11":{"start":{"line":45,"column":0},"end":{"line":45,"column":null}},"12":{"start":{"line":46,"column":0},"end":{"line":46,"column":null}},"13":{"start":{"line":61,"column":0},"end":{"line":61,"column":null}},"14":{"start":{"line":72,"column":0},"end":{"line":72,"column":null}},"15":{"start":{"line":89,"column":0},"end":{"line":89,"column":null}},"16":{"start":{"line":108,"column":0},"end":{"line":108,"column":null}},"17":{"start":{"line":113,"column":0},"end":{"line":117,"column":null}},"18":{"start":{"line":114,"column":0},"end":{"line":116,"column":null}},"19":{"start":{"line":115,"column":0},"end":{"line":115,"column":null}},"20":{"start":{"line":119,"column":0},"end":{"line":119,"column":null}},"21":{"start":{"line":161,"column":0},"end":{"line":165,"column":null}},"22":{"start":{"line":162,"column":0},"end":{"line":164,"column":null}}},"fnMap":{"0":{"name":"data","decl":{"start":{"line":8,"column":0},"end":{"line":8,"column":null}},"loc":{"start":{"line":8,"column":0},"end":{"line":14,"column":null}}},"1":{"name":"mounted","decl":{"start":{"line":25,"column":0},"end":{"line":25,"column":null}},"loc":{"start":{"line":25,"column":0},"end":{"line":166,"column":null}}},"2":{"name":"label","decl":{"start":{"line":71,"column":0},"end":{"line":71,"column":null}},"loc":{"start":{"line":71,"column":0},"end":{"line":73,"column":null}}},"3":{"name":"callback","decl":{"start":{"line":88,"column":0},"end":{"line":88,"column":null}},"loc":{"start":{"line":88,"column":0},"end":{"line":90,"column":null}}},"4":{"name":"(anonymous_5)","decl":{"start":{"line":113,"column":0},"end":{"line":113,"column":null}},"loc":{"start":{"line":113,"column":0},"end":{"line":117,"column":null}}},"5":{"name":"(anonymous_6)","decl":{"start":{"line":161,"column":0},"end":{"line":161,"column":null}},"loc":{"start":{"line":161,"column":0},"end":{"line":165,"column":null}}}},"branchMap":{"0":{"loc":{"start":{"line":26,"column":0},"end":{"line":38,"column":null}},"type":"if","locations":[{"start":{"line":26,"column":0},"end":{"line":38,"column":null}},{"start":{"line":26,"column":0},"end":{"line":38,"column":null}}]},"1":{"loc":{"start":{"line":26,"column":0},"end":{"line":26,"column":null}},"type":"binary-expr","locations":[{"start":{"line":26,"column":0},"end":{"line":26,"column":null}},{"start":{"line":26,"column":0},"end":{"line":26,"column":null}}]},"2":{"loc":{"start":{"line":32,"column":0},"end":{"line":38,"column":null}},"type":"if","locations":[{"start":{"line":32,"column":0},"end":{"line":38,"column":null}},{"start":{"line":32,"column":0},"end":{"line":38,"column":null}}]},"3":{"loc":{"start":{"line":32,"column":0},"end":{"line":32,"column":null}},"type":"binary-expr","locations":[{"start":{"line":32,"column":0},"end":{"line":32,"column":null}},{"start":{"line":32,"column":0},"end":{"line":32,"column":null}}]},"4":{"loc":{"start":{"line":114,"column":0},"end":{"line":116,"column":null}},"type":"if","locations":[{"start":{"line":114,"column":0},"end":{"line":116,"column":null}},{"start":{"line":114,"column":0},"end":{"line":116,"column":null}}]},"5":{"loc":{"start":{"line":162,"column":0},"end":{"line":164,"column":null}},"type":"if","locations":[{"start":{"line":162,"column":0},"end":{"line":164,"column":null}},{"start":{"line":162,"column":0},"end":{"line":164,"column":null}}]}},"s":{"0":0,"1":0,"2":0,"3":0,"4":0,"5":0,"6":0,"7":0,"8":0,"9":0,"10":0,"11":0,"12":0,"13":0,"14":0,"15":0,"16":0,"17":0,"18":0,"19":0,"20":0,"21":0,"22":0},"f":{"0":0,"1":0,"2":0,"3":0,"4":0,"5":0},"b":{"0":[0,0],"1":[0,0],"2":[0,0],"3":[0,0],"4":[0,0],"5":[0,0]}}
,"/home/ashishiyer9/Portal Project/chatbot-vue/src/components/BillingChart.vue": {"path":"/home/ashishiyer9/Portal Project/chatbot-vue/src/components/BillingChart.vue","statementMap":{"0":{"start":{"line":6,"column":0},"end":{"line":6,"column":null}},"1":{"start":{"line":7,"column":0},"end":{"line":7,"column":null}},"2":{"start":{"line":11,"column":0},"end":{"line":11,"column":null}},"3":{"start":{"line":19,"column":0},"end":{"line":19,"column":null}},"4":{"start":{"line":29,"column":0},"end":{"line":46,"column":null}},"5":{"start":{"line":37,"column":0},"end":{"line":37,"column":null}},"6":{"start":{"line":38,"column":0},"end":{"line":38,"column":null}},"7":{"start":{"line":39,"column":0},"end":{"line":39,"column":null}},"8":{"start":{"line":40,"column":0},"end":{"line":40,"column":null}},"9":{"start":{"line":41,"column":0},"end":{"line":41,"column":null}},"10":{"start":{"line":42,"column":0},"end":{"line":42,"column":null}},"11":{"start":{"line":43,"column":0},"end":{"line":43,"column":null}},"12":{"start":{"line":44,"column":0},"end":{"line":44,"column":null}},"13":{"start":{"line":45,"column":0},"end":{"line":45,"column":null}},"14":{"start":{"line":47,"column":0},"end":{"line":47,"column":null}},"15":{"start":{"line":48,"column":0},"end":{"line":48,"column":null}},"16":{"start":{"line":49,"column":0},"end":{"line":49,"column":null}},"17":{"start":{"line":51,"column":0},"end":{"line":51,"column":null}},"18":{"start":{"line":52,"column":0},"end":{"line":52,"column":null}},"19":{"start":{"line":54,"column":0},"end":{"line":54,"column":null}},"20":{"start":{"line":56,"column":0},"end":{"line":72,"column":null}},"21":{"start":{"line":57,"column":0},"end":{"line":57,"column":null}},"22":{"start":{"line":58,"column":0},"end":{"line":58,"column":null}},"23":{"start":{"line":59,"column":0},"end":{"line":59,"column":null}},"24":{"start":{"line":60,"column":0},"end":{"line":60,"column":null}},"25":{"start":{"line":61,"column":0},"end":{"line":61,"column":null}},"26":{"start":{"line":62,"column":0},"end":{"line":62,"column":null}},"27":{"start":{"line":63,"column":0},"end":{"line":63,"column":null}},"28":{"start":{"line":65,"column":0},"end":{"line":65,"column":null}},"29":{"start":{"line":66,"column":0},"end":{"line":66,"column":null}},"30":{"start":{"line":67,"column":0},"end":{"line":67,"column":null}},"31":{"start":{"line":68,"column":0},"end":{"line":68,"column":null}},"32":{"start":{"line":69,"column":0},"end":{"line":69,"column":null}},"33":{"start":{"line":70,"column":0},"end":{"line":70,"column":null}},"34":{"start":{"line":71,"column":0},"end":{"line":71,"column":null}},"35":{"start":{"line":74,"column":0},"end":{"line":97,"column":null}},"36":{"start":{"line":75,"column":0},"end":{"line":75,"column":null}},"37":{"start":{"line":79,"column":0},"end":{"line":79,"column":null}},"38":{"start":{"line":80,"column":0},"end":{"line":80,"column":null}},"39":{"start":{"line":81,"column":0},"end":{"line":81,"column":null}},"40":{"start":{"line":83,"column":0},"end":{"line":83,"column":null}},"41":{"start":{"line":85,"column":0},"end":{"line":85,"column":null}},"42":{"start":{"line":87,"column":0},"end":{"line":87,"column":null}},"43":{"start":{"line":89,"column":0},"end":{"line":92,"column":null}},"44":{"start":{"line":90,"column":0},"end":{"line":90,"column":null}},"45":{"start":{"line":91,"column":0},"end":{"line":91,"column":null}},"46":{"start":{"line":93,"column":0},"end":{"line":96,"column":null}},"47":{"start":{"line":94,"column":0},"end":{"line":94,"column":null}},"48":{"start":{"line":95,"column":0},"end":{"line":95,"column":null}},"49":{"start":{"line":99,"column":0},"end":{"line":99,"column":null}},"50":{"start":{"line":100,"column":0},"end":{"line":100,"column":null}},"51":{"start":{"line":101,"column":0},"end":{"line":101,"column":null}},"52":{"start":{"line":103,"column":0},"end":{"line":103,"column":null}},"53":{"start":{"line":105,"column":0},"end":{"line":105,"column":null}},"54":{"start":{"line":106,"column":0},"end":{"line":106,"column":null}},"55":{"start":{"line":107,"column":0},"end":{"line":107,"column":null}},"56":{"start":{"line":108,"column":0},"end":{"line":108,"column":null}},"57":{"start":{"line":109,"column":0},"end":{"line":109,"column":null}},"58":{"start":{"line":110,"column":0},"end":{"line":110,"column":null}},"59":{"start":{"line":112,"column":0},"end":{"line":112,"column":null}},"60":{"start":{"line":121,"column":0},"end":{"line":121,"column":null}},"61":{"start":{"line":122,"column":0},"end":{"line":124,"column":null}},"62":{"start":{"line":123,"column":0},"end":{"line":123,"column":null}},"63":{"start":{"line":126,"column":0},"end":{"line":126,"column":null}},"64":{"start":{"line":129,"column":0},"end":{"line":129,"column":null}},"65":{"start":{"line":131,"column":0},"end":{"line":131,"column":null}},"66":{"start":{"line":134,"column":0},"end":{"line":134,"column":null}},"67":{"start":{"line":135,"column":0},"end":{"line":135,"column":null}},"68":{"start":{"line":190,"column":0},"end":{"line":201,"column":null}},"69":{"start":{"line":193,"column":0},"end":{"line":200,"column":null}},"70":{"start":{"line":194,"column":0},"end":{"line":194,"column":null}},"71":{"start":{"line":195,"column":0},"end":{"line":195,"column":null}},"72":{"start":{"line":196,"column":0},"end":{"line":196,"column":null}},"73":{"start":{"line":197,"column":0},"end":{"line":197,"column":null}},"74":{"start":{"line":198,"column":0},"end":{"line":198,"column":null}},"75":{"start":{"line":199,"column":0},"end":{"line":199,"column":null}}},"fnMap":{"0":{"name":"data","decl":{"start":{"line":10,"column":0},"end":{"line":10,"column":null}},"loc":{"start":{"line":10,"column":0},"end":{"line":17,"column":null}}},"1":{"name":"mounted","decl":{"start":{"line":18,"column":0},"end":{"line":18,"column":null}},"loc":{"start":{"line":18,"column":0},"end":{"line":203,"column":null}}},"2":{"name":"(anonymous_4)","decl":{"start":{"line":29,"column":0},"end":{"line":29,"column":null}},"loc":{"start":{"line":29,"column":0},"end":{"line":46,"column":null}}},"3":{"name":"draw","decl":{"start":{"line":50,"column":0},"end":{"line":50,"column":null}},"loc":{"start":{"line":50,"column":0},"end":{"line":127,"column":null}}},"4":{"name":"(anonymous_6)","decl":{"start":{"line":190,"column":0},"end":{"line":190,"column":null}},"loc":{"start":{"line":190,"column":0},"end":{"line":201,"column":null}}}},"branchMap":{"0":{"loc":{"start":{"line":56,"column":0},"end":{"line":72,"column":null}},"type":"if","locations":[{"start":{"line":56,"column":0},"end":{"line":72,"column":null}},{"start":{"line":56,"column":0},"end":{"line":72,"column":null}}]},"1":{"loc":{"start":{"line":62,"column":0},"end":{"line":62,"column":null}},"type":"cond-expr","locations":[{"start":{"line":62,"column":0},"end":{"line":62,"column":null}},{"start":{"line":62,"column":0},"end":{"line":62,"column":null}}]},"2":{"loc":{"start":{"line":63,"column":0},"end":{"line":63,"column":null}},"type":"binary-expr","locations":[{"start":{"line":63,"column":0},"end":{"line":63,"column":null}},{"start":{"line":63,"column":0},"end":{"line":63,"column":null}}]},"3":{"loc":{"start":{"line":69,"column":0},"end":{"line":69,"column":null}},"type":"cond-expr","locations":[{"start":{"line":69,"column":0},"end":{"line":69,"column":null}},{"start":{"line":69,"column":0},"end":{"line":69,"column":null}}]},"4":{"loc":{"start":{"line":71,"column":0},"end":{"line":71,"column":null}},"type":"binary-expr","locations":[{"start":{"line":71,"column":0},"end":{"line":71,"column":null}},{"start":{"line":71,"column":0},"end":{"line":71,"column":null}}]},"5":{"loc":{"start":{"line":74,"column":0},"end":{"line":97,"column":null}},"type":"if","locations":[{"start":{"line":74,"column":0},"end":{"line":97,"column":null}},{"start":{"line":74,"column":0},"end":{"line":97,"column":null}}]},"6":{"loc":{"start":{"line":79,"column":0},"end":{"line":79,"column":null}},"type":"cond-expr","locations":[{"start":{"line":79,"column":0},"end":{"line":79,"column":null}},{"start":{"line":79,"column":0},"end":{"line":79,"column":null}}]},"7":{"loc":{"start":{"line":81,"column":0},"end":{"line":81,"column":null}},"type":"cond-expr","locations":[{"start":{"line":81,"column":0},"end":{"line":81,"column":null}},{"start":{"line":81,"column":0},"end":{"line":81,"column":null}}]},"8":{"loc":{"start":{"line":83,"column":0},"end":{"line":83,"column":null}},"type":"cond-expr","locations":[{"start":{"line":83,"column":0},"end":{"line":83,"column":null}},{"start":{"line":83,"column":0},"end":{"line":83,"column":null}}]},"9":{"loc":{"start":{"line":85,"column":0},"end":{"line":85,"column":null}},"type":"cond-expr","locations":[{"start":{"line":85,"column":0},"end":{"line":85,"column":null}},{"start":{"line":85,"column":0},"end":{"line":85,"column":null}}]},"10":{"loc":{"start":{"line":87,"column":0},"end":{"line":87,"column":null}},"type":"cond-expr","locations":[{"start":{"line":87,"column":0},"end":{"line":87,"column":null}},{"start":{"line":87,"column":0},"end":{"line":87,"column":null}}]},"11":{"loc":{"start":{"line":89,"column":0},"end":{"line":92,"column":null}},"type":"if","locations":[{"start":{"line":89,"column":0},"end":{"line":92,"column":null}},{"start":{"line":89,"column":0},"end":{"line":92,"column":null}}]},"12":{"loc":{"start":{"line":93,"column":0},"end":{"line":96,"column":null}},"type":"if","locations":[{"start":{"line":93,"column":0},"end":{"line":96,"column":null}},{"start":{"line":93,"column":0},"end":{"line":96,"column":null}}]},"13":{"loc":{"start":{"line":100,"column":0},"end":{"line":100,"column":null}},"type":"binary-expr","locations":[{"start":{"line":100,"column":0},"end":{"line":100,"column":null}},{"start":{"line":100,"column":0},"end":{"line":100,"column":null}}]},"14":{"loc":{"start":{"line":122,"column":0},"end":{"line":124,"column":null}},"type":"if","locations":[{"start":{"line":122,"column":0},"end":{"line":124,"column":null}},{"start":{"line":122,"column":0},"end":{"line":124,"column":null}}]},"15":{"loc":{"start":{"line":193,"column":0},"end":{"line":200,"column":null}},"type":"if","locations":[{"start":{"line":193,"column":0},"end":{"line":200,"column":null}},{"start":{"line":193,"column":0},"end":{"line":200,"column":null}}]}},"s":{"0":0,"1":0,"2":0,"3":0,"4":0,"5":0,"6":0,"7":0,"8":0,"9":0,"10":0,"11":0,"12":0,"13":0,"14":0,"15":0,"16":0,"17":0,"18":0,"19":0,"20":0,"21":0,"22":0,"23":0,"24":0,"25":0,"26":0,"27":0,"28":0,"29":0,"30":0,"31":0,"32":0,"33":0,"34":0,"35":0,"36":0,"37":0,"38":0,"39":0,"40":0,"41":0,"42":0,"43":0,"44":0,"45":0,"46":0,"47":0,"48":0,"49":0,"50":0,"51":0,"52":0,"53":0,"54":0,"55":0,"56":0,"57":0,"58":0,"59":0,"60":0,"61":0,"62":0,"63":0,"64":0,"65":0,"66":0,"67":0,"68":0,"69":0,"70":0,"71":0,"72":0,"73":0,"74":0,"75":0},"f":{"0":0,"1":0,"2":0,"3":0,"4":0},"b":{"0":[0,0],"1":[0,0],"2":[0,0],"3":[0,0],"4":[0,0],"5":[0,0],"6":[0,0],"7":[0,0],"8":[0,0],"9":[0,0],"10":[0,0],"11":[0,0],"12":[0,0],"13":[0,0],"14":[0,0],"15":[0,0]}}
}
