TN:
SF:/home/ashishiyer9/Portal Project/chatbot-vue/src/App.vue
FN:30,data
FN:35,mounted
FN:45,(anonymous_4)
FN:50,(anonymous_5)
FNF:4
FNH:0
FNDA:0,data
FNDA:0,mounted
FNDA:0,(anonymous_4)
FNDA:0,(anonymous_5)
DA:21,0
DA:22,0
DA:23,0
DA:24,0
DA:31,0
DA:35,0
DA:36,0
DA:37,0
DA:38,0
DA:39,0
DA:40,0
DA:42,0
DA:43,0
DA:45,0
DA:46,0
DA:47,0
DA:50,0
DA:51,0
DA:52,0
DA:53,0
LF:20
LH:0
BRDA:32,0,0,0
BRDA:32,0,1,0
BRDA:39,1,0,0
BRDA:39,1,1,0
BRDA:42,2,0,0
BRDA:42,2,1,0
BRDA:46,3,0,0
BRDA:46,3,1,0
BRDA:51,4,0,0
BRDA:51,4,1,0
BRDA:51,5,0,0
BRDA:51,5,1,0
BRF:12
BRH:0
end_of_record
TN:
SF:/home/ashishiyer9/Portal Project/chatbot-vue/src/Chatbot/Dashboard/ActionForm.vue
FN:56,data
FN:73,data_management
FN:78,(anonymous_4)
FN:90,data_filter
FN:91,nodes_level_count
FN:96,(anonymous_7)
FN:107,canvasClick
FN:110,addNode
FN:114,(anonymous_10)
FN:130,nodeClick
FN:133,nodeDelete
FN:136,submit_template
FN:143,linkBreak
FN:144,(anonymous_15)
FN:147,(anonymous_16)
FN:162,linkAdded
FN:163,(anonymous_18)
FN:166,(anonymous_19)
FN:171,(anonymous_20)
FN:175,(anonymous_21)
FN:178,(anonymous_22)
FNF:21
FNH:0
FNDA:0,data
FNDA:0,data_management
FNDA:0,(anonymous_4)
FNDA:0,data_filter
FNDA:0,nodes_level_count
FNDA:0,(anonymous_7)
FNDA:0,canvasClick
FNDA:0,addNode
FNDA:0,(anonymous_10)
FNDA:0,nodeClick
FNDA:0,nodeDelete
FNDA:0,submit_template
FNDA:0,linkBreak
FNDA:0,(anonymous_15)
FNDA:0,(anonymous_16)
FNDA:0,linkAdded
FNDA:0,(anonymous_18)
FNDA:0,(anonymous_19)
FNDA:0,(anonymous_20)
FNDA:0,(anonymous_21)
FNDA:0,(anonymous_22)
DA:49,0
DA:50,0
DA:57,0
DA:74,0
DA:75,0
DA:76,0
DA:78,0
DA:79,0
DA:81,0
DA:82,0
DA:92,0
DA:94,0
DA:95,0
DA:96,0
DA:97,0
DA:99,0
DA:100,0
DA:101,0
DA:105,0
DA:111,0
DA:112,0
DA:114,0
DA:117,0
DA:120,0
DA:127,0
DA:137,0
DA:138,0
DA:140,0
DA:144,0
DA:145,0
DA:147,0
DA:148,0
DA:150,0
DA:151,0
DA:156,0
DA:157,0
DA:159,0
DA:163,0
DA:164,0
DA:166,0
DA:167,0
DA:169,0
DA:170,0
DA:171,0
DA:172,0
DA:175,0
DA:176,0
DA:178,0
DA:179,0
DA:181,0
DA:182,0
LF:51
LH:0
BRDA:75,0,0,0
BRDA:75,0,1,0
BRDA:81,1,0,0
BRDA:81,1,1,0
BRDA:99,2,0,0
BRDA:99,2,1,0
BRDA:111,3,0,0
BRDA:111,3,1,0
BRDA:125,4,0,0
BRDA:125,4,1,0
BRDA:137,5,0,0
BRDA:137,5,1,0
BRDA:151,6,0,0
BRDA:151,6,1,0
BRDA:151,7,0,0
BRDA:151,7,1,0
BRDA:151,7,2,0
BRDA:169,8,0,0
BRDA:169,8,1,0
BRDA:169,9,0,0
BRDA:169,9,1,0
BRF:21
BRH:0
end_of_record
TN:
SF:/home/ashishiyer9/Portal Project/chatbot-vue/src/Chatbot/Dashboard/AddIntent.vue
FN:243,data
FN:269,created
FN:284,(anonymous_4)
FN:307,mounted
FN:309,(anonymous_6)
FN:319,selected_intents
FN:339,(anonymous_8)
FN:346,page_change
FN:348,(anonymous_10)
FN:371,edit_intent
FN:377,delete_selected
FN:383,(anonymous_13)
FN:394,(anonymous_14)
FN:405,(anonymous_15)
FN:419,delete_intent
FN:421,(anonymous_17)
FN:432,(anonymous_18)
FN:443,(anonymous_19)
FN:456,page_require
FN:462,(anonymous_21)
FN:486,add_intents
FN:494,(anonymous_23)
FN:516,(anonymous_24)
FN:547,(anonymous_25)
FN:566,(anonymous_26)
FN:587,clear_fields
FN:590,pagination_class
FNF:27
FNH:0
FNDA:0,data
FNDA:0,created
FNDA:0,(anonymous_4)
FNDA:0,mounted
FNDA:0,(anonymous_6)
FNDA:0,selected_intents
FNDA:0,(anonymous_8)
FNDA:0,page_change
FNDA:0,(anonymous_10)
FNDA:0,edit_intent
FNDA:0,delete_selected
FNDA:0,(anonymous_13)
FNDA:0,(anonymous_14)
FNDA:0,(anonymous_15)
FNDA:0,delete_intent
FNDA:0,(anonymous_17)
FNDA:0,(anonymous_18)
FNDA:0,(anonymous_19)
FNDA:0,page_require
FNDA:0,(anonymous_21)
FNDA:0,add_intents
FNDA:0,(anonymous_23)
FNDA:0,(anonymous_24)
FNDA:0,(anonymous_25)
FNDA:0,(anonymous_26)
FNDA:0,clear_fields
FNDA:0,pagination_class
DA:237,0
DA:238,0
DA:239,0
DA:240,0
DA:244,0
DA:269,0
DA:270,0
DA:271,0
DA:272,0
DA:273,0
DA:275,0
DA:276,0
DA:277,0
DA:280,0
DA:281,0
DA:283,0
DA:296,0
DA:297,0
DA:298,0
DA:299,0
DA:308,0
DA:309,0
DA:310,0
DA:311,0
DA:313,0
DA:314,0
DA:320,0
DA:321,0
DA:322,0
DA:323,0
DA:324,0
DA:325,0
DA:328,0
DA:329,0
DA:330,0
DA:331,0
DA:332,0
DA:334,0
DA:335,0
DA:336,0
DA:337,0
DA:339,0
DA:340,0
DA:342,0
DA:346,0
DA:347,0
DA:361,0
DA:362,0
DA:363,0
DA:372,0
DA:373,0
DA:374,0
DA:375,0
DA:377,0
DA:378,0
DA:379,0
DA:380,0
DA:381,0
DA:383,0
DA:392,0
DA:393,0
DA:404,0
DA:405,0
DA:409,0
DA:410,0
DA:419,0
DA:420,0
DA:421,0
DA:430,0
DA:431,0
DA:442,0
DA:443,0
DA:447,0
DA:448,0
DA:456,0
DA:457,0
DA:459,0
DA:460,0
DA:461,0
DA:475,0
DA:476,0
DA:477,0
DA:486,0
DA:487,0
DA:488,0
DA:489,0
DA:490,0
DA:492,0
DA:493,0
DA:505,0
DA:506,0
DA:510,0
DA:511,0
DA:515,0
DA:516,0
DA:520,0
DA:521,0
DA:524,0
DA:525,0
DA:532,0
DA:533,0
DA:535,0
DA:536,0
DA:537,0
DA:540,0
DA:541,0
DA:546,0
DA:560,0
DA:561,0
DA:565,0
DA:566,0
DA:570,0
DA:571,0
DA:574,0
DA:575,0
DA:581,0
DA:582,0
DA:583,0
DA:588,0
DA:591,0
DA:592,0
DA:594,0
LF:122
LH:0
BRDA:270,0,0,0
BRDA:270,0,1,0
BRDA:271,1,0,0
BRDA:271,1,1,0
BRDA:310,2,0,0
BRDA:310,2,1,0
BRDA:320,3,0,0
BRDA:320,3,1,0
BRDA:321,4,0,0
BRDA:321,4,1,0
BRDA:324,5,0,0
BRDA:324,5,1,0
BRDA:328,6,0,0
BRDA:328,6,1,0
BRDA:331,7,0,0
BRDA:331,7,1,0
BRDA:334,8,0,0
BRDA:334,8,1,0
BRDA:336,9,0,0
BRDA:336,9,1,0
BRDA:378,10,0,0
BRDA:378,10,1,0
BRDA:392,11,0,0
BRDA:392,11,1,0
BRDA:404,12,0,0
BRDA:404,12,1,0
BRDA:409,13,0,0
BRDA:409,13,1,0
BRDA:430,14,0,0
BRDA:430,14,1,0
BRDA:442,15,0,0
BRDA:442,15,1,0
BRDA:447,16,0,0
BRDA:447,16,1,0
BRDA:457,17,0,0
BRDA:457,17,1,0
BRDA:457,18,0,0
BRDA:457,18,1,0
BRDA:488,19,0,0
BRDA:488,19,1,0
BRDA:489,20,0,0
BRDA:489,20,1,0
BRDA:505,21,0,0
BRDA:505,21,1,0
BRDA:510,22,0,0
BRDA:510,22,1,0
BRDA:515,23,0,0
BRDA:515,23,1,0
BRDA:520,24,0,0
BRDA:520,24,1,0
BRDA:524,25,0,0
BRDA:524,25,1,0
BRDA:535,26,0,0
BRDA:535,26,1,0
BRDA:540,27,0,0
BRDA:540,27,1,0
BRDA:560,28,0,0
BRDA:560,28,1,0
BRDA:565,29,0,0
BRDA:565,29,1,0
BRDA:570,30,0,0
BRDA:570,30,1,0
BRDA:574,31,0,0
BRDA:574,31,1,0
BRDA:591,32,0,0
BRDA:591,32,1,0
BRF:66
BRH:0
end_of_record
TN:
SF:/home/ashishiyer9/Portal Project/chatbot-vue/src/Chatbot/Dashboard/AddQuestions.vue
FN:361,data
FN:385,created
FN:404,(anonymous_4)
FN:417,(anonymous_5)
FN:421,(anonymous_6)
FN:435,mounted
FN:437,(anonymous_8)
FN:448,(anonymous_9)
FN:453,download_sample_file
FN:456,(anonymous_11)
FN:484,fileinput
FN:501,file_submit
FN:523,(anonymous_14)
FN:530,(anonymous_15)
FN:539,selected_questions
FN:560,(anonymous_17)
FN:567,delete_selected
FN:584,delete_question
FN:595,empty_variable
FN:603,notify_superadmin
FN:607,(anonymous_22)
FN:629,delete_qns_api
FN:630,(anonymous_24)
FN:641,(anonymous_25)
FN:657,(anonymous_26)
FN:667,update_qns
FN:701,edit_question
FN:708,add_edit_question
FN:721,(anonymous_30)
FN:741,(anonymous_31)
FN:786,(anonymous_32)
FN:802,(anonymous_33)
FN:813,pagination_class
FN:820,page_require
FN:827,(anonymous_36)
FNF:35
FNH:0
FNDA:0,data
FNDA:0,created
FNDA:0,(anonymous_4)
FNDA:0,(anonymous_5)
FNDA:0,(anonymous_6)
FNDA:0,mounted
FNDA:0,(anonymous_8)
FNDA:0,(anonymous_9)
FNDA:0,download_sample_file
FNDA:0,(anonymous_11)
FNDA:0,fileinput
FNDA:0,file_submit
FNDA:0,(anonymous_14)
FNDA:0,(anonymous_15)
FNDA:0,selected_questions
FNDA:0,(anonymous_17)
FNDA:0,delete_selected
FNDA:0,delete_question
FNDA:0,empty_variable
FNDA:0,notify_superadmin
FNDA:0,(anonymous_22)
FNDA:0,delete_qns_api
FNDA:0,(anonymous_24)
FNDA:0,(anonymous_25)
FNDA:0,(anonymous_26)
FNDA:0,update_qns
FNDA:0,edit_question
FNDA:0,add_edit_question
FNDA:0,(anonymous_30)
FNDA:0,(anonymous_31)
FNDA:0,(anonymous_32)
FNDA:0,(anonymous_33)
FNDA:0,pagination_class
FNDA:0,page_require
FNDA:0,(anonymous_36)
DA:355,0
DA:356,0
DA:358,0
DA:359,0
DA:362,0
DA:385,0
DA:386,0
DA:390,0
DA:391,0
DA:392,0
DA:393,0
DA:394,0
DA:396,0
DA:397,0
DA:400,0
DA:401,0
DA:403,0
DA:415,0
DA:417,0
DA:418,0
DA:420,0
DA:431,0
DA:432,0
DA:436,0
DA:437,0
DA:438,0
DA:440,0
DA:442,0
DA:443,0
DA:446,0
DA:447,0
DA:448,0
DA:449,0
DA:453,0
DA:454,0
DA:455,0
DA:456,0
DA:469,0
DA:474,0
DA:475,0
DA:476,0
DA:477,0
DA:478,0
DA:479,0
DA:480,0
DA:481,0
DA:485,0
DA:486,0
DA:487,0
DA:488,0
DA:493,0
DA:495,0
DA:501,0
DA:502,0
DA:503,0
DA:510,0
DA:511,0
DA:514,0
DA:516,0
DA:517,0
DA:522,0
DA:523,0
DA:524,0
DA:525,0
DA:530,0
DA:531,0
DA:534,0
DA:540,0
DA:541,0
DA:542,0
DA:543,0
DA:544,0
DA:547,0
DA:548,0
DA:551,0
DA:552,0
DA:553,0
DA:555,0
DA:556,0
DA:557,0
DA:558,0
DA:560,0
DA:561,0
DA:563,0
DA:568,0
DA:569,0
DA:571,0
DA:575,0
DA:576,0
DA:577,0
DA:578,0
DA:579,0
DA:581,0
DA:585,0
DA:589,0
DA:590,0
DA:591,0
DA:592,0
DA:593,0
DA:596,0
DA:597,0
DA:598,0
DA:599,0
DA:600,0
DA:601,0
DA:603,0
DA:604,0
DA:605,0
DA:606,0
DA:619,0
DA:620,0
DA:624,0
DA:629,0
DA:630,0
DA:639,0
DA:640,0
DA:654,0
DA:655,0
DA:656,0
DA:657,0
DA:658,0
DA:661,0
DA:668,0
DA:669,0
DA:670,0
DA:676,0
DA:677,0
DA:678,0
DA:679,0
DA:680,0
DA:682,0
DA:683,0
DA:690,0
DA:691,0
DA:702,0
DA:703,0
DA:704,0
DA:705,0
DA:706,0
DA:708,0
DA:709,0
DA:710,0
DA:711,0
DA:712,0
DA:713,0
DA:714,0
DA:715,0
DA:716,0
DA:717,0
DA:718,0
DA:720,0
DA:734,0
DA:735,0
DA:736,0
DA:741,0
DA:742,0
DA:744,0
DA:745,0
DA:750,0
DA:754,0
DA:759,0
DA:763,0
DA:770,0
DA:771,0
DA:772,0
DA:773,0
DA:775,0
DA:776,0
DA:777,0
DA:778,0
DA:779,0
DA:780,0
DA:781,0
DA:782,0
DA:783,0
DA:785,0
DA:800,0
DA:801,0
DA:802,0
DA:803,0
DA:804,0
DA:807,0
DA:814,0
DA:815,0
DA:817,0
DA:820,0
DA:821,0
DA:822,0
DA:824,0
DA:825,0
DA:826,0
DA:838,0
LF:192
LH:0
BRDA:386,0,0,0
BRDA:386,0,1,0
BRDA:386,1,0,0
BRDA:386,1,1,0
BRDA:391,2,0,0
BRDA:391,2,1,0
BRDA:392,3,0,0
BRDA:392,3,1,0
BRDA:438,4,0,0
BRDA:438,4,1,0
BRDA:487,5,0,0
BRDA:487,5,1,0
BRDA:514,6,0,0
BRDA:514,6,1,0
BRDA:524,7,0,0
BRDA:524,7,1,0
BRDA:540,8,0,0
BRDA:540,8,1,0
BRDA:541,9,0,0
BRDA:541,9,1,0
BRDA:543,10,0,0
BRDA:543,10,1,0
BRDA:547,11,0,0
BRDA:547,11,1,0
BRDA:552,12,0,0
BRDA:552,12,1,0
BRDA:555,13,0,0
BRDA:555,13,1,0
BRDA:557,14,0,0
BRDA:557,14,1,0
BRDA:569,15,0,0
BRDA:569,15,1,0
BRDA:605,16,0,0
BRDA:605,16,1,0
BRDA:619,17,0,0
BRDA:619,17,1,0
BRDA:639,18,0,0
BRDA:639,18,1,0
BRDA:654,19,0,0
BRDA:654,19,1,0
BRDA:676,20,0,0
BRDA:676,20,1,0
BRDA:676,21,0,0
BRDA:676,21,1,0
BRDA:710,22,0,0
BRDA:710,22,1,0
BRDA:711,23,0,0
BRDA:711,23,1,0
BRDA:713,24,0,0
BRDA:713,24,1,0
BRDA:715,25,0,0
BRDA:715,25,1,0
BRDA:717,26,0,0
BRDA:717,26,1,0
BRDA:735,27,0,0
BRDA:735,27,1,0
BRDA:744,28,0,0
BRDA:744,28,1,0
BRDA:750,29,0,0
BRDA:750,29,1,0
BRDA:759,30,0,0
BRDA:759,30,1,0
BRDA:775,31,0,0
BRDA:775,31,1,0
BRDA:776,32,0,0
BRDA:776,32,1,0
BRDA:778,33,0,0
BRDA:778,33,1,0
BRDA:780,34,0,0
BRDA:780,34,1,0
BRDA:782,35,0,0
BRDA:782,35,1,0
BRDA:800,36,0,0
BRDA:800,36,1,0
BRDA:814,37,0,0
BRDA:814,37,1,0
BRDA:821,38,0,0
BRDA:821,38,1,0
BRDA:821,39,0,0
BRDA:821,39,1,0
BRF:80
BRH:0
end_of_record
TN:
SF:/home/ashishiyer9/Portal Project/chatbot-vue/src/Chatbot/Dashboard/AddRole.vue
FN:249,data
FN:262,mounted
FN:264,(anonymous_4)
FN:273,created
FN:275,(anonymous_6)
FN:297,check_list_array
FN:313,(anonymous_8)
FN:320,edit_role
FN:326,delete_role
FN:330,(anonymous_11)
FN:341,(anonymous_12)
FN:360,(anonymous_13)
FN:373,delete_multiple_role
FN:382,(anonymous_15)
FN:393,(anonymous_16)
FN:409,(anonymous_17)
FN:417,add_roles
FN:428,(anonymous_19)
FN:446,(anonymous_20)
FN:455,(anonymous_21)
FN:473,(anonymous_22)
FN:488,(anonymous_23)
FN:504,(anonymous_24)
FNF:23
FNH:0
FNDA:0,data
FNDA:0,mounted
FNDA:0,(anonymous_4)
FNDA:0,created
FNDA:0,(anonymous_6)
FNDA:0,check_list_array
FNDA:0,(anonymous_8)
FNDA:0,edit_role
FNDA:0,delete_role
FNDA:0,(anonymous_11)
FNDA:0,(anonymous_12)
FNDA:0,(anonymous_13)
FNDA:0,delete_multiple_role
FNDA:0,(anonymous_15)
FNDA:0,(anonymous_16)
FNDA:0,(anonymous_17)
FNDA:0,add_roles
FNDA:0,(anonymous_19)
FNDA:0,(anonymous_20)
FNDA:0,(anonymous_21)
FNDA:0,(anonymous_22)
FNDA:0,(anonymous_23)
FNDA:0,(anonymous_24)
DA:245,0
DA:246,0
DA:247,0
DA:250,0
DA:263,0
DA:264,0
DA:265,0
DA:266,0
DA:268,0
DA:269,0
DA:273,0
DA:274,0
DA:284,0
DA:285,0
DA:286,0
DA:287,0
DA:289,0
DA:290,0
DA:291,0
DA:292,0
DA:298,0
DA:299,0
DA:300,0
DA:301,0
DA:304,0
DA:305,0
DA:306,0
DA:308,0
DA:309,0
DA:310,0
DA:311,0
DA:313,0
DA:314,0
DA:316,0
DA:321,0
DA:322,0
DA:323,0
DA:324,0
DA:326,0
DA:327,0
DA:328,0
DA:330,0
DA:339,0
DA:340,0
DA:356,0
DA:357,0
DA:358,0
DA:359,0
DA:360,0
DA:361,0
DA:363,0
DA:364,0
DA:373,0
DA:374,0
DA:375,0
DA:376,0
DA:377,0
DA:382,0
DA:391,0
DA:392,0
DA:403,0
DA:404,0
DA:409,0
DA:410,0
DA:417,0
DA:418,0
DA:419,0
DA:420,0
DA:421,0
DA:422,0
DA:423,0
DA:424,0
DA:425,0
DA:427,0
DA:441,0
DA:442,0
DA:443,0
DA:444,0
DA:445,0
DA:446,0
DA:447,0
DA:452,0
DA:453,0
DA:454,0
DA:467,0
DA:468,0
DA:469,0
DA:470,0
DA:471,0
DA:472,0
DA:473,0
DA:474,0
DA:478,0
DA:479,0
DA:480,0
DA:481,0
DA:482,0
DA:483,0
DA:484,0
DA:486,0
DA:487,0
DA:499,0
DA:500,0
DA:501,0
DA:502,0
DA:503,0
DA:504,0
DA:505,0
LF:108
LH:0
BRDA:265,0,0,0
BRDA:265,0,1,0
BRDA:298,1,0,0
BRDA:298,1,1,0
BRDA:304,2,0,0
BRDA:304,2,1,0
BRDA:305,3,0,0
BRDA:305,3,1,0
BRDA:308,4,0,0
BRDA:308,4,1,0
BRDA:310,5,0,0
BRDA:310,5,1,0
BRDA:339,6,0,0
BRDA:339,6,1,0
BRDA:358,7,0,0
BRDA:358,7,1,0
BRDA:363,8,0,0
BRDA:363,8,1,0
BRDA:391,9,0,0
BRDA:391,9,1,0
BRDA:403,10,0,0
BRDA:403,10,1,0
BRDA:419,11,0,0
BRDA:419,11,1,0
BRDA:419,12,0,0
BRDA:419,12,1,0
BRDA:420,13,0,0
BRDA:420,13,1,0
BRDA:422,14,0,0
BRDA:422,14,1,0
BRDA:424,15,0,0
BRDA:424,15,1,0
BRDA:435,16,0,0
BRDA:435,16,1,0
BRDA:441,17,0,0
BRDA:441,17,1,0
BRDA:452,18,0,0
BRDA:452,18,1,0
BRDA:468,19,0,0
BRDA:468,19,1,0
BRDA:478,20,0,0
BRDA:478,20,1,0
BRDA:478,21,0,0
BRDA:478,21,1,0
BRDA:479,22,0,0
BRDA:479,22,1,0
BRDA:481,23,0,0
BRDA:481,23,1,0
BRDA:483,24,0,0
BRDA:483,24,1,0
BRDA:499,25,0,0
BRDA:499,25,1,0
BRF:52
BRH:0
end_of_record
TN:
SF:/home/ashishiyer9/Portal Project/chatbot-vue/src/Chatbot/Dashboard/AddTasks.vue
FN:301,data
FN:325,created
FN:336,(anonymous_4)
FN:348,(anonymous_5)
FN:377,intent_selected_api
FN:379,(anonymous_7)
FN:401,edit_modal
FN:413,selected_tasks
FN:431,add_edit_tasks
FN:445,(anonymous_11)
FN:456,(anonymous_12)
FN:470,(anonymous_13)
FN:484,(anonymous_14)
FN:492,delete_selected
FN:506,delete_single
FN:511,delete_tasks_api
FN:512,(anonymous_18)
FN:523,(anonymous_19)
FN:541,(anonymous_20)
FN:549,empty_fields_check
FN:574,clear_fields
FN:582,mounted
FN:584,(anonymous_24)
FN:587,(anonymous_25)
FNF:24
FNH:0
FNDA:0,data
FNDA:0,created
FNDA:0,(anonymous_4)
FNDA:0,(anonymous_5)
FNDA:0,intent_selected_api
FNDA:0,(anonymous_7)
FNDA:0,edit_modal
FNDA:0,selected_tasks
FNDA:0,add_edit_tasks
FNDA:0,(anonymous_11)
FNDA:0,(anonymous_12)
FNDA:0,(anonymous_13)
FNDA:0,(anonymous_14)
FNDA:0,delete_selected
FNDA:0,delete_single
FNDA:0,delete_tasks_api
FNDA:0,(anonymous_18)
FNDA:0,(anonymous_19)
FNDA:0,(anonymous_20)
FNDA:0,empty_fields_check
FNDA:0,clear_fields
FNDA:0,mounted
FNDA:0,(anonymous_24)
FNDA:0,(anonymous_25)
DA:296,0
DA:297,0
DA:298,0
DA:299,0
DA:302,0
DA:325,0
DA:326,0
DA:330,0
DA:332,0
DA:333,0
DA:335,0
DA:345,0
DA:347,0
DA:357,0
DA:358,0
DA:359,0
DA:360,0
DA:361,0
DA:366,0
DA:367,0
DA:377,0
DA:378,0
DA:389,0
DA:390,0
DA:391,0
DA:392,0
DA:393,0
DA:402,0
DA:403,0
DA:404,0
DA:405,0
DA:406,0
DA:407,0
DA:414,0
DA:415,0
DA:416,0
DA:417,0
DA:418,0
DA:421,0
DA:422,0
DA:423,0
DA:424,0
DA:427,0
DA:431,0
DA:432,0
DA:433,0
DA:434,0
DA:435,0
DA:436,0
DA:437,0
DA:441,0
DA:443,0
DA:444,0
DA:455,0
DA:456,0
DA:461,0
DA:462,0
DA:465,0
DA:468,0
DA:469,0
DA:481,0
DA:482,0
DA:483,0
DA:484,0
DA:485,0
DA:493,0
DA:507,0
DA:508,0
DA:509,0
DA:511,0
DA:512,0
DA:521,0
DA:522,0
DA:535,0
DA:536,0
DA:541,0
DA:542,0
DA:550,0
DA:551,0
DA:552,0
DA:554,0
DA:555,0
DA:560,0
DA:561,0
DA:562,0
DA:563,0
DA:564,0
DA:565,0
DA:569,0
DA:575,0
DA:576,0
DA:577,0
DA:578,0
DA:579,0
DA:583,0
DA:584,0
DA:585,0
DA:587,0
DA:588,0
DA:590,0
DA:592,0
DA:593,0
LF:102
LH:0
BRDA:315,0,0,0
BRDA:315,0,1,0
BRDA:319,1,0,0
BRDA:319,1,1,0
BRDA:326,2,0,0
BRDA:326,2,1,0
BRDA:326,3,0,0
BRDA:326,3,1,0
BRDA:366,4,0,0
BRDA:366,4,1,0
BRDA:414,5,0,0
BRDA:414,5,1,0
BRDA:415,6,0,0
BRDA:415,6,1,0
BRDA:417,7,0,0
BRDA:417,7,1,0
BRDA:421,8,0,0
BRDA:421,8,1,0
BRDA:423,9,0,0
BRDA:423,9,1,0
BRDA:434,10,0,0
BRDA:434,10,1,0
BRDA:443,11,0,0
BRDA:443,11,1,0
BRDA:455,12,0,0
BRDA:455,12,1,0
BRDA:461,13,0,0
BRDA:461,13,1,0
BRDA:468,14,0,0
BRDA:468,14,1,0
BRDA:481,15,0,0
BRDA:481,15,1,0
BRDA:521,16,0,0
BRDA:521,16,1,0
BRDA:535,17,0,0
BRDA:535,17,1,0
BRDA:550,18,0,0
BRDA:550,18,1,0
BRDA:550,19,0,0
BRDA:550,19,1,0
BRDA:555,20,0,0
BRDA:555,20,1,0
BRDA:555,21,0,0
BRDA:555,21,1,0
BRDA:555,21,2,0
BRDA:562,22,0,0
BRDA:562,22,1,0
BRDA:565,23,0,0
BRDA:565,23,1,0
BRDA:565,24,0,0
BRDA:565,24,1,0
BRDA:588,25,0,0
BRDA:588,25,1,0
BRF:53
BRH:0
end_of_record
TN:
SF:/home/ashishiyer9/Portal Project/chatbot-vue/src/Chatbot/Dashboard/AddUser.vue
FN:239,data
FN:262,validPassword
FN:269,validEmail
FN:277,created
FN:296,(anonymous_6)
FN:311,(anonymous_7)
FN:323,mounted
FN:325,(anonymous_9)
FN:333,(anonymous_10)
FN:338,pagination_class
FN:345,check_list_array
FN:364,(anonymous_13)
FN:371,delete_role
FN:379,(anonymous_15)
FN:390,(anonymous_16)
FN:407,(anonymous_17)
FN:417,(anonymous_18)
FN:424,password_toggle
FN:433,update_users
FN:445,page_require
FN:452,(anonymous_22)
FN:470,role_submit_api
FN:472,(anonymous_24)
FN:487,add_user
FN:496,(anonymous_26)
FN:523,(anonymous_27)
FN:529,clear_fields
FNF:27
FNH:0
FNDA:0,data
FNDA:0,validPassword
FNDA:0,validEmail
FNDA:0,created
FNDA:0,(anonymous_6)
FNDA:0,(anonymous_7)
FNDA:0,mounted
FNDA:0,(anonymous_9)
FNDA:0,(anonymous_10)
FNDA:0,pagination_class
FNDA:0,check_list_array
FNDA:0,(anonymous_13)
FNDA:0,delete_role
FNDA:0,(anonymous_15)
FNDA:0,(anonymous_16)
FNDA:0,(anonymous_17)
FNDA:0,(anonymous_18)
FNDA:0,password_toggle
FNDA:0,update_users
FNDA:0,page_require
FNDA:0,(anonymous_22)
FNDA:0,role_submit_api
FNDA:0,(anonymous_24)
FNDA:0,add_user
FNDA:0,(anonymous_26)
FNDA:0,(anonymous_27)
FNDA:0,clear_fields
DA:234,0
DA:235,0
DA:236,0
DA:240,0
DA:263,0
DA:264,0
DA:266,0
DA:270,0
DA:271,0
DA:273,0
DA:277,0
DA:278,0
DA:282,0
DA:284,0
DA:285,0
DA:286,0
DA:287,0
DA:289,0
DA:292,0
DA:293,0
DA:295,0
DA:306,0
DA:307,0
DA:308,0
DA:310,0
DA:320,0
DA:324,0
DA:325,0
DA:326,0
DA:327,0
DA:329,0
DA:330,0
DA:333,0
DA:334,0
DA:339,0
DA:340,0
DA:342,0
DA:346,0
DA:347,0
DA:348,0
DA:349,0
DA:350,0
DA:353,0
DA:354,0
DA:355,0
DA:356,0
DA:357,0
DA:359,0
DA:360,0
DA:361,0
DA:362,0
DA:364,0
DA:365,0
DA:367,0
DA:371,0
DA:372,0
DA:373,0
DA:374,0
DA:377,0
DA:379,0
DA:388,0
DA:389,0
DA:400,0
DA:401,0
DA:402,0
DA:406,0
DA:411,0
DA:413,0
DA:414,0
DA:415,0
DA:417,0
DA:418,0
DA:425,0
DA:426,0
DA:427,0
DA:428,0
DA:429,0
DA:430,0
DA:434,0
DA:436,0
DA:437,0
DA:438,0
DA:445,0
DA:446,0
DA:447,0
DA:449,0
DA:450,0
DA:451,0
DA:464,0
DA:465,0
DA:466,0
DA:470,0
DA:471,0
DA:484,0
DA:487,0
DA:488,0
DA:489,0
DA:490,0
DA:491,0
DA:492,0
DA:494,0
DA:495,0
DA:508,0
DA:509,0
DA:510,0
DA:516,0
DA:517,0
DA:523,0
DA:524,0
DA:530,0
DA:531,0
LF:111
LH:0
BRDA:263,0,0,0
BRDA:263,0,1,0
BRDA:270,1,0,0
BRDA:270,1,1,0
BRDA:278,2,0,0
BRDA:278,2,1,0
BRDA:278,3,0,0
BRDA:278,3,1,0
BRDA:284,4,0,0
BRDA:284,4,1,0
BRDA:285,5,0,0
BRDA:285,5,1,0
BRDA:326,6,0,0
BRDA:326,6,1,0
BRDA:339,7,0,0
BRDA:339,7,1,0
BRDA:346,8,0,0
BRDA:346,8,1,0
BRDA:347,9,0,0
BRDA:347,9,1,0
BRDA:349,10,0,0
BRDA:349,10,1,0
BRDA:353,11,0,0
BRDA:353,11,1,0
BRDA:356,12,0,0
BRDA:356,12,1,0
BRDA:359,13,0,0
BRDA:359,13,1,0
BRDA:361,14,0,0
BRDA:361,14,1,0
BRDA:372,15,0,0
BRDA:372,15,1,0
BRDA:388,16,0,0
BRDA:388,16,1,0
BRDA:414,17,0,0
BRDA:414,17,1,0
BRDA:427,18,0,0
BRDA:427,18,1,0
BRDA:429,19,0,0
BRDA:429,19,1,0
BRDA:434,20,0,0
BRDA:434,20,1,0
BRDA:434,21,0,0
BRDA:434,21,1,0
BRDA:446,22,0,0
BRDA:446,22,1,0
BRDA:446,23,0,0
BRDA:446,23,1,0
BRDA:489,24,0,0
BRDA:489,24,1,0
BRDA:489,25,0,0
BRDA:489,25,1,0
BRDA:491,26,0,0
BRDA:491,26,1,0
BRDA:491,27,0,0
BRDA:491,27,1,0
BRDA:509,28,0,0
BRDA:509,28,1,0
BRDA:516,29,0,0
BRDA:516,29,1,0
BRF:60
BRH:0
end_of_record
TN:
SF:/home/ashishiyer9/Portal Project/chatbot-vue/src/Chatbot/Dashboard/Billing.vue
FN:142,data
FN:187,created
FN:213,(anonymous_4)
FN:236,(anonymous_5)
FN:265,mounted
FN:271,(anonymous_7)
FN:314,toggle_change
FN:321,call_payment
FN:328,(anonymous_10)
FN:365,handler
FN:370,(anonymous_12)
FN:410,handler
FNF:12
FNH:0
FNDA:0,data
FNDA:0,created
FNDA:0,(anonymous_4)
FNDA:0,(anonymous_5)
FNDA:0,mounted
FNDA:0,(anonymous_7)
FNDA:0,toggle_change
FNDA:0,call_payment
FNDA:0,(anonymous_10)
FNDA:0,handler
FNDA:0,(anonymous_12)
FNDA:0,handler
DA:132,0
DA:133,0
DA:134,0
DA:135,0
DA:136,0
DA:137,0
DA:143,0
DA:187,0
DA:188,0
DA:189,0
DA:193,0
DA:195,0
DA:196,0
DA:197,0
DA:198,0
DA:200,0
DA:201,0
DA:204,0
DA:205,0
DA:207,0
DA:212,0
DA:221,0
DA:224,0
DA:225,0
DA:231,0
DA:233,0
DA:235,0
DA:244,0
DA:245,0
DA:246,0
DA:247,0
DA:248,0
DA:249,0
DA:250,0
DA:251,0
DA:252,0
DA:257,0
DA:258,0
DA:261,0
DA:265,0
DA:266,0
DA:270,0
DA:275,0
DA:276,0
DA:277,0
DA:281,0
DA:282,0
DA:283,0
DA:315,0
DA:316,0
DA:318,0
DA:321,0
DA:322,0
DA:323,0
DA:324,0
DA:325,0
DA:327,0
DA:340,0
DA:341,0
DA:342,0
DA:343,0
DA:345,0
DA:348,0
DA:349,0
DA:350,0
DA:351,0
DA:352,0
DA:353,0
DA:355,0
DA:356,0
DA:366,0
DA:367,0
DA:368,0
DA:369,0
DA:379,0
DA:380,0
DA:396,0
DA:397,0
DA:398,0
DA:400,0
DA:401,0
DA:402,0
DA:403,0
DA:411,0
DA:412,0
DA:413,0
DA:414,0
DA:415,0
DA:429,0
DA:430,0
DA:431,0
LF:91
LH:0
BRDA:189,0,0,0
BRDA:189,0,1,0
BRDA:189,1,0,0
BRDA:189,1,1,0
BRDA:195,2,0,0
BRDA:195,2,1,0
BRDA:196,3,0,0
BRDA:196,3,1,0
BRDA:207,4,0,0
BRDA:207,4,1,0
BRDA:207,5,0,0
BRDA:207,5,1,0
BRDA:225,6,0,0
BRDA:225,6,1,0
BRDA:225,7,0,0
BRDA:225,7,1,0
BRDA:225,7,2,0
BRDA:225,7,3,0
BRDA:252,8,0,0
BRDA:252,8,1,0
BRDA:252,9,0,0
BRDA:252,9,1,0
BRDA:266,10,0,0
BRDA:266,10,1,0
BRDA:266,11,0,0
BRDA:266,11,1,0
BRDA:275,12,0,0
BRDA:275,12,1,0
BRDA:315,13,0,0
BRDA:315,13,1,0
BRDA:323,14,0,0
BRDA:323,14,1,0
BRDA:324,15,0,0
BRDA:324,15,1,0
BRDA:340,16,0,0
BRDA:340,16,1,0
BRDA:348,17,0,0
BRDA:348,17,1,0
BRDA:352,18,0,0
BRDA:352,18,1,0
BRDA:379,19,0,0
BRDA:379,19,1,0
BRF:42
BRH:0
end_of_record
TN:
SF:/home/ashishiyer9/Portal Project/chatbot-vue/src/Chatbot/Dashboard/BotChat.vue
FN:204,data
FN:225,created
FN:245,(anonymous_4)
FN:271,(anonymous_5)
FN:318,(anonymous_6)
FN:336,mounted
FN:337,(anonymous_8)
FN:343,(anonymous_9)
FN:375,(anonymous_10)
FN:427,(anonymous_11)
FN:445,(anonymous_12)
FN:451,(anonymous_13)
FN:463,generate_time
FN:484,scroll_previous_chats
FN:494,(anonymous_16)
FN:499,(anonymous_17)
FN:541,create_new_peer_peer_chat
FN:548,(anonymous_19)
FN:559,(anonymous_20)
FN:610,button_fill
FN:617,connect_groups
FN:633,(anonymous_23)
FN:669,menu_scroll
FN:676,chat_scroll
FN:685,load_widget
FN:695,select_conversation
FN:710,indicate_typing
FN:717,send_message
FN:740,update_scrollbar
FN:741,(anonymous_31)
FNF:30
FNH:0
FNDA:0,data
FNDA:0,created
FNDA:0,(anonymous_4)
FNDA:0,(anonymous_5)
FNDA:0,(anonymous_6)
FNDA:0,mounted
FNDA:0,(anonymous_8)
FNDA:0,(anonymous_9)
FNDA:0,(anonymous_10)
FNDA:0,(anonymous_11)
FNDA:0,(anonymous_12)
FNDA:0,(anonymous_13)
FNDA:0,generate_time
FNDA:0,scroll_previous_chats
FNDA:0,(anonymous_16)
FNDA:0,(anonymous_17)
FNDA:0,create_new_peer_peer_chat
FNDA:0,(anonymous_19)
FNDA:0,(anonymous_20)
FNDA:0,button_fill
FNDA:0,connect_groups
FNDA:0,(anonymous_23)
FNDA:0,menu_scroll
FNDA:0,chat_scroll
FNDA:0,load_widget
FNDA:0,select_conversation
FNDA:0,indicate_typing
FNDA:0,send_message
FNDA:0,update_scrollbar
FNDA:0,(anonymous_31)
DA:196,0
DA:197,0
DA:198,0
DA:199,0
DA:200,0
DA:201,0
DA:202,0
DA:205,0
DA:225,0
DA:226,0
DA:227,0
DA:231,0
DA:233,0
DA:234,0
DA:235,0
DA:236,0
DA:238,0
DA:241,0
DA:242,0
DA:244,0
DA:252,0
DA:254,0
DA:255,0
DA:256,0
DA:257,0
DA:258,0
DA:259,0
DA:262,0
DA:265,0
DA:270,0
DA:280,0
DA:281,0
DA:282,0
DA:286,0
DA:287,0
DA:288,0
DA:291,0
DA:293,0
DA:311,0
DA:316,0
DA:317,0
DA:328,0
DA:329,0
DA:336,0
DA:337,0
DA:338,0
DA:339,0
DA:340,0
DA:341,0
DA:342,0
DA:350,0
DA:352,0
DA:353,0
DA:354,0
DA:355,0
DA:356,0
DA:360,0
DA:363,0
DA:369,0
DA:374,0
DA:384,0
DA:385,0
DA:389,0
DA:392,0
DA:395,0
DA:396,0
DA:399,0
DA:401,0
DA:419,0
DA:425,0
DA:426,0
DA:437,0
DA:438,0
DA:445,0
DA:446,0
DA:447,0
DA:448,0
DA:451,0
DA:452,0
DA:453,0
DA:454,0
DA:455,0
DA:456,0
DA:457,0
DA:458,0
DA:464,0
DA:466,0
DA:467,0
DA:468,0
DA:469,0
DA:470,0
DA:471,0
DA:472,0
DA:473,0
DA:474,0
DA:476,0
DA:477,0
DA:478,0
DA:480,0
DA:484,0
DA:485,0
DA:486,0
DA:487,0
DA:488,0
DA:489,0
DA:494,0
DA:495,0
DA:497,0
DA:498,0
DA:508,0
DA:509,0
DA:510,0
DA:514,0
DA:515,0
DA:516,0
DA:519,0
DA:521,0
DA:541,0
DA:542,0
DA:543,0
DA:544,0
DA:546,0
DA:547,0
DA:553,0
DA:554,0
DA:555,0
DA:556,0
DA:558,0
DA:566,0
DA:568,0
DA:569,0
DA:570,0
DA:571,0
DA:572,0
DA:573,0
DA:577,0
DA:581,0
DA:585,0
DA:591,0
DA:596,0
DA:597,0
DA:602,0
DA:603,0
DA:604,0
DA:611,0
DA:612,0
DA:613,0
DA:614,0
DA:617,0
DA:618,0
DA:619,0
DA:625,0
DA:627,0
DA:630,0
DA:631,0
DA:632,0
DA:633,0
DA:634,0
DA:635,0
DA:636,0
DA:637,0
DA:638,0
DA:639,0
DA:640,0
DA:642,0
DA:643,0
DA:644,0
DA:645,0
DA:648,0
DA:649,0
DA:650,0
DA:654,0
DA:658,0
DA:665,0
DA:670,0
DA:671,0
DA:672,0
DA:673,0
DA:677,0
DA:678,0
DA:680,0
DA:681,0
DA:686,0
DA:687,0
DA:688,0
DA:689,0
DA:690,0
DA:691,0
DA:692,0
DA:696,0
DA:697,0
DA:698,0
DA:699,0
DA:700,0
DA:701,0
DA:702,0
DA:703,0
DA:704,0
DA:705,0
DA:707,0
DA:711,0
DA:714,0
DA:715,0
DA:718,0
DA:722,0
DA:728,0
DA:729,0
DA:730,0
DA:733,0
DA:736,0
DA:737,0
DA:741,0
DA:742,0
LF:213
LH:0
BRDA:226,0,0,0
BRDA:226,0,1,0
BRDA:227,1,0,0
BRDA:227,1,1,0
BRDA:227,2,0,0
BRDA:227,2,1,0
BRDA:233,3,0,0
BRDA:233,3,1,0
BRDA:234,4,0,0
BRDA:234,4,1,0
BRDA:252,5,0,0
BRDA:252,5,1,0
BRDA:255,6,0,0
BRDA:255,6,1,0
BRDA:257,7,0,0
BRDA:257,7,1,0
BRDA:259,8,0,0
BRDA:259,8,1,0
BRDA:286,9,0,0
BRDA:286,9,1,0
BRDA:288,10,0,0
BRDA:288,10,1,0
BRDA:294,11,0,0
BRDA:294,11,1,0
BRDA:299,12,0,0
BRDA:299,12,1,0
BRDA:316,13,0,0
BRDA:316,13,1,0
BRDA:338,14,0,0
BRDA:338,14,1,0
BRDA:338,15,0,0
BRDA:338,15,1,0
BRDA:341,16,0,0
BRDA:341,16,1,0
BRDA:350,17,0,0
BRDA:350,17,1,0
BRDA:353,18,0,0
BRDA:353,18,1,0
BRDA:355,19,0,0
BRDA:355,19,1,0
BRDA:360,20,0,0
BRDA:360,20,1,0
BRDA:392,21,0,0
BRDA:392,21,1,0
BRDA:396,22,0,0
BRDA:396,22,1,0
BRDA:402,23,0,0
BRDA:402,23,1,0
BRDA:407,24,0,0
BRDA:407,24,1,0
BRDA:425,25,0,0
BRDA:425,25,1,0
BRDA:425,26,0,0
BRDA:425,26,1,0
BRDA:446,27,0,0
BRDA:446,27,1,0
BRDA:446,28,0,0
BRDA:446,28,1,0
BRDA:452,29,0,0
BRDA:452,29,1,0
BRDA:466,30,0,0
BRDA:466,30,1,0
BRDA:469,31,0,0
BRDA:469,31,1,0
BRDA:472,32,0,0
BRDA:472,32,1,0
BRDA:477,33,0,0
BRDA:477,33,1,0
BRDA:486,34,0,0
BRDA:486,34,1,0
BRDA:488,35,0,0
BRDA:488,35,1,0
BRDA:497,36,0,0
BRDA:497,36,1,0
BRDA:514,37,0,0
BRDA:514,37,1,0
BRDA:516,38,0,0
BRDA:516,38,1,0
BRDA:522,39,0,0
BRDA:522,39,1,0
BRDA:527,40,0,0
BRDA:527,40,1,0
BRDA:543,41,0,0
BRDA:543,41,1,0
BRDA:553,42,0,0
BRDA:553,42,1,0
BRDA:555,43,0,0
BRDA:555,43,1,0
BRDA:566,44,0,0
BRDA:566,44,1,0
BRDA:571,45,0,0
BRDA:571,45,1,0
BRDA:573,46,0,0
BRDA:573,46,1,0
BRDA:581,47,0,0
BRDA:581,47,1,0
BRDA:596,48,0,0
BRDA:596,48,1,0
BRDA:602,49,0,0
BRDA:602,49,1,0
BRDA:613,50,0,0
BRDA:613,50,1,0
BRDA:618,51,0,0
BRDA:618,51,1,0
BRDA:634,52,0,0
BRDA:634,52,1,0
BRDA:637,53,0,0
BRDA:637,53,1,0
BRDA:639,54,0,0
BRDA:639,54,1,0
BRDA:642,55,0,0
BRDA:642,55,1,0
BRDA:642,56,0,0
BRDA:642,56,1,0
BRDA:644,57,0,0
BRDA:644,57,1,0
BRDA:648,58,0,0
BRDA:648,58,1,0
BRDA:650,59,0,0
BRDA:650,59,1,0
BRDA:650,60,0,0
BRDA:650,60,1,0
BRDA:670,61,0,0
BRDA:670,61,1,0
BRDA:672,62,0,0
BRDA:672,62,1,0
BRDA:677,63,0,0
BRDA:677,63,1,0
BRDA:680,64,0,0
BRDA:680,64,1,0
BRDA:688,65,0,0
BRDA:688,65,1,0
BRDA:691,66,0,0
BRDA:691,66,1,0
BRDA:697,67,0,0
BRDA:697,67,1,0
BRDA:698,68,0,0
BRDA:698,68,1,0
BRDA:702,69,0,0
BRDA:702,69,1,0
BRDA:718,70,0,0
BRDA:718,70,1,0
BRDA:718,71,0,0
BRDA:718,71,1,0
BRDA:729,72,0,0
BRDA:729,72,1,0
BRF:146
BRH:0
end_of_record
TN:
SF:/home/ashishiyer9/Portal Project/chatbot-vue/src/Chatbot/Dashboard/Chat.vue
FN:57,data
FN:90,created
FN:116,(anonymous_4)
FN:129,edit_submit
FN:139,(anonymous_6)
FN:163,edit_text
FN:167,insertMessage
FN:177,(anonymous_9)
FN:184,update_message
FN:193,notify_superadmin
FN:196,(anonymous_12)
FN:211,send
FN:212,(anonymous_14)
FN:228,toggle_component
FNF:14
FNH:0
FNDA:0,data
FNDA:0,created
FNDA:0,(anonymous_4)
FNDA:0,edit_submit
FNDA:0,(anonymous_6)
FNDA:0,edit_text
FNDA:0,insertMessage
FNDA:0,(anonymous_9)
FNDA:0,update_message
FNDA:0,notify_superadmin
FNDA:0,(anonymous_12)
FNDA:0,send
FNDA:0,(anonymous_14)
FNDA:0,toggle_component
DA:48,0
DA:49,0
DA:50,0
DA:51,0
DA:52,0
DA:53,0
DA:55,0
DA:58,0
DA:90,0
DA:91,0
DA:93,0
DA:94,0
DA:95,0
DA:96,0
DA:98,0
DA:99,0
DA:102,0
DA:106,0
DA:108,0
DA:109,0
DA:110,0
DA:111,0
DA:115,0
DA:125,0
DA:129,0
DA:130,0
DA:131,0
DA:132,0
DA:136,0
DA:138,0
DA:150,0
DA:151,0
DA:152,0
DA:153,0
DA:154,0
DA:155,0
DA:156,0
DA:157,0
DA:158,0
DA:164,0
DA:165,0
DA:167,0
DA:168,0
DA:169,0
DA:171,0
DA:172,0
DA:173,0
DA:174,0
DA:175,0
DA:176,0
DA:177,0
DA:178,0
DA:179,0
DA:180,0
DA:185,0
DA:190,0
DA:191,0
DA:193,0
DA:195,0
DA:205,0
DA:206,0
DA:207,0
DA:208,0
DA:211,0
DA:212,0
DA:225,0
DA:229,0
DA:230,0
DA:231,0
DA:234,0
DA:235,0
DA:236,0
DA:238,0
LF:73
LH:0
BRDA:93,0,0,0
BRDA:93,0,1,0
BRDA:94,1,0,0
BRDA:94,1,1,0
BRDA:102,2,0,0
BRDA:102,2,1,0
BRDA:102,3,0,0
BRDA:102,3,1,0
BRDA:108,4,0,0
BRDA:108,4,1,0
BRDA:130,5,0,0
BRDA:130,5,1,0
BRDA:130,6,0,0
BRDA:130,6,1,0
BRDA:132,7,0,0
BRDA:132,7,1,0
BRDA:132,8,0,0
BRDA:132,8,1,0
BRDA:151,9,0,0
BRDA:151,9,1,0
BRDA:168,10,0,0
BRDA:168,10,1,0
BRDA:229,11,0,0
BRDA:229,11,1,0
BRDA:234,12,0,0
BRDA:234,12,1,0
BRF:26
BRH:0
end_of_record
TN:
SF:/home/ashishiyer9/Portal Project/chatbot-vue/src/Chatbot/Dashboard/ChatWidget.vue
FN:90,data
FN:102,created
FN:109,(anonymous_4)
FN:119,(anonymous_5)
FN:144,generate_time
FN:164,mounted
FN:165,(anonymous_8)
FN:171,(anonymous_9)
FN:183,(anonymous_10)
FN:186,(anonymous_11)
FN:200,load_widget
FN:220,send_message
FN:237,(anonymous_14)
FN:257,(anonymous_15)
FN:275,(anonymous_16)
FN:281,button_fill
FN:288,update_scrollbar
FN:290,(anonymous_19)
FN:293,(anonymous_20)
FNF:19
FNH:0
FNDA:0,data
FNDA:0,created
FNDA:0,(anonymous_4)
FNDA:0,(anonymous_5)
FNDA:0,generate_time
FNDA:0,mounted
FNDA:0,(anonymous_8)
FNDA:0,(anonymous_9)
FNDA:0,(anonymous_10)
FNDA:0,(anonymous_11)
FNDA:0,load_widget
FNDA:0,send_message
FNDA:0,(anonymous_14)
FNDA:0,(anonymous_15)
FNDA:0,(anonymous_16)
FNDA:0,button_fill
FNDA:0,update_scrollbar
FNDA:0,(anonymous_19)
FNDA:0,(anonymous_20)
DA:85,0
DA:86,0
DA:87,0
DA:88,0
DA:91,0
DA:102,0
DA:103,0
DA:104,0
DA:108,0
DA:115,0
DA:116,0
DA:117,0
DA:118,0
DA:133,0
DA:136,0
DA:137,0
DA:138,0
DA:139,0
DA:140,0
DA:145,0
DA:147,0
DA:148,0
DA:149,0
DA:150,0
DA:151,0
DA:152,0
DA:153,0
DA:154,0
DA:155,0
DA:157,0
DA:158,0
DA:159,0
DA:161,0
DA:164,0
DA:165,0
DA:166,0
DA:167,0
DA:168,0
DA:171,0
DA:172,0
DA:173,0
DA:174,0
DA:175,0
DA:176,0
DA:177,0
DA:178,0
DA:179,0
DA:183,0
DA:184,0
DA:185,0
DA:192,0
DA:193,0
DA:195,0
DA:201,0
DA:202,0
DA:203,0
DA:204,0
DA:208,0
DA:209,0
DA:210,0
DA:211,0
DA:212,0
DA:213,0
DA:214,0
DA:215,0
DA:216,0
DA:217,0
DA:220,0
DA:221,0
DA:222,0
DA:223,0
DA:224,0
DA:225,0
DA:226,0
DA:232,0
DA:233,0
DA:236,0
DA:251,0
DA:252,0
DA:257,0
DA:258,0
DA:260,0
DA:261,0
DA:267,0
DA:274,0
DA:277,0
DA:282,0
DA:283,0
DA:284,0
DA:285,0
DA:289,0
DA:290,0
DA:291,0
DA:293,0
DA:294,0
LF:95
LH:0
BRDA:92,0,0,0
BRDA:92,0,1,0
BRDA:104,1,0,0
BRDA:104,1,1,0
BRDA:104,2,0,0
BRDA:104,2,1,0
BRDA:136,3,0,0
BRDA:136,3,1,0
BRDA:138,4,0,0
BRDA:138,4,1,0
BRDA:147,5,0,0
BRDA:147,5,1,0
BRDA:150,6,0,0
BRDA:150,6,1,0
BRDA:153,7,0,0
BRDA:153,7,1,0
BRDA:158,8,0,0
BRDA:158,8,1,0
BRDA:166,9,0,0
BRDA:166,9,1,0
BRDA:172,10,0,0
BRDA:172,10,1,0
BRDA:175,11,0,0
BRDA:175,11,1,0
BRDA:184,12,0,0
BRDA:184,12,1,0
BRDA:204,13,0,0
BRDA:204,13,1,0
BRDA:204,14,0,0
BRDA:204,14,1,0
BRDA:213,15,0,0
BRDA:213,15,1,0
BRDA:224,16,0,0
BRDA:224,16,1,0
BRDA:224,17,0,0
BRDA:224,17,1,0
BRDA:251,18,0,0
BRDA:251,18,1,0
BRDA:260,19,0,0
BRDA:260,19,1,0
BRDA:284,20,0,0
BRDA:284,20,1,0
BRF:42
BRH:0
end_of_record
TN:
SF:/home/ashishiyer9/Portal Project/chatbot-vue/src/Chatbot/Dashboard/Chatscreen.vue
FN:176,data
FN:199,mounted
FN:203,generate_time
FN:221,created
FN:233,(anonymous_6)
FN:245,(anonymous_7)
FN:259,enter
FN:266,complete
FN:273,leave
FN:280,complete
FN:287,show_popup
FN:291,send_message
FN:300,(anonymous_14)
FN:319,click_prompt
FN:322,(anonymous_16)
FN:329,(anonymous_17)
FN:347,(anonymous_18)
FN:357,intent_fields
FN:360,edit_submit
FN:371,(anonymous_21)
FN:392,button_fill
FN:398,create_chat
FN:401,update_scrollbar
FN:402,(anonymous_25)
FN:405,(anonymous_26)
FN:411,notify_superadmin
FN:418,(anonymous_28)
FNF:27
FNH:0
FNDA:0,data
FNDA:0,mounted
FNDA:0,generate_time
FNDA:0,created
FNDA:0,(anonymous_6)
FNDA:0,(anonymous_7)
FNDA:0,enter
FNDA:0,complete
FNDA:0,leave
FNDA:0,complete
FNDA:0,show_popup
FNDA:0,send_message
FNDA:0,(anonymous_14)
FNDA:0,click_prompt
FNDA:0,(anonymous_16)
FNDA:0,(anonymous_17)
FNDA:0,(anonymous_18)
FNDA:0,intent_fields
FNDA:0,edit_submit
FNDA:0,(anonymous_21)
FNDA:0,button_fill
FNDA:0,create_chat
FNDA:0,update_scrollbar
FNDA:0,(anonymous_25)
FNDA:0,(anonymous_26)
FNDA:0,notify_superadmin
FNDA:0,(anonymous_28)
DA:170,0
DA:171,0
DA:172,0
DA:177,0
DA:200,0
DA:204,0
DA:206,0
DA:207,0
DA:208,0
DA:209,0
DA:210,0
DA:211,0
DA:212,0
DA:213,0
DA:214,0
DA:216,0
DA:217,0
DA:221,0
DA:222,0
DA:223,0
DA:224,0
DA:225,0
DA:226,0
DA:227,0
DA:229,0
DA:230,0
DA:232,0
DA:242,0
DA:244,0
DA:254,0
DA:260,0
DA:261,0
DA:267,0
DA:268,0
DA:274,0
DA:275,0
DA:281,0
DA:282,0
DA:288,0
DA:289,0
DA:291,0
DA:292,0
DA:297,0
DA:298,0
DA:299,0
DA:309,0
DA:313,0
DA:314,0
DA:317,0
DA:319,0
DA:320,0
DA:322,0
DA:323,0
DA:325,0
DA:327,0
DA:328,0
DA:336,0
DA:337,0
DA:338,0
DA:340,0
DA:341,0
DA:342,0
DA:345,0
DA:346,0
DA:353,0
DA:358,0
DA:360,0
DA:361,0
DA:362,0
DA:363,0
DA:364,0
DA:368,0
DA:370,0
DA:382,0
DA:383,0
DA:384,0
DA:385,0
DA:386,0
DA:390,0
DA:393,0
DA:394,0
DA:395,0
DA:399,0
DA:402,0
DA:403,0
DA:405,0
DA:406,0
DA:411,0
DA:412,0
DA:413,0
DA:414,0
DA:415,0
DA:416,0
DA:417,0
DA:430,0
DA:431,0
DA:434,0
LF:97
LH:0
BRDA:206,0,0,0
BRDA:206,0,1,0
BRDA:209,1,0,0
BRDA:209,1,1,0
BRDA:212,2,0,0
BRDA:212,2,1,0
BRDA:222,3,0,0
BRDA:222,3,1,0
BRDA:225,4,0,0
BRDA:225,4,1,0
BRDA:268,5,0,0
BRDA:268,5,1,0
BRDA:298,6,0,0
BRDA:298,6,1,0
BRDA:298,7,0,0
BRDA:298,7,1,0
BRDA:327,8,0,0
BRDA:327,8,1,0
BRDA:336,9,0,0
BRDA:336,9,1,0
BRDA:345,10,0,0
BRDA:345,10,1,0
BRDA:362,11,0,0
BRDA:362,11,1,0
BRDA:362,12,0,0
BRDA:362,12,1,0
BRDA:364,13,0,0
BRDA:364,13,1,0
BRDA:364,14,0,0
BRDA:364,14,1,0
BRDA:384,15,0,0
BRDA:384,15,1,0
BRDA:394,16,0,0
BRDA:394,16,1,0
BRDA:413,17,0,0
BRDA:413,17,1,0
BRDA:416,18,0,0
BRDA:416,18,1,0
BRDA:430,19,0,0
BRDA:430,19,1,0
BRF:40
BRH:0
end_of_record
TN:
SF:/home/ashishiyer9/Portal Project/chatbot-vue/src/Chatbot/Dashboard/ClosedChatbot.vue
FN:157,data
FN:187,mounted
FN:191,generate_time
FN:209,created
FN:213,(anonymous_6)
FN:230,(anonymous_7)
FN:241,(anonymous_8)
FN:245,beforeEnter
FN:248,enter
FN:255,complete
FN:262,leave
FN:269,complete
FN:276,show_popup
FN:280,sub_leaf_node_call
FN:294,(anonymous_16)
FN:302,(anonymous_17)
FN:325,(anonymous_18)
FN:333,send_message
FN:337,(anonymous_20)
FN:350,(anonymous_21)
FN:367,(anonymous_22)
FN:390,(anonymous_23)
FN:402,(anonymous_24)
FN:413,click_prompt
FN:416,(anonymous_26)
FN:423,(anonymous_27)
FN:443,(anonymous_28)
FN:453,button_fill
FN:459,create_chat
FN:462,update_scrollbar
FN:463,(anonymous_32)
FN:466,(anonymous_33)
FNF:32
FNH:0
FNDA:0,data
FNDA:0,mounted
FNDA:0,generate_time
FNDA:0,created
FNDA:0,(anonymous_6)
FNDA:0,(anonymous_7)
FNDA:0,(anonymous_8)
FNDA:0,beforeEnter
FNDA:0,enter
FNDA:0,complete
FNDA:0,leave
FNDA:0,complete
FNDA:0,show_popup
FNDA:0,sub_leaf_node_call
FNDA:0,(anonymous_16)
FNDA:0,(anonymous_17)
FNDA:0,(anonymous_18)
FNDA:0,send_message
FNDA:0,(anonymous_20)
FNDA:0,(anonymous_21)
FNDA:0,(anonymous_22)
FNDA:0,(anonymous_23)
FNDA:0,(anonymous_24)
FNDA:0,click_prompt
FNDA:0,(anonymous_26)
FNDA:0,(anonymous_27)
FNDA:0,(anonymous_28)
FNDA:0,button_fill
FNDA:0,create_chat
FNDA:0,update_scrollbar
FNDA:0,(anonymous_32)
FNDA:0,(anonymous_33)
DA:151,0
DA:152,0
DA:153,0
DA:158,0
DA:188,0
DA:192,0
DA:194,0
DA:195,0
DA:196,0
DA:197,0
DA:198,0
DA:199,0
DA:200,0
DA:201,0
DA:202,0
DA:204,0
DA:205,0
DA:209,0
DA:210,0
DA:211,0
DA:212,0
DA:227,0
DA:229,0
DA:236,0
DA:237,0
DA:238,0
DA:239,0
DA:240,0
DA:246,0
DA:249,0
DA:250,0
DA:256,0
DA:257,0
DA:263,0
DA:264,0
DA:270,0
DA:271,0
DA:277,0
DA:278,0
DA:280,0
DA:281,0
DA:282,0
DA:283,0
DA:284,0
DA:285,0
DA:286,0
DA:287,0
DA:289,0
DA:293,0
DA:294,0
DA:295,0
DA:297,0
DA:298,0
DA:299,0
DA:300,0
DA:301,0
DA:316,0
DA:324,0
DA:325,0
DA:326,0
DA:329,0
DA:333,0
DA:334,0
DA:335,0
DA:336,0
DA:343,0
DA:344,0
DA:345,0
DA:346,0
DA:347,0
DA:348,0
DA:350,0
DA:351,0
DA:353,0
DA:355,0
DA:356,0
DA:357,0
DA:365,0
DA:366,0
DA:381,0
DA:389,0
DA:390,0
DA:391,0
DA:394,0
DA:395,0
DA:399,0
DA:400,0
DA:401,0
DA:408,0
DA:411,0
DA:413,0
DA:414,0
DA:416,0
DA:417,0
DA:419,0
DA:421,0
DA:422,0
DA:430,0
DA:431,0
DA:432,0
DA:434,0
DA:435,0
DA:436,0
DA:439,0
DA:440,0
DA:441,0
DA:442,0
DA:449,0
DA:454,0
DA:455,0
DA:456,0
DA:460,0
DA:463,0
DA:464,0
DA:466,0
DA:467,0
LF:116
LH:0
BRDA:194,0,0,0
BRDA:194,0,1,0
BRDA:197,1,0,0
BRDA:197,1,1,0
BRDA:200,2,0,0
BRDA:200,2,1,0
BRDA:257,3,0,0
BRDA:257,3,1,0
BRDA:282,4,0,0
BRDA:282,4,1,0
BRDA:285,5,0,0
BRDA:285,5,1,0
BRDA:289,6,0,0
BRDA:289,6,1,0
BRDA:289,7,0,0
BRDA:289,7,1,0
BRDA:298,8,0,0
BRDA:298,8,1,0
BRDA:334,9,0,0
BRDA:334,9,1,0
BRDA:334,10,0,0
BRDA:334,10,1,0
BRDA:355,11,0,0
BRDA:355,11,1,0
BRDA:400,12,0,0
BRDA:400,12,1,0
BRDA:400,13,0,0
BRDA:400,13,1,0
BRDA:421,14,0,0
BRDA:421,14,1,0
BRDA:430,15,0,0
BRDA:430,15,1,0
BRDA:439,16,0,0
BRDA:439,16,1,0
BRDA:455,17,0,0
BRDA:455,17,1,0
BRF:36
BRH:0
end_of_record
TN:
SF:/home/ashishiyer9/Portal Project/chatbot-vue/src/Chatbot/Dashboard/ConfigApi.vue
FN:372,data
FN:401,created
FN:415,(anonymous_4)
FN:426,(anonymous_5)
FN:442,req_json
FN:450,delete_api
FN:452,(anonymous_8)
FN:463,(anonymous_9)
FN:475,(anonymous_10)
FN:483,delete_individual
FN:489,delete_selected
FN:497,edit_api
FN:511,selected_list
FN:527,(anonymous_15)
FN:534,add_api
FN:550,(anonymous_17)
FN:570,(anonymous_18)
FN:584,clear_fields
FN:597,api_list_update
FN:613,json_request_class
FN:621,json_response_class
FN:630,mounted
FN:632,(anonymous_24)
FN:642,(anonymous_25)
FNF:24
FNH:0
FNDA:0,data
FNDA:0,created
FNDA:0,(anonymous_4)
FNDA:0,(anonymous_5)
FNDA:0,req_json
FNDA:0,delete_api
FNDA:0,(anonymous_8)
FNDA:0,(anonymous_9)
FNDA:0,(anonymous_10)
FNDA:0,delete_individual
FNDA:0,delete_selected
FNDA:0,edit_api
FNDA:0,selected_list
FNDA:0,(anonymous_15)
FNDA:0,add_api
FNDA:0,(anonymous_17)
FNDA:0,(anonymous_18)
FNDA:0,clear_fields
FNDA:0,api_list_update
FNDA:0,json_request_class
FNDA:0,json_response_class
FNDA:0,mounted
FNDA:0,(anonymous_24)
FNDA:0,(anonymous_25)
DA:365,0
DA:366,0
DA:367,0
DA:368,0
DA:373,0
DA:401,0
DA:402,0
DA:406,0
DA:407,0
DA:408,0
DA:409,0
DA:411,0
DA:412,0
DA:414,0
DA:423,0
DA:425,0
DA:436,0
DA:437,0
DA:443,0
DA:444,0
DA:446,0
DA:448,0
DA:450,0
DA:451,0
DA:452,0
DA:461,0
DA:462,0
DA:472,0
DA:473,0
DA:474,0
DA:475,0
DA:476,0
DA:484,0
DA:485,0
DA:486,0
DA:487,0
DA:490,0
DA:491,0
DA:492,0
DA:493,0
DA:495,0
DA:498,0
DA:499,0
DA:500,0
DA:501,0
DA:502,0
DA:503,0
DA:504,0
DA:505,0
DA:506,0
DA:507,0
DA:508,0
DA:509,0
DA:512,0
DA:513,0
DA:516,0
DA:517,0
DA:518,0
DA:519,0
DA:520,0
DA:522,0
DA:523,0
DA:524,0
DA:525,0
DA:527,0
DA:528,0
DA:530,0
DA:534,0
DA:535,0
DA:536,0
DA:537,0
DA:539,0
DA:549,0
DA:567,0
DA:568,0
DA:569,0
DA:570,0
DA:571,0
DA:573,0
DA:574,0
DA:581,0
DA:585,0
DA:586,0
DA:587,0
DA:588,0
DA:589,0
DA:590,0
DA:591,0
DA:592,0
DA:593,0
DA:594,0
DA:595,0
DA:598,0
DA:599,0
DA:614,0
DA:615,0
DA:617,0
DA:619,0
DA:622,0
DA:623,0
DA:625,0
DA:627,0
DA:631,0
DA:632,0
DA:633,0
DA:635,0
DA:637,0
DA:638,0
DA:641,0
DA:642,0
DA:643,0
LF:111
LH:0
BRDA:402,0,0,0
BRDA:402,0,1,0
BRDA:402,1,0,0
BRDA:402,1,1,0
BRDA:407,2,0,0
BRDA:407,2,1,0
BRDA:461,3,0,0
BRDA:461,3,1,0
BRDA:473,4,0,0
BRDA:473,4,1,0
BRDA:512,5,0,0
BRDA:512,5,1,0
BRDA:513,6,0,0
BRDA:513,6,1,0
BRDA:516,7,0,0
BRDA:516,7,1,0
BRDA:519,8,0,0
BRDA:519,8,1,0
BRDA:522,9,0,0
BRDA:522,9,1,0
BRDA:524,10,0,0
BRDA:524,10,1,0
BRDA:536,11,0,0
BRDA:536,11,1,0
BRDA:539,12,0,0
BRDA:539,12,1,0
BRDA:539,13,0,0
BRDA:539,13,1,0
BRDA:539,13,2,0
BRDA:539,13,3,0
BRDA:539,13,4,0
BRDA:539,13,5,0
BRDA:539,13,6,0
BRDA:539,13,7,0
BRDA:567,14,0,0
BRDA:567,14,1,0
BRDA:573,15,0,0
BRDA:573,15,1,0
BRDA:633,16,0,0
BRDA:633,16,1,0
BRF:40
BRH:0
end_of_record
TN:
SF:/home/ashishiyer9/Portal Project/chatbot-vue/src/Chatbot/Dashboard/CreateChatGroups.vue
FN:157,data
FN:172,created
FN:191,(anonymous_4)
FN:208,(anonymous_5)
FN:225,mounted
FN:227,(anonymous_7)
FN:235,get_users_list
FN:237,(anonymous_9)
FN:254,submit_new_group
FN:258,(anonymous_11)
FN:271,(anonymous_12)
FN:277,(anonymous_13)
FN:281,(anonymous_14)
FN:306,(anonymous_15)
FN:312,(anonymous_16)
FN:316,(anonymous_17)
FN:328,user_selected
FN:333,new_user_removed
FN:341,remove_user
FN:343,(anonymous_21)
FN:359,(anonymous_22)
FN:369,(anonymous_23)
FN:379,clear_fields
FN:385,delete_single
FN:391,delete_group_api
FN:392,(anonymous_27)
FN:403,(anonymous_28)
FN:414,(anonymous_29)
FN:421,edit_group
FNF:29
FNH:0
FNDA:0,data
FNDA:0,created
FNDA:0,(anonymous_4)
FNDA:0,(anonymous_5)
FNDA:0,mounted
FNDA:0,(anonymous_7)
FNDA:0,get_users_list
FNDA:0,(anonymous_9)
FNDA:0,submit_new_group
FNDA:0,(anonymous_11)
FNDA:0,(anonymous_12)
FNDA:0,(anonymous_13)
FNDA:0,(anonymous_14)
FNDA:0,(anonymous_15)
FNDA:0,(anonymous_16)
FNDA:0,(anonymous_17)
FNDA:0,user_selected
FNDA:0,new_user_removed
FNDA:0,remove_user
FNDA:0,(anonymous_21)
FNDA:0,(anonymous_22)
FNDA:0,(anonymous_23)
FNDA:0,clear_fields
FNDA:0,delete_single
FNDA:0,delete_group_api
FNDA:0,(anonymous_27)
FNDA:0,(anonymous_28)
FNDA:0,(anonymous_29)
FNDA:0,edit_group
DA:152,0
DA:153,0
DA:154,0
DA:155,0
DA:158,0
DA:172,0
DA:173,0
DA:177,0
DA:179,0
DA:180,0
DA:181,0
DA:182,0
DA:184,0
DA:187,0
DA:188,0
DA:190,0
DA:198,0
DA:200,0
DA:201,0
DA:202,0
DA:207,0
DA:218,0
DA:219,0
DA:226,0
DA:227,0
DA:228,0
DA:235,0
DA:236,0
DA:245,0
DA:247,0
DA:254,0
DA:255,0
DA:256,0
DA:257,0
DA:264,0
DA:265,0
DA:266,0
DA:268,0
DA:269,0
DA:270,0
DA:277,0
DA:278,0
DA:280,0
DA:281,0
DA:286,0
DA:287,0
DA:294,0
DA:295,0
DA:296,0
DA:301,0
DA:302,0
DA:303,0
DA:305,0
DA:312,0
DA:313,0
DA:315,0
DA:316,0
DA:320,0
DA:321,0
DA:329,0
DA:330,0
DA:334,0
DA:335,0
DA:336,0
DA:338,0
DA:341,0
DA:342,0
DA:343,0
DA:355,0
DA:356,0
DA:357,0
DA:358,0
DA:365,0
DA:366,0
DA:367,0
DA:371,0
DA:373,0
DA:374,0
DA:380,0
DA:381,0
DA:382,0
DA:383,0
DA:386,0
DA:387,0
DA:388,0
DA:389,0
DA:391,0
DA:392,0
DA:401,0
DA:402,0
DA:410,0
DA:411,0
DA:412,0
DA:416,0
DA:422,0
DA:423,0
DA:424,0
DA:425,0
DA:426,0
DA:427,0
DA:429,0
LF:101
LH:0
BRDA:173,0,0,0
BRDA:173,0,1,0
BRDA:173,1,0,0
BRDA:173,1,1,0
BRDA:179,2,0,0
BRDA:179,2,1,0
BRDA:180,3,0,0
BRDA:180,3,1,0
BRDA:198,4,0,0
BRDA:198,4,1,0
BRDA:201,5,0,0
BRDA:201,5,1,0
BRDA:245,6,0,0
BRDA:245,6,1,0
BRDA:256,7,0,0
BRDA:256,7,1,0
BRDA:256,8,0,0
BRDA:256,8,1,0
BRDA:268,9,0,0
BRDA:268,9,1,0
BRDA:280,10,0,0
BRDA:280,10,1,0
BRDA:286,11,0,0
BRDA:286,11,1,0
BRDA:294,12,0,0
BRDA:294,12,1,0
BRDA:296,13,0,0
BRDA:296,13,1,0
BRDA:296,14,0,0
BRDA:296,14,1,0
BRDA:296,14,2,0
BRDA:315,15,0,0
BRDA:315,15,1,0
BRDA:320,16,0,0
BRDA:320,16,1,0
BRDA:329,17,0,0
BRDA:329,17,1,0
BRDA:335,18,0,0
BRDA:335,18,1,0
BRDA:335,19,0,0
BRDA:335,19,1,0
BRDA:342,20,0,0
BRDA:342,20,1,0
BRDA:355,21,0,0
BRDA:355,21,1,0
BRDA:365,22,0,0
BRDA:365,22,1,0
BRDA:373,23,0,0
BRDA:373,23,1,0
BRDA:401,24,0,0
BRDA:401,24,1,0
BRDA:410,25,0,0
BRDA:410,25,1,0
BRF:53
BRH:0
end_of_record
TN:
SF:/home/ashishiyer9/Portal Project/chatbot-vue/src/Chatbot/Dashboard/Dashboard.vue
FN:73,created
FN:90,(anonymous_3)
FN:134,(anonymous_4)
FN:146,(anonymous_5)
FN:158,updated
FN:159,(anonymous_7)
FN:164,(anonymous_8)
FN:168,data
FN:198,graph_2_bar_chart_dropdown
FN:202,(anonymous_11)
FN:246,bar_chart_dropdown
FN:249,(anonymous_13)
FN:261,update_chart_data
FN:294,update_questions
FNF:14
FNH:0
FNDA:0,created
FNDA:0,(anonymous_3)
FNDA:0,(anonymous_4)
FNDA:0,(anonymous_5)
FNDA:0,updated
FNDA:0,(anonymous_7)
FNDA:0,(anonymous_8)
FNDA:0,data
FNDA:0,graph_2_bar_chart_dropdown
FNDA:0,(anonymous_11)
FNDA:0,bar_chart_dropdown
FNDA:0,(anonymous_13)
FNDA:0,update_chart_data
FNDA:0,update_questions
DA:60,0
DA:61,0
DA:62,0
DA:63,0
DA:64,0
DA:65,0
DA:73,0
DA:74,0
DA:78,0
DA:80,0
DA:81,0
DA:82,0
DA:83,0
DA:86,0
DA:87,0
DA:89,0
DA:99,0
DA:100,0
DA:101,0
DA:102,0
DA:103,0
DA:104,0
DA:114,0
DA:115,0
DA:116,0
DA:117,0
DA:118,0
DA:122,0
DA:133,0
DA:143,0
DA:145,0
DA:155,0
DA:158,0
DA:159,0
DA:160,0
DA:161,0
DA:164,0
DA:165,0
DA:169,0
DA:198,0
DA:199,0
DA:201,0
DA:211,0
DA:212,0
DA:213,0
DA:214,0
DA:215,0
DA:216,0
DA:226,0
DA:227,0
DA:228,0
DA:229,0
DA:230,0
DA:234,0
DA:246,0
DA:247,0
DA:248,0
DA:258,0
DA:262,0
DA:263,0
DA:264,0
DA:265,0
DA:266,0
DA:267,0
DA:277,0
DA:278,0
DA:279,0
DA:280,0
DA:281,0
DA:283,0
DA:300,0
DA:301,0
DA:302,0
DA:303,0
DA:304,0
DA:305,0
DA:311,0
DA:312,0
DA:313,0
DA:314,0
DA:315,0
DA:316,0
DA:317,0
LF:83
LH:0
BRDA:74,0,0,0
BRDA:74,0,1,0
BRDA:74,1,0,0
BRDA:74,1,1,0
BRDA:80,2,0,0
BRDA:80,2,1,0
BRDA:81,3,0,0
BRDA:81,3,1,0
BRDA:103,4,0,0
BRDA:103,4,1,0
BRDA:160,5,0,0
BRDA:160,5,1,0
BRDA:215,6,0,0
BRDA:215,6,1,0
BRDA:266,7,0,0
BRDA:266,7,1,0
BRDA:300,8,0,0
BRDA:300,8,1,0
BRDA:311,9,0,0
BRDA:311,9,1,0
BRF:20
BRH:0
end_of_record
TN:
SF:/home/ashishiyer9/Portal Project/chatbot-vue/src/Chatbot/Dashboard/Email.vue
FN:289,data
FN:310,created
FN:330,(anonymous_4)
FN:354,(anonymous_5)
FN:373,(anonymous_6)
FN:385,mounted
FN:387,(anonymous_8)
FN:396,(anonymous_9)
FN:401,email_selected
FN:420,(anonymous_11)
FN:427,delete_selected
FN:435,delete_single
FN:441,delete_mail_api
FN:442,(anonymous_15)
FN:453,(anonymous_16)
FN:465,(anonymous_17)
FN:473,(anonymous_18)
FN:480,clear_fields
FN:489,add_mail
FN:503,(anonymous_21)
FN:525,(anonymous_22)
FN:550,(anonymous_23)
FN:587,(anonymous_24)
FN:591,edit_mail
FN:599,(anonymous_26)
FNF:25
FNH:0
FNDA:0,data
FNDA:0,created
FNDA:0,(anonymous_4)
FNDA:0,(anonymous_5)
FNDA:0,(anonymous_6)
FNDA:0,mounted
FNDA:0,(anonymous_8)
FNDA:0,(anonymous_9)
FNDA:0,email_selected
FNDA:0,(anonymous_11)
FNDA:0,delete_selected
FNDA:0,delete_single
FNDA:0,delete_mail_api
FNDA:0,(anonymous_15)
FNDA:0,(anonymous_16)
FNDA:0,(anonymous_17)
FNDA:0,(anonymous_18)
FNDA:0,clear_fields
FNDA:0,add_mail
FNDA:0,(anonymous_21)
FNDA:0,(anonymous_22)
FNDA:0,(anonymous_23)
FNDA:0,(anonymous_24)
FNDA:0,edit_mail
FNDA:0,(anonymous_26)
DA:282,0
DA:283,0
DA:285,0
DA:286,0
DA:290,0
DA:310,0
DA:311,0
DA:315,0
DA:316,0
DA:317,0
DA:318,0
DA:319,0
DA:321,0
DA:322,0
DA:325,0
DA:326,0
DA:328,0
DA:329,0
DA:339,0
DA:340,0
DA:346,0
DA:347,0
DA:351,0
DA:353,0
DA:363,0
DA:364,0
DA:372,0
DA:382,0
DA:386,0
DA:387,0
DA:388,0
DA:390,0
DA:392,0
DA:393,0
DA:396,0
DA:397,0
DA:402,0
DA:403,0
DA:404,0
DA:405,0
DA:406,0
DA:409,0
DA:410,0
DA:411,0
DA:412,0
DA:413,0
DA:415,0
DA:416,0
DA:417,0
DA:418,0
DA:420,0
DA:421,0
DA:423,0
DA:428,0
DA:429,0
DA:430,0
DA:432,0
DA:433,0
DA:436,0
DA:437,0
DA:438,0
DA:439,0
DA:441,0
DA:442,0
DA:451,0
DA:452,0
DA:462,0
DA:463,0
DA:464,0
DA:465,0
DA:466,0
DA:468,0
DA:469,0
DA:475,0
DA:481,0
DA:482,0
DA:483,0
DA:484,0
DA:485,0
DA:486,0
DA:487,0
DA:489,0
DA:490,0
DA:491,0
DA:492,0
DA:499,0
DA:501,0
DA:502,0
DA:516,0
DA:520,0
DA:523,0
DA:524,0
DA:534,0
DA:535,0
DA:541,0
DA:545,0
DA:548,0
DA:549,0
DA:559,0
DA:560,0
DA:566,0
DA:567,0
DA:573,0
DA:580,0
DA:581,0
DA:582,0
DA:583,0
DA:584,0
DA:585,0
DA:586,0
DA:587,0
DA:588,0
DA:591,0
DA:592,0
DA:596,0
DA:598,0
DA:609,0
DA:610,0
DA:611,0
DA:612,0
DA:613,0
DA:614,0
DA:615,0
LF:123
LH:0
BRDA:311,0,0,0
BRDA:311,0,1,0
BRDA:311,1,0,0
BRDA:311,1,1,0
BRDA:316,2,0,0
BRDA:316,2,1,0
BRDA:317,3,0,0
BRDA:317,3,1,0
BRDA:328,4,0,0
BRDA:328,4,1,0
BRDA:346,5,0,0
BRDA:346,5,1,0
BRDA:347,6,0,0
BRDA:347,6,1,0
BRDA:347,7,0,0
BRDA:347,7,1,0
BRDA:388,8,0,0
BRDA:388,8,1,0
BRDA:402,9,0,0
BRDA:402,9,1,0
BRDA:403,10,0,0
BRDA:403,10,1,0
BRDA:405,11,0,0
BRDA:405,11,1,0
BRDA:409,12,0,0
BRDA:409,12,1,0
BRDA:412,13,0,0
BRDA:412,13,1,0
BRDA:415,14,0,0
BRDA:415,14,1,0
BRDA:417,15,0,0
BRDA:417,15,1,0
BRDA:451,16,0,0
BRDA:451,16,1,0
BRDA:463,17,0,0
BRDA:463,17,1,0
BRDA:468,18,0,0
BRDA:468,18,1,0
BRDA:491,19,0,0
BRDA:491,19,1,0
BRDA:492,20,0,0
BRDA:492,20,1,0
BRDA:492,21,0,0
BRDA:492,21,1,0
BRDA:492,21,2,0
BRDA:492,21,3,0
BRDA:492,21,4,0
BRDA:516,22,0,0
BRDA:516,22,1,0
BRDA:516,23,0,0
BRDA:516,23,1,0
BRDA:541,24,0,0
BRDA:541,24,1,0
BRDA:541,25,0,0
BRDA:541,25,1,0
BRDA:566,26,0,0
BRDA:566,26,1,0
BRDA:592,27,0,0
BRDA:592,27,1,0
BRDA:592,28,0,0
BRDA:592,28,1,0
BRF:61
BRH:0
end_of_record
TN:
SF:/home/ashishiyer9/Portal Project/chatbot-vue/src/Chatbot/Dashboard/Example.vue
FN:42,created
FN:43,(anonymous_3)
FN:45,(anonymous_4)
FNF:3
FNH:0
FNDA:0,created
FNDA:0,(anonymous_3)
FNDA:0,(anonymous_4)
DA:38,0
DA:43,0
DA:44,0
DA:45,0
DA:46,0
LF:5
LH:0
BRF:0
BRH:0
end_of_record
TN:
SF:/home/ashishiyer9/Portal Project/chatbot-vue/src/Chatbot/Dashboard/LiveChat.vue
FN:123,data
FN:144,generate_time
FN:164,mounted
FN:177,(anonymous_5)
FN:184,(anonymous_6)
FN:188,(anonymous_7)
FN:191,(anonymous_8)
FN:202,(anonymous_9)
FN:215,button_fill
FN:221,send_message
FN:234,update_scrollbar
FN:235,(anonymous_13)
FN:238,(anonymous_14)
FN:244,user_list_class
FN:251,select_user
FNF:15
FNH:0
FNDA:0,data
FNDA:0,generate_time
FNDA:0,mounted
FNDA:0,(anonymous_5)
FNDA:0,(anonymous_6)
FNDA:0,(anonymous_7)
FNDA:0,(anonymous_8)
FNDA:0,(anonymous_9)
FNDA:0,button_fill
FNDA:0,send_message
FNDA:0,update_scrollbar
FNDA:0,(anonymous_13)
FNDA:0,(anonymous_14)
FNDA:0,user_list_class
FNDA:0,select_user
DA:118,0
DA:119,0
DA:120,0
DA:121,0
DA:124,0
DA:145,0
DA:147,0
DA:148,0
DA:149,0
DA:150,0
DA:151,0
DA:152,0
DA:153,0
DA:154,0
DA:155,0
DA:157,0
DA:158,0
DA:159,0
DA:161,0
DA:164,0
DA:165,0
DA:172,0
DA:173,0
DA:176,0
DA:177,0
DA:178,0
DA:182,0
DA:183,0
DA:184,0
DA:185,0
DA:186,0
DA:188,0
DA:189,0
DA:191,0
DA:192,0
DA:193,0
DA:199,0
DA:202,0
DA:203,0
DA:204,0
DA:205,0
DA:208,0
DA:209,0
DA:211,0
DA:216,0
DA:217,0
DA:218,0
DA:222,0
DA:223,0
DA:229,0
DA:230,0
DA:231,0
DA:235,0
DA:236,0
DA:238,0
DA:239,0
DA:245,0
DA:246,0
DA:248,0
DA:252,0
DA:253,0
DA:254,0
LF:62
LH:0
BRDA:128,0,0,0
BRDA:128,0,1,0
BRDA:131,1,0,0
BRDA:131,1,1,0
BRDA:147,2,0,0
BRDA:147,2,1,0
BRDA:150,3,0,0
BRDA:150,3,1,0
BRDA:153,4,0,0
BRDA:153,4,1,0
BRDA:158,5,0,0
BRDA:158,5,1,0
BRDA:192,6,0,0
BRDA:192,6,1,0
BRDA:204,7,0,0
BRDA:204,7,1,0
BRDA:217,8,0,0
BRDA:217,8,1,0
BRDA:222,9,0,0
BRDA:222,9,1,0
BRDA:222,10,0,0
BRDA:222,10,1,0
BRDA:245,11,0,0
BRDA:245,11,1,0
BRF:24
BRH:0
end_of_record
TN:
SF:/home/ashishiyer9/Portal Project/chatbot-vue/src/Chatbot/Dashboard/Miscellaneous.vue
FN:690,data
FN:745,created
FN:752,(anonymous_4)
FN:774,(anonymous_5)
FN:797,(anonymous_6)
FN:814,(anonymous_7)
FN:827,mounted
FN:829,(anonymous_9)
FN:839,sms_settings
FN:842,(anonymous_11)
FN:856,save_greetings
FN:859,(anonymous_13)
FN:872,(anonymous_14)
FN:878,support_modal
FN:886,(anonymous_16)
FN:909,(anonymous_17)
FN:987,contact_select
FN:1008,(anonymous_19)
FN:1015,empty_variable
FN:1020,edit_support_number
FN:1029,pagination_class
FN:1036,button_class
FN:1047,multiple_language_style
FN:1048,multiple_language_api
FN:1113,page_require
FN:1120,(anonymous_27)
FN:1136,check_number_validity
FN:1143,delete_support_number
FN:1145,(anonymous_30)
FN:1156,(anonymous_31)
FN:1174,(anonymous_32)
FN:1182,delete_multiple_support_number
FN:1185,(anonymous_34)
FN:1196,(anonymous_35)
FN:1208,(anonymous_36)
FN:1217,add_mail
FN:1220,(anonymous_38)
FN:1235,submit_numbers
FN:1251,(anonymous_40)
FN:1271,(anonymous_41)
FN:1285,(anonymous_42)
FN:1299,(anonymous_43)
FN:1307,language_support_api
FN:1309,(anonymous_45)
FN:1324,fileinput
FN:1331,createImage
FN:1334,(anonymous_48)
FN:1339,download_sdk
FN:1341,(anonymous_50)
FN:1363,call_history_page_require
FN:1366,(anonymous_52)
FN:1384,upload_image
FN:1393,(anonymous_54)
FN:1417,(anonymous_55)
FN:1428,(anonymous_56)
FN:1451,(anonymous_57)
FNF:56
FNH:0
FNDA:0,data
FNDA:0,created
FNDA:0,(anonymous_4)
FNDA:0,(anonymous_5)
FNDA:0,(anonymous_6)
FNDA:0,(anonymous_7)
FNDA:0,mounted
FNDA:0,(anonymous_9)
FNDA:0,sms_settings
FNDA:0,(anonymous_11)
FNDA:0,save_greetings
FNDA:0,(anonymous_13)
FNDA:0,(anonymous_14)
FNDA:0,support_modal
FNDA:0,(anonymous_16)
FNDA:0,(anonymous_17)
FNDA:0,contact_select
FNDA:0,(anonymous_19)
FNDA:0,empty_variable
FNDA:0,edit_support_number
FNDA:0,pagination_class
FNDA:0,button_class
FNDA:0,multiple_language_style
FNDA:0,multiple_language_api
FNDA:0,page_require
FNDA:0,(anonymous_27)
FNDA:0,check_number_validity
FNDA:0,delete_support_number
FNDA:0,(anonymous_30)
FNDA:0,(anonymous_31)
FNDA:0,(anonymous_32)
FNDA:0,delete_multiple_support_number
FNDA:0,(anonymous_34)
FNDA:0,(anonymous_35)
FNDA:0,(anonymous_36)
FNDA:0,add_mail
FNDA:0,(anonymous_38)
FNDA:0,submit_numbers
FNDA:0,(anonymous_40)
FNDA:0,(anonymous_41)
FNDA:0,(anonymous_42)
FNDA:0,(anonymous_43)
FNDA:0,language_support_api
FNDA:0,(anonymous_45)
FNDA:0,fileinput
FNDA:0,createImage
FNDA:0,(anonymous_48)
FNDA:0,download_sdk
FNDA:0,(anonymous_50)
FNDA:0,call_history_page_require
FNDA:0,(anonymous_52)
FNDA:0,upload_image
FNDA:0,(anonymous_54)
FNDA:0,(anonymous_55)
FNDA:0,(anonymous_56)
FNDA:0,(anonymous_57)
DA:681,0
DA:682,0
DA:683,0
DA:684,0
DA:685,0
DA:686,0
DA:687,0
DA:691,0
DA:745,0
DA:746,0
DA:750,0
DA:751,0
DA:762,0
DA:763,0
DA:764,0
DA:766,0
DA:767,0
DA:768,0
DA:770,0
DA:771,0
DA:773,0
DA:783,0
DA:784,0
DA:785,0
DA:786,0
DA:787,0
DA:788,0
DA:792,0
DA:796,0
DA:808,0
DA:809,0
DA:810,0
DA:813,0
DA:823,0
DA:824,0
DA:828,0
DA:829,0
DA:830,0
DA:831,0
DA:833,0
DA:834,0
DA:840,0
DA:841,0
DA:851,0
DA:852,0
DA:856,0
DA:857,0
DA:858,0
DA:870,0
DA:871,0
DA:872,0
DA:873,0
DA:878,0
DA:879,0
DA:880,0
DA:881,0
DA:885,0
DA:898,0
DA:899,0
DA:902,0
DA:903,0
DA:904,0
DA:908,0
DA:920,0
DA:921,0
DA:924,0
DA:925,0
DA:926,0
DA:928,0
DA:929,0
DA:930,0
DA:933,0
DA:934,0
DA:937,0
DA:938,0
DA:944,0
DA:945,0
DA:947,0
DA:948,0
DA:950,0
DA:951,0
DA:953,0
DA:954,0
DA:956,0
DA:957,0
DA:959,0
DA:960,0
DA:962,0
DA:963,0
DA:965,0
DA:966,0
DA:968,0
DA:969,0
DA:971,0
DA:972,0
DA:974,0
DA:975,0
DA:977,0
DA:978,0
DA:980,0
DA:981,0
DA:983,0
DA:988,0
DA:989,0
DA:990,0
DA:991,0
DA:992,0
DA:995,0
DA:996,0
DA:999,0
DA:1000,0
DA:1001,0
DA:1003,0
DA:1004,0
DA:1005,0
DA:1006,0
DA:1008,0
DA:1009,0
DA:1011,0
DA:1016,0
DA:1017,0
DA:1018,0
DA:1021,0
DA:1022,0
DA:1023,0
DA:1024,0
DA:1025,0
DA:1026,0
DA:1027,0
DA:1030,0
DA:1031,0
DA:1033,0
DA:1037,0
DA:1038,0
DA:1039,0
DA:1040,0
DA:1041,0
DA:1044,0
DA:1049,0
DA:1050,0
DA:1051,0
DA:1052,0
DA:1053,0
DA:1054,0
DA:1055,0
DA:1056,0
DA:1057,0
DA:1058,0
DA:1059,0
DA:1060,0
DA:1061,0
DA:1063,0
DA:1064,0
DA:1065,0
DA:1068,0
DA:1071,0
DA:1074,0
DA:1077,0
DA:1082,0
DA:1083,0
DA:1085,0
DA:1087,0
DA:1088,0
DA:1091,0
DA:1094,0
DA:1097,0
DA:1100,0
DA:1105,0
DA:1106,0
DA:1108,0
DA:1113,0
DA:1114,0
DA:1115,0
DA:1117,0
DA:1118,0
DA:1119,0
DA:1130,0
DA:1131,0
DA:1132,0
DA:1137,0
DA:1138,0
DA:1140,0
DA:1143,0
DA:1144,0
DA:1145,0
DA:1154,0
DA:1155,0
DA:1172,0
DA:1173,0
DA:1174,0
DA:1175,0
DA:1182,0
DA:1183,0
DA:1184,0
DA:1185,0
DA:1194,0
DA:1195,0
DA:1206,0
DA:1207,0
DA:1208,0
DA:1209,0
DA:1217,0
DA:1218,0
DA:1219,0
DA:1232,0
DA:1235,0
DA:1236,0
DA:1237,0
DA:1242,0
DA:1243,0
DA:1244,0
DA:1246,0
DA:1247,0
DA:1248,0
DA:1249,0
DA:1250,0
DA:1267,0
DA:1268,0
DA:1269,0
DA:1270,0
DA:1271,0
DA:1272,0
DA:1274,0
DA:1275,0
DA:1280,0
DA:1281,0
DA:1282,0
DA:1283,0
DA:1284,0
DA:1296,0
DA:1297,0
DA:1298,0
DA:1299,0
DA:1300,0
DA:1307,0
DA:1308,0
DA:1318,0
DA:1320,0
DA:1325,0
DA:1326,0
DA:1327,0
DA:1328,0
DA:1329,0
DA:1331,0
DA:1332,0
DA:1334,0
DA:1335,0
DA:1337,0
DA:1339,0
DA:1340,0
DA:1341,0
DA:1354,0
DA:1355,0
DA:1356,0
DA:1357,0
DA:1358,0
DA:1359,0
DA:1360,0
DA:1363,0
DA:1364,0
DA:1365,0
DA:1377,0
DA:1378,0
DA:1379,0
DA:1382,0
DA:1384,0
DA:1385,0
DA:1386,0
DA:1387,0
DA:1392,0
DA:1406,0
DA:1407,0
DA:1408,0
DA:1411,0
DA:1412,0
DA:1414,0
DA:1415,0
DA:1416,0
DA:1417,0
DA:1418,0
DA:1422,0
DA:1427,0
DA:1440,0
DA:1441,0
DA:1442,0
DA:1448,0
DA:1449,0
DA:1450,0
DA:1451,0
DA:1452,0
DA:1456,0
LF:291
LH:0
BRDA:746,0,0,0
BRDA:746,0,1,0
BRDA:746,1,0,0
BRDA:746,1,1,0
BRDA:766,2,0,0
BRDA:766,2,1,0
BRDA:787,3,0,0
BRDA:787,3,1,0
BRDA:792,4,0,0
BRDA:792,4,1,0
BRDA:792,5,0,0
BRDA:792,5,1,0
BRDA:830,6,0,0
BRDA:830,6,1,0
BRDA:851,7,0,0
BRDA:851,7,1,0
BRDA:870,8,0,0
BRDA:870,8,1,0
BRDA:881,9,0,0
BRDA:881,9,1,0
BRDA:881,10,0,0
BRDA:881,10,1,0
BRDA:933,11,0,0
BRDA:933,11,1,0
BRDA:949,12,0,0
BRDA:949,12,1,0
BRDA:949,12,2,0
BRDA:949,12,3,0
BRDA:949,12,4,0
BRDA:949,12,5,0
BRDA:949,12,6,0
BRDA:949,12,7,0
BRDA:949,12,8,0
BRDA:949,12,9,0
BRDA:949,12,10,0
BRDA:949,12,11,0
BRDA:988,13,0,0
BRDA:988,13,1,0
BRDA:989,14,0,0
BRDA:989,14,1,0
BRDA:991,15,0,0
BRDA:991,15,1,0
BRDA:995,16,0,0
BRDA:995,16,1,0
BRDA:1000,17,0,0
BRDA:1000,17,1,0
BRDA:1003,18,0,0
BRDA:1003,18,1,0
BRDA:1005,19,0,0
BRDA:1005,19,1,0
BRDA:1030,20,0,0
BRDA:1030,20,1,0
BRDA:1037,21,0,0
BRDA:1037,21,1,0
BRDA:1038,22,0,0
BRDA:1038,22,1,0
BRDA:1040,23,0,0
BRDA:1040,23,1,0
BRDA:1050,24,0,0
BRDA:1050,24,1,0
BRDA:1052,25,0,0
BRDA:1052,25,1,0
BRDA:1057,26,0,0
BRDA:1057,26,1,0
BRDA:1063,27,0,0
BRDA:1063,27,1,0
BRDA:1064,28,0,0
BRDA:1064,28,1,0
BRDA:1077,29,0,0
BRDA:1077,29,1,0
BRDA:1077,30,0,0
BRDA:1077,30,1,0
BRDA:1087,31,0,0
BRDA:1087,31,1,0
BRDA:1100,32,0,0
BRDA:1100,32,1,0
BRDA:1100,33,0,0
BRDA:1100,33,1,0
BRDA:1114,34,0,0
BRDA:1114,34,1,0
BRDA:1114,35,0,0
BRDA:1114,35,1,0
BRDA:1137,36,0,0
BRDA:1137,36,1,0
BRDA:1154,37,0,0
BRDA:1154,37,1,0
BRDA:1172,38,0,0
BRDA:1172,38,1,0
BRDA:1184,39,0,0
BRDA:1184,39,1,0
BRDA:1194,40,0,0
BRDA:1194,40,1,0
BRDA:1206,41,0,0
BRDA:1206,41,1,0
BRDA:1237,42,0,0
BRDA:1237,42,1,0
BRDA:1237,43,0,0
BRDA:1237,43,1,0
BRDA:1237,43,2,0
BRDA:1243,44,0,0
BRDA:1243,44,1,0
BRDA:1249,45,0,0
BRDA:1249,45,1,0
BRDA:1268,46,0,0
BRDA:1268,46,1,0
BRDA:1274,47,0,0
BRDA:1274,47,1,0
BRDA:1280,48,0,0
BRDA:1280,48,1,0
BRDA:1296,49,0,0
BRDA:1296,49,1,0
BRDA:1318,50,0,0
BRDA:1318,50,1,0
BRDA:1326,51,0,0
BRDA:1326,51,1,0
BRDA:1327,52,0,0
BRDA:1327,52,1,0
BRDA:1387,53,0,0
BRDA:1387,53,1,0
BRDA:1387,54,0,0
BRDA:1387,54,1,0
BRDA:1387,54,2,0
BRDA:1407,55,0,0
BRDA:1407,55,1,0
BRDA:1411,56,0,0
BRDA:1411,56,1,0
BRDA:1422,57,0,0
BRDA:1422,57,1,0
BRDA:1422,58,0,0
BRDA:1422,58,1,0
BRDA:1422,58,2,0
BRDA:1441,59,0,0
BRDA:1441,59,1,0
BRF:133
BRH:0
end_of_record
TN:
SF:/home/ashishiyer9/Portal Project/chatbot-vue/src/Chatbot/Dashboard/OpenChatbot.vue
FN:79,data
FN:107,validNumber
FN:114,generate_time
FN:131,created
FN:156,(anonymous_6)
FN:168,(anonymous_7)
FN:182,call_token_refresh
FN:183,(anonymous_9)
FN:184,(anonymous_10)
FN:195,phone_call
FN:203,call_api
FN:211,(anonymous_13)
FN:229,insertMessage
FN:241,(anonymous_15)
FN:262,update_scrollbar
FN:263,(anonymous_17)
FN:266,(anonymous_18)
FN:272,button_fill
FNF:18
FNH:0
FNDA:0,data
FNDA:0,validNumber
FNDA:0,generate_time
FNDA:0,created
FNDA:0,(anonymous_6)
FNDA:0,(anonymous_7)
FNDA:0,call_token_refresh
FNDA:0,(anonymous_9)
FNDA:0,(anonymous_10)
FNDA:0,phone_call
FNDA:0,call_api
FNDA:0,(anonymous_13)
FNDA:0,insertMessage
FNDA:0,(anonymous_15)
FNDA:0,update_scrollbar
FNDA:0,(anonymous_17)
FNDA:0,(anonymous_18)
FNDA:0,button_fill
DA:75,0
DA:76,0
DA:80,0
DA:108,0
DA:109,0
DA:111,0
DA:115,0
DA:117,0
DA:118,0
DA:119,0
DA:120,0
DA:121,0
DA:122,0
DA:123,0
DA:124,0
DA:125,0
DA:127,0
DA:128,0
DA:131,0
DA:132,0
DA:133,0
DA:134,0
DA:135,0
DA:136,0
DA:138,0
DA:139,0
DA:142,0
DA:143,0
DA:144,0
DA:145,0
DA:148,0
DA:152,0
DA:154,0
DA:155,0
DA:162,0
DA:163,0
DA:165,0
DA:166,0
DA:168,0
DA:173,0
DA:174,0
DA:175,0
DA:176,0
DA:177,0
DA:182,0
DA:183,0
DA:184,0
DA:189,0
DA:190,0
DA:191,0
DA:196,0
DA:197,0
DA:199,0
DA:200,0
DA:203,0
DA:204,0
DA:205,0
DA:210,0
DA:219,0
DA:220,0
DA:224,0
DA:229,0
DA:230,0
DA:231,0
DA:232,0
DA:236,0
DA:238,0
DA:239,0
DA:240,0
DA:255,0
DA:256,0
DA:257,0
DA:258,0
DA:263,0
DA:264,0
DA:266,0
DA:267,0
DA:273,0
DA:274,0
DA:275,0
LF:80
LH:0
BRDA:108,0,0,0
BRDA:108,0,1,0
BRDA:117,1,0,0
BRDA:117,1,1,0
BRDA:120,2,0,0
BRDA:120,2,1,0
BRDA:123,3,0,0
BRDA:123,3,1,0
BRDA:133,4,0,0
BRDA:133,4,1,0
BRDA:134,5,0,0
BRDA:134,5,1,0
BRDA:142,6,0,0
BRDA:142,6,1,0
BRDA:148,7,0,0
BRDA:148,7,1,0
BRDA:148,8,0,0
BRDA:148,8,1,0
BRDA:154,9,0,0
BRDA:154,9,1,0
BRDA:165,10,0,0
BRDA:165,10,1,0
BRDA:196,11,0,0
BRDA:196,11,1,0
BRDA:204,12,0,0
BRDA:204,12,1,0
BRDA:219,13,0,0
BRDA:219,13,1,0
BRDA:230,14,0,0
BRDA:230,14,1,0
BRDA:232,15,0,0
BRDA:232,15,1,0
BRDA:232,16,0,0
BRDA:232,16,1,0
BRDA:274,17,0,0
BRDA:274,17,1,0
BRF:36
BRH:0
end_of_record
TN:
SF:/home/ashishiyer9/Portal Project/chatbot-vue/src/Chatbot/Dashboard/PartnerDashboard.vue
FN:83,data
FN:89,updated
FN:90,(anonymous_4)
FN:93,(anonymous_5)
FN:117,(anonymous_6)
FN:120,(anonymous_7)
FN:126,created
FN:127,(anonymous_9)
FNF:8
FNH:0
FNDA:0,data
FNDA:0,updated
FNDA:0,(anonymous_4)
FNDA:0,(anonymous_5)
FNDA:0,(anonymous_6)
FNDA:0,(anonymous_7)
FNDA:0,created
FNDA:0,(anonymous_9)
DA:79,0
DA:80,0
DA:81,0
DA:84,0
DA:89,0
DA:90,0
DA:91,0
DA:92,0
DA:93,0
DA:100,0
DA:101,0
DA:102,0
DA:103,0
DA:110,0
DA:118,0
DA:120,0
DA:121,0
DA:126,0
DA:127,0
DA:134,0
DA:135,0
DA:136,0
DA:139,0
DA:140,0
DA:141,0
DA:148,0
LF:26
LH:0
BRDA:91,0,0,0
BRDA:91,0,1,0
BRDA:102,1,0,0
BRDA:102,1,1,0
BRDA:102,2,0,0
BRDA:102,2,1,0
BRDA:134,3,0,0
BRDA:134,3,1,0
BRDA:140,4,0,0
BRDA:140,4,1,0
BRDA:140,5,0,0
BRDA:140,5,1,0
BRF:12
BRH:0
end_of_record
TN:
SF:/home/ashishiyer9/Portal Project/chatbot-vue/src/Chatbot/Dashboard/Payments.vue
FN:199,data
FN:214,mounted
FN:216,(anonymous_4)
FN:225,(anonymous_5)
FN:229,created
FN:231,(anonymous_7)
FN:255,payment_status
FN:258,(anonymous_9)
FN:271,delete_selected
FN:279,delete_individual
FN:285,delete_clients_api
FN:320,clear_fields
FNF:12
FNH:0
FNDA:0,data
FNDA:0,mounted
FNDA:0,(anonymous_4)
FNDA:0,(anonymous_5)
FNDA:0,created
FNDA:0,(anonymous_7)
FNDA:0,payment_status
FNDA:0,(anonymous_9)
FNDA:0,delete_selected
FNDA:0,delete_individual
FNDA:0,delete_clients_api
FNDA:0,clear_fields
DA:193,0
DA:194,0
DA:195,0
DA:196,0
DA:200,0
DA:215,0
DA:216,0
DA:217,0
DA:219,0
DA:221,0
DA:222,0
DA:225,0
DA:226,0
DA:229,0
DA:230,0
DA:241,0
DA:242,0
DA:251,0
DA:255,0
DA:256,0
DA:257,0
DA:267,0
DA:268,0
DA:272,0
DA:273,0
DA:274,0
DA:275,0
DA:277,0
DA:280,0
DA:281,0
DA:282,0
DA:283,0
DA:321,0
LF:33
LH:0
BRDA:217,0,0,0
BRDA:217,0,1,0
BRF:2
BRH:0
end_of_record
TN:
SF:/home/ashishiyer9/Portal Project/chatbot-vue/src/Chatbot/Dashboard/Permissions.vue
FN:381,data
FN:412,permissions_title
FN:420,created
FN:432,(anonymous_5)
FN:446,(anonymous_6)
FN:462,(anonymous_7)
FN:474,(anonymous_8)
FN:555,(anonymous_9)
FN:571,(anonymous_10)
FN:582,(anonymous_11)
FN:599,mounted
FN:601,(anonymous_13)
FN:610,(anonymous_14)
FN:613,(anonymous_15)
FN:616,svg_enable
FN:625,selected_roles
FN:645,(anonymous_18)
FN:652,role_modal
FN:666,delete_selected
FN:676,delete_role
FN:679,edit_modal
FN:692,page_require
FN:699,(anonymous_24)
FN:717,save_role
FN:733,(anonymous_26)
FN:749,(anonymous_27)
FN:759,(anonymous_28)
FN:771,(anonymous_29)
FN:781,edit_restrictions
FN:787,update_list
FN:803,pagination_class
FN:810,clear_fields
FNF:32
FNH:0
FNDA:0,data
FNDA:0,permissions_title
FNDA:0,created
FNDA:0,(anonymous_5)
FNDA:0,(anonymous_6)
FNDA:0,(anonymous_7)
FNDA:0,(anonymous_8)
FNDA:0,(anonymous_9)
FNDA:0,(anonymous_10)
FNDA:0,(anonymous_11)
FNDA:0,mounted
FNDA:0,(anonymous_13)
FNDA:0,(anonymous_14)
FNDA:0,(anonymous_15)
FNDA:0,svg_enable
FNDA:0,selected_roles
FNDA:0,(anonymous_18)
FNDA:0,role_modal
FNDA:0,delete_selected
FNDA:0,delete_role
FNDA:0,edit_modal
FNDA:0,page_require
FNDA:0,(anonymous_24)
FNDA:0,save_role
FNDA:0,(anonymous_26)
FNDA:0,(anonymous_27)
FNDA:0,(anonymous_28)
FNDA:0,(anonymous_29)
FNDA:0,edit_restrictions
FNDA:0,update_list
FNDA:0,pagination_class
FNDA:0,clear_fields
DA:368,0
DA:369,0
DA:370,0
DA:372,0
DA:373,0
DA:374,0
DA:382,0
DA:413,0
DA:414,0
DA:415,0
DA:416,0
DA:420,0
DA:421,0
DA:425,0
DA:427,0
DA:428,0
DA:430,0
DA:431,0
DA:443,0
DA:445,0
DA:455,0
DA:461,0
DA:471,0
DA:473,0
DA:483,0
DA:484,0
DA:485,0
DA:486,0
DA:487,0
DA:488,0
DA:492,0
DA:493,0
DA:494,0
DA:495,0
DA:498,0
DA:499,0
DA:505,0
DA:509,0
DA:510,0
DA:511,0
DA:514,0
DA:518,0
DA:519,0
DA:520,0
DA:521,0
DA:525,0
DA:531,0
DA:532,0
DA:536,0
DA:537,0
DA:538,0
DA:543,0
DA:547,0
DA:548,0
DA:551,0
DA:554,0
DA:564,0
DA:565,0
DA:570,0
DA:580,0
DA:581,0
DA:582,0
DA:583,0
DA:584,0
DA:587,0
DA:588,0
DA:589,0
DA:591,0
DA:600,0
DA:601,0
DA:602,0
DA:604,0
DA:606,0
DA:607,0
DA:610,0
DA:611,0
DA:613,0
DA:617,0
DA:618,0
DA:619,0
DA:621,0
DA:626,0
DA:627,0
DA:628,0
DA:629,0
DA:630,0
DA:631,0
DA:634,0
DA:635,0
DA:636,0
DA:637,0
DA:638,0
DA:640,0
DA:641,0
DA:642,0
DA:643,0
DA:645,0
DA:646,0
DA:648,0
DA:653,0
DA:654,0
DA:657,0
DA:659,0
DA:660,0
DA:661,0
DA:662,0
DA:663,0
DA:667,0
DA:668,0
DA:670,0
DA:671,0
DA:672,0
DA:674,0
DA:677,0
DA:680,0
DA:681,0
DA:682,0
DA:683,0
DA:684,0
DA:685,0
DA:686,0
DA:690,0
DA:692,0
DA:693,0
DA:694,0
DA:696,0
DA:697,0
DA:698,0
DA:711,0
DA:712,0
DA:713,0
DA:717,0
DA:718,0
DA:719,0
DA:721,0
DA:722,0
DA:723,0
DA:724,0
DA:725,0
DA:727,0
DA:728,0
DA:732,0
DA:745,0
DA:746,0
DA:748,0
DA:749,0
DA:750,0
DA:753,0
DA:754,0
DA:755,0
DA:756,0
DA:758,0
DA:769,0
DA:770,0
DA:771,0
DA:772,0
DA:774,0
DA:775,0
DA:777,0
DA:782,0
DA:783,0
DA:785,0
DA:790,0
DA:791,0
DA:792,0
DA:794,0
DA:796,0
DA:804,0
DA:805,0
DA:807,0
DA:811,0
DA:812,0
DA:813,0
DA:814,0
DA:815,0
LF:175
LH:0
BRDA:400,0,0,0
BRDA:400,0,1,0
BRDA:404,1,0,0
BRDA:404,1,1,0
BRDA:413,2,0,0
BRDA:413,2,1,0
BRDA:415,3,0,0
BRDA:415,3,1,0
BRDA:421,4,0,0
BRDA:421,4,1,0
BRDA:421,5,0,0
BRDA:421,5,1,0
BRDA:430,6,0,0
BRDA:430,6,1,0
BRDA:488,7,0,0
BRDA:488,7,1,0
BRDA:488,8,0,0
BRDA:488,8,1,0
BRDA:493,9,0,0
BRDA:493,9,1,0
BRDA:498,10,0,0
BRDA:498,10,1,0
BRDA:505,11,0,0
BRDA:505,11,1,0
BRDA:505,12,0,0
BRDA:505,12,1,0
BRDA:510,13,0,0
BRDA:510,13,1,0
BRDA:514,14,0,0
BRDA:514,14,1,0
BRDA:514,15,0,0
BRDA:514,15,1,0
BRDA:519,16,0,0
BRDA:519,16,1,0
BRDA:520,17,0,0
BRDA:520,17,1,0
BRDA:531,18,0,0
BRDA:531,18,1,0
BRDA:538,19,0,0
BRDA:538,19,1,0
BRDA:538,20,0,0
BRDA:538,20,1,0
BRDA:538,20,2,0
BRDA:583,21,0,0
BRDA:583,21,1,0
BRDA:583,22,0,0
BRDA:583,22,1,0
BRDA:602,23,0,0
BRDA:602,23,1,0
BRDA:618,24,0,0
BRDA:618,24,1,0
BRDA:626,25,0,0
BRDA:626,25,1,0
BRDA:627,26,0,0
BRDA:627,26,1,0
BRDA:630,27,0,0
BRDA:630,27,1,0
BRDA:634,28,0,0
BRDA:634,28,1,0
BRDA:637,29,0,0
BRDA:637,29,1,0
BRDA:640,30,0,0
BRDA:640,30,1,0
BRDA:642,31,0,0
BRDA:642,31,1,0
BRDA:654,32,0,0
BRDA:654,32,1,0
BRDA:659,33,0,0
BRDA:659,33,1,0
BRDA:661,34,0,0
BRDA:661,34,1,0
BRDA:693,35,0,0
BRDA:693,35,1,0
BRDA:693,36,0,0
BRDA:693,36,1,0
BRDA:719,37,0,0
BRDA:719,37,1,0
BRDA:719,38,0,0
BRDA:719,38,1,0
BRDA:722,39,0,0
BRDA:722,39,1,0
BRDA:728,40,0,0
BRDA:728,40,1,0
BRDA:745,41,0,0
BRDA:745,41,1,0
BRDA:753,42,0,0
BRDA:753,42,1,0
BRDA:769,43,0,0
BRDA:769,43,1,0
BRDA:774,44,0,0
BRDA:774,44,1,0
BRDA:782,45,0,0
BRDA:782,45,1,0
BRDA:791,46,0,0
BRDA:791,46,1,0
BRDA:804,47,0,0
BRDA:804,47,1,0
BRF:97
BRH:0
end_of_record
TN:
SF:/home/ashishiyer9/Portal Project/chatbot-vue/src/Chatbot/Dashboard/Profile.vue
FN:230,data
FN:245,mounted
FN:247,(anonymous_4)
FN:257,created
FN:260,(anonymous_6)
FN:281,(anonymous_7)
FN:284,(anonymous_8)
FN:290,selected_clients
FN:309,(anonymous_10)
FN:316,delete_selected
FN:324,delete_individual
FN:330,delete_clients_api
FN:331,(anonymous_14)
FN:343,(anonymous_15)
FN:354,(anonymous_16)
FN:358,(anonymous_17)
FN:365,clear_fields
FN:368,status_update
FN:378,page_require
FN:385,(anonymous_21)
FN:409,pagination_class
FN:416,send_mail
FN:420,(anonymous_24)
FN:435,(anonymous_25)
FNF:24
FNH:0
FNDA:0,data
FNDA:0,mounted
FNDA:0,(anonymous_4)
FNDA:0,created
FNDA:0,(anonymous_6)
FNDA:0,(anonymous_7)
FNDA:0,(anonymous_8)
FNDA:0,selected_clients
FNDA:0,(anonymous_10)
FNDA:0,delete_selected
FNDA:0,delete_individual
FNDA:0,delete_clients_api
FNDA:0,(anonymous_14)
FNDA:0,(anonymous_15)
FNDA:0,(anonymous_16)
FNDA:0,(anonymous_17)
FNDA:0,clear_fields
FNDA:0,status_update
FNDA:0,page_require
FNDA:0,(anonymous_21)
FNDA:0,pagination_class
FNDA:0,send_mail
FNDA:0,(anonymous_24)
FNDA:0,(anonymous_25)
DA:224,0
DA:225,0
DA:226,0
DA:227,0
DA:231,0
DA:246,0
DA:247,0
DA:248,0
DA:250,0
DA:252,0
DA:253,0
DA:257,0
DA:258,0
DA:259,0
DA:269,0
DA:270,0
DA:271,0
DA:272,0
DA:281,0
DA:282,0
DA:286,0
DA:291,0
DA:292,0
DA:293,0
DA:294,0
DA:295,0
DA:298,0
DA:299,0
DA:300,0
DA:301,0
DA:302,0
DA:304,0
DA:305,0
DA:306,0
DA:307,0
DA:309,0
DA:310,0
DA:312,0
DA:317,0
DA:318,0
DA:319,0
DA:320,0
DA:322,0
DA:325,0
DA:326,0
DA:327,0
DA:328,0
DA:330,0
DA:331,0
DA:340,0
DA:341,0
DA:342,0
DA:350,0
DA:351,0
DA:354,0
DA:355,0
DA:360,0
DA:366,0
DA:369,0
DA:370,0
DA:371,0
DA:372,0
DA:373,0
DA:374,0
DA:375,0
DA:378,0
DA:379,0
DA:380,0
DA:382,0
DA:383,0
DA:384,0
DA:394,0
DA:395,0
DA:396,0
DA:397,0
DA:410,0
DA:411,0
DA:413,0
DA:416,0
DA:417,0
DA:418,0
DA:419,0
DA:432,0
DA:433,0
DA:434,0
DA:435,0
DA:436,0
LF:87
LH:0
BRDA:248,0,0,0
BRDA:248,0,1,0
BRDA:291,1,0,0
BRDA:291,1,1,0
BRDA:292,2,0,0
BRDA:292,2,1,0
BRDA:294,3,0,0
BRDA:294,3,1,0
BRDA:298,4,0,0
BRDA:298,4,1,0
BRDA:301,5,0,0
BRDA:301,5,1,0
BRDA:304,6,0,0
BRDA:304,6,1,0
BRDA:306,7,0,0
BRDA:306,7,1,0
BRDA:340,8,0,0
BRDA:340,8,1,0
BRDA:350,9,0,0
BRDA:350,9,1,0
BRDA:371,10,0,0
BRDA:371,10,1,0
BRDA:374,11,0,0
BRDA:374,11,1,0
BRDA:379,12,0,0
BRDA:379,12,1,0
BRDA:379,13,0,0
BRDA:379,13,1,0
BRDA:410,14,0,0
BRDA:410,14,1,0
BRF:30
BRH:0
end_of_record
TN:
SF:/home/ashishiyer9/Portal Project/chatbot-vue/src/Chatbot/Dashboard/RequestChart.vue
FN:10,data
FN:25,created
FN:28,mounted
FN:39,(anonymous_5)
FN:59,draw
FN:201,(anonymous_7)
FNF:6
FNH:0
FNDA:0,data
FNDA:0,created
FNDA:0,mounted
FNDA:0,(anonymous_5)
FNDA:0,draw
FNDA:0,(anonymous_7)
DA:6,0
DA:7,0
DA:11,0
DA:26,0
DA:29,0
DA:39,0
DA:47,0
DA:48,0
DA:49,0
DA:50,0
DA:51,0
DA:52,0
DA:53,0
DA:54,0
DA:55,0
DA:57,0
DA:58,0
DA:60,0
DA:61,0
DA:63,0
DA:65,0
DA:66,0
DA:67,0
DA:68,0
DA:69,0
DA:70,0
DA:71,0
DA:72,0
DA:74,0
DA:75,0
DA:76,0
DA:77,0
DA:78,0
DA:79,0
DA:80,0
DA:83,0
DA:84,0
DA:88,0
DA:89,0
DA:90,0
DA:92,0
DA:94,0
DA:96,0
DA:98,0
DA:99,0
DA:100,0
DA:102,0
DA:103,0
DA:104,0
DA:108,0
DA:109,0
DA:110,0
DA:112,0
DA:114,0
DA:115,0
DA:116,0
DA:117,0
DA:118,0
DA:119,0
DA:121,0
DA:130,0
DA:131,0
DA:132,0
DA:135,0
DA:138,0
DA:140,0
DA:143,0
DA:144,0
DA:201,0
DA:202,0
DA:203,0
DA:204,0
DA:205,0
DA:206,0
DA:207,0
DA:208,0
LF:76
LH:0
BRDA:65,0,0,0
BRDA:65,0,1,0
BRDA:71,1,0,0
BRDA:71,1,1,0
BRDA:72,2,0,0
BRDA:72,2,1,0
BRDA:78,3,0,0
BRDA:78,3,1,0
BRDA:80,4,0,0
BRDA:80,4,1,0
BRDA:83,5,0,0
BRDA:83,5,1,0
BRDA:88,6,0,0
BRDA:88,6,1,0
BRDA:90,7,0,0
BRDA:90,7,1,0
BRDA:92,8,0,0
BRDA:92,8,1,0
BRDA:94,9,0,0
BRDA:94,9,1,0
BRDA:96,10,0,0
BRDA:96,10,1,0
BRDA:98,11,0,0
BRDA:98,11,1,0
BRDA:102,12,0,0
BRDA:102,12,1,0
BRDA:109,13,0,0
BRDA:109,13,1,0
BRDA:131,14,0,0
BRDA:131,14,1,0
BRDA:202,15,0,0
BRDA:202,15,1,0
BRF:32
BRH:0
end_of_record
TN:
SF:/home/ashishiyer9/Portal Project/chatbot-vue/src/Chatbot/Dashboard/ResponseBot.vue
FN:227,data
FN:267,mounted
FN:270,(anonymous_4)
FN:276,(anonymous_5)
FN:281,(anonymous_6)
FN:288,generate_time
FN:309,created
FN:319,(anonymous_9)
FN:328,(anonymous_10)
FN:347,(anonymous_11)
FN:365,(anonymous_12)
FN:375,(anonymous_13)
FN:379,call_api
FN:383,(anonymous_15)
FN:399,beforeEnter
FN:402,enter
FN:409,complete
FN:416,leave
FN:423,complete
FN:430,show_popup
FN:434,sub_leaf_node_call
FN:448,(anonymous_23)
FN:455,(anonymous_24)
FN:477,(anonymous_25)
FN:485,send_message
FN:488,(anonymous_27)
FN:500,(anonymous_28)
FN:526,(anonymous_29)
FN:541,(anonymous_30)
FN:569,(anonymous_31)
FN:591,(anonymous_32)
FN:630,(anonymous_33)
FN:654,click_prompt
FN:657,(anonymous_35)
FN:664,(anonymous_36)
FN:689,(anonymous_37)
FN:700,button_fill
FN:706,create_chat
FN:710,update_scrollbar
FN:711,(anonymous_41)
FN:715,(anonymous_42)
FN:720,(anonymous_43)
FNF:42
FNH:0
FNDA:0,data
FNDA:0,mounted
FNDA:0,(anonymous_4)
FNDA:0,(anonymous_5)
FNDA:0,(anonymous_6)
FNDA:0,generate_time
FNDA:0,created
FNDA:0,(anonymous_9)
FNDA:0,(anonymous_10)
FNDA:0,(anonymous_11)
FNDA:0,(anonymous_12)
FNDA:0,(anonymous_13)
FNDA:0,call_api
FNDA:0,(anonymous_15)
FNDA:0,beforeEnter
FNDA:0,enter
FNDA:0,complete
FNDA:0,leave
FNDA:0,complete
FNDA:0,show_popup
FNDA:0,sub_leaf_node_call
FNDA:0,(anonymous_23)
FNDA:0,(anonymous_24)
FNDA:0,(anonymous_25)
FNDA:0,send_message
FNDA:0,(anonymous_27)
FNDA:0,(anonymous_28)
FNDA:0,(anonymous_29)
FNDA:0,(anonymous_30)
FNDA:0,(anonymous_31)
FNDA:0,(anonymous_32)
FNDA:0,(anonymous_33)
FNDA:0,click_prompt
FNDA:0,(anonymous_35)
FNDA:0,(anonymous_36)
FNDA:0,(anonymous_37)
FNDA:0,button_fill
FNDA:0,create_chat
FNDA:0,update_scrollbar
FNDA:0,(anonymous_41)
FNDA:0,(anonymous_42)
FNDA:0,(anonymous_43)
DA:219,0
DA:220,0
DA:221,0
DA:222,0
DA:223,0
DA:228,0
DA:268,0
DA:269,0
DA:275,0
DA:278,0
DA:280,0
DA:281,0
DA:282,0
DA:283,0
DA:289,0
DA:291,0
DA:292,0
DA:293,0
DA:294,0
DA:295,0
DA:296,0
DA:297,0
DA:298,0
DA:299,0
DA:301,0
DA:302,0
DA:303,0
DA:305,0
DA:309,0
DA:310,0
DA:311,0
DA:312,0
DA:313,0
DA:314,0
DA:315,0
DA:317,0
DA:318,0
DA:325,0
DA:326,0
DA:327,0
DA:342,0
DA:346,0
DA:361,0
DA:364,0
DA:371,0
DA:372,0
DA:373,0
DA:374,0
DA:379,0
DA:380,0
DA:381,0
DA:382,0
DA:391,0
DA:392,0
DA:396,0
DA:400,0
DA:403,0
DA:404,0
DA:410,0
DA:411,0
DA:417,0
DA:418,0
DA:424,0
DA:425,0
DA:431,0
DA:432,0
DA:434,0
DA:435,0
DA:436,0
DA:437,0
DA:438,0
DA:439,0
DA:440,0
DA:441,0
DA:443,0
DA:447,0
DA:448,0
DA:449,0
DA:451,0
DA:452,0
DA:453,0
DA:454,0
DA:469,0
DA:474,0
DA:475,0
DA:476,0
DA:477,0
DA:478,0
DA:481,0
DA:485,0
DA:486,0
DA:487,0
DA:494,0
DA:495,0
DA:496,0
DA:497,0
DA:498,0
DA:500,0
DA:501,0
DA:503,0
DA:504,0
DA:505,0
DA:511,0
DA:512,0
DA:519,0
DA:525,0
DA:526,0
DA:527,0
DA:528,0
DA:529,0
DA:530,0
DA:537,0
DA:538,0
DA:539,0
DA:540,0
DA:541,0
DA:542,0
DA:543,0
DA:550,0
DA:553,0
DA:559,0
DA:565,0
DA:566,0
DA:567,0
DA:568,0
DA:583,0
DA:589,0
DA:590,0
DA:591,0
DA:592,0
DA:595,0
DA:596,0
DA:597,0
DA:600,0
DA:601,0
DA:602,0
DA:603,0
DA:605,0
DA:607,0
DA:613,0
DA:614,0
DA:615,0
DA:616,0
DA:621,0
DA:627,0
DA:628,0
DA:629,0
DA:642,0
DA:647,0
DA:648,0
DA:652,0
DA:654,0
DA:655,0
DA:657,0
DA:658,0
DA:660,0
DA:662,0
DA:663,0
DA:671,0
DA:672,0
DA:673,0
DA:675,0
DA:676,0
DA:677,0
DA:678,0
DA:679,0
DA:680,0
DA:681,0
DA:682,0
DA:683,0
DA:687,0
DA:688,0
DA:695,0
DA:696,0
DA:701,0
DA:702,0
DA:703,0
DA:707,0
DA:708,0
DA:711,0
DA:712,0
DA:714,0
DA:715,0
DA:716,0
DA:720,0
DA:721,0
LF:186
LH:0
BRDA:282,0,0,0
BRDA:282,0,1,0
BRDA:291,1,0,0
BRDA:291,1,1,0
BRDA:294,2,0,0
BRDA:294,2,1,0
BRDA:297,3,0,0
BRDA:297,3,1,0
BRDA:302,4,0,0
BRDA:302,4,1,0
BRDA:310,5,0,0
BRDA:310,5,1,0
BRDA:313,6,0,0
BRDA:313,6,1,0
BRDA:317,7,0,0
BRDA:317,7,1,0
BRDA:381,8,0,0
BRDA:381,8,1,0
BRDA:391,9,0,0
BRDA:391,9,1,0
BRDA:411,10,0,0
BRDA:411,10,1,0
BRDA:436,11,0,0
BRDA:436,11,1,0
BRDA:439,12,0,0
BRDA:439,12,1,0
BRDA:443,13,0,0
BRDA:443,13,1,0
BRDA:443,14,0,0
BRDA:443,14,1,0
BRDA:452,15,0,0
BRDA:452,15,1,0
BRDA:486,16,0,0
BRDA:486,16,1,0
BRDA:486,17,0,0
BRDA:486,17,1,0
BRDA:504,18,0,0
BRDA:504,18,1,0
BRDA:542,19,0,0
BRDA:542,19,1,0
BRDA:553,20,0,0
BRDA:553,20,1,0
BRDA:553,21,0,0
BRDA:553,21,1,0
BRDA:553,21,2,0
BRDA:553,21,3,0
BRDA:601,22,0,0
BRDA:601,22,1,0
BRDA:602,23,0,0
BRDA:602,23,1,0
BRDA:615,24,0,0
BRDA:615,24,1,0
BRDA:616,25,0,0
BRDA:616,25,1,0
BRDA:616,26,0,0
BRDA:616,26,1,0
BRDA:616,26,2,0
BRDA:662,27,0,0
BRDA:662,27,1,0
BRDA:671,28,0,0
BRDA:671,28,1,0
BRDA:675,29,0,0
BRDA:675,29,1,0
BRDA:680,30,0,0
BRDA:680,30,1,0
BRDA:687,31,0,0
BRDA:687,31,1,0
BRDA:702,32,0,0
BRDA:702,32,1,0
BRDA:714,33,0,0
BRDA:714,33,1,0
BRF:71
BRH:0
end_of_record
TN:
SF:/home/ashishiyer9/Portal Project/chatbot-vue/src/Chatbot/Dashboard/TaskResponses.vue
FN:255,data
FN:272,mounted
FN:273,(anonymous_4)
FN:281,created
FN:283,(anonymous_6)
FN:295,page_require
FN:301,(anonymous_8)
FN:324,pagination_class
FN:332,view_action
FN:335,(anonymous_11)
FN:365,chat_conversation
FN:367,(anonymous_13)
FNF:12
FNH:0
FNDA:0,data
FNDA:0,mounted
FNDA:0,(anonymous_4)
FNDA:0,created
FNDA:0,(anonymous_6)
FNDA:0,page_require
FNDA:0,(anonymous_8)
FNDA:0,pagination_class
FNDA:0,view_action
FNDA:0,(anonymous_11)
FNDA:0,chat_conversation
FNDA:0,(anonymous_13)
DA:252,0
DA:253,0
DA:256,0
DA:273,0
DA:274,0
DA:275,0
DA:277,0
DA:281,0
DA:282,0
DA:291,0
DA:296,0
DA:298,0
DA:300,0
DA:312,0
DA:325,0
DA:326,0
DA:327,0
DA:329,0
DA:332,0
DA:333,0
DA:334,0
DA:346,0
DA:347,0
DA:348,0
DA:349,0
DA:350,0
DA:351,0
DA:352,0
DA:353,0
DA:355,0
DA:359,0
DA:365,0
DA:366,0
DA:379,0
DA:380,0
DA:381,0
DA:382,0
DA:385,0
DA:388,0
DA:391,0
LF:40
LH:0
BRDA:274,0,0,0
BRDA:274,0,1,0
BRDA:296,1,0,0
BRDA:296,1,1,0
BRDA:296,2,0,0
BRDA:296,2,1,0
BRDA:326,3,0,0
BRDA:326,3,1,0
BRDA:382,4,0,0
BRDA:382,4,1,0
BRDA:388,5,0,0
BRDA:388,5,1,0
BRF:12
BRH:0
end_of_record
TN:
SF:/home/ashishiyer9/Portal Project/chatbot-vue/src/Chatbot/Dashboard/Tickets.vue
FN:550,data
FN:598,created
FN:617,(anonymous_4)
FN:643,(anonymous_5)
FN:657,mounted
FN:661,onClose
FN:669,onSelect
FN:681,onClose
FN:689,onSelect
FN:699,(anonymous_11)
FN:702,(anonymous_12)
FN:715,ticket_history
FN:717,(anonymous_14)
FN:745,ticket_edit
FN:754,edit_profile
FN:760,(anonymous_17)
FN:782,date_condition
FN:803,ticket_status
FN:806,(anonymous_20)
FN:832,(anonymous_21)
FN:858,(anonymous_22)
FN:898,(anonymous_23)
FN:938,(anonymous_24)
FN:978,(anonymous_25)
FN:1018,(anonymous_26)
FN:1044,selected_tickets
FN:1063,(anonymous_28)
FN:1070,ticket_progress_changed
FN:1073,(anonymous_30)
FN:1086,(anonymous_31)
FN:1092,delete_single
FN:1100,delete_selected
FN:1110,delete_ticket_api
FN:1111,(anonymous_35)
FN:1122,(anonymous_36)
FN:1134,(anonymous_37)
FN:1143,(anonymous_38)
FN:1150,ticket_number
FN:1155,ticket_submit
FN:1179,(anonymous_41)
FN:1206,(anonymous_42)
FN:1228,fileinput
FN:1238,edit_fileinput
FN:1249,createImage
FN:1251,(anonymous_46)
FN:1257,clear_fields
FN:1265,page_require
FN:1272,(anonymous_49)
FN:1291,pagination_class
FNF:49
FNH:0
FNDA:0,data
FNDA:0,created
FNDA:0,(anonymous_4)
FNDA:0,(anonymous_5)
FNDA:0,mounted
FNDA:0,onClose
FNDA:0,onSelect
FNDA:0,onClose
FNDA:0,onSelect
FNDA:0,(anonymous_11)
FNDA:0,(anonymous_12)
FNDA:0,ticket_history
FNDA:0,(anonymous_14)
FNDA:0,ticket_edit
FNDA:0,edit_profile
FNDA:0,(anonymous_17)
FNDA:0,date_condition
FNDA:0,ticket_status
FNDA:0,(anonymous_20)
FNDA:0,(anonymous_21)
FNDA:0,(anonymous_22)
FNDA:0,(anonymous_23)
FNDA:0,(anonymous_24)
FNDA:0,(anonymous_25)
FNDA:0,(anonymous_26)
FNDA:0,selected_tickets
FNDA:0,(anonymous_28)
FNDA:0,ticket_progress_changed
FNDA:0,(anonymous_30)
FNDA:0,(anonymous_31)
FNDA:0,delete_single
FNDA:0,delete_selected
FNDA:0,delete_ticket_api
FNDA:0,(anonymous_35)
FNDA:0,(anonymous_36)
FNDA:0,(anonymous_37)
FNDA:0,(anonymous_38)
FNDA:0,ticket_number
FNDA:0,ticket_submit
FNDA:0,(anonymous_41)
FNDA:0,(anonymous_42)
FNDA:0,fileinput
FNDA:0,edit_fileinput
FNDA:0,createImage
FNDA:0,(anonymous_46)
FNDA:0,clear_fields
FNDA:0,page_require
FNDA:0,(anonymous_49)
FNDA:0,pagination_class
DA:544,0
DA:545,0
DA:546,0
DA:547,0
DA:551,0
DA:598,0
DA:599,0
DA:603,0
DA:604,0
DA:605,0
DA:606,0
DA:607,0
DA:609,0
DA:610,0
DA:613,0
DA:614,0
DA:616,0
DA:627,0
DA:628,0
DA:632,0
DA:633,0
DA:634,0
DA:635,0
DA:636,0
DA:642,0
DA:653,0
DA:654,0
DA:658,0
DA:659,0
DA:662,0
DA:663,0
DA:664,0
DA:666,0
DA:670,0
DA:671,0
DA:672,0
DA:673,0
DA:675,0
DA:679,0
DA:682,0
DA:683,0
DA:684,0
DA:686,0
DA:690,0
DA:691,0
DA:692,0
DA:693,0
DA:695,0
DA:699,0
DA:700,0
DA:702,0
DA:703,0
DA:704,0
DA:706,0
DA:707,0
DA:710,0
DA:711,0
DA:715,0
DA:716,0
DA:727,0
DA:728,0
DA:729,0
DA:733,0
DA:734,0
DA:735,0
DA:736,0
DA:737,0
DA:738,0
DA:739,0
DA:740,0
DA:741,0
DA:746,0
DA:747,0
DA:748,0
DA:751,0
DA:752,0
DA:754,0
DA:755,0
DA:756,0
DA:758,0
DA:759,0
DA:772,0
DA:773,0
DA:774,0
DA:775,0
DA:777,0
DA:778,0
DA:783,0
DA:784,0
DA:785,0
DA:786,0
DA:787,0
DA:788,0
DA:789,0
DA:790,0
DA:791,0
DA:792,0
DA:795,0
DA:796,0
DA:797,0
DA:798,0
DA:799,0
DA:800,0
DA:801,0
DA:803,0
DA:804,0
DA:805,0
DA:820,0
DA:821,0
DA:822,0
DA:823,0
DA:824,0
DA:828,0
DA:830,0
DA:831,0
DA:846,0
DA:847,0
DA:848,0
DA:849,0
DA:850,0
DA:854,0
DA:856,0
DA:857,0
DA:872,0
DA:873,0
DA:874,0
DA:875,0
DA:876,0
DA:880,0
DA:882,0
DA:887,0
DA:892,0
DA:897,0
DA:912,0
DA:913,0
DA:914,0
DA:915,0
DA:916,0
DA:920,0
DA:922,0
DA:927,0
DA:932,0
DA:937,0
DA:952,0
DA:953,0
DA:954,0
DA:955,0
DA:956,0
DA:960,0
DA:962,0
DA:967,0
DA:972,0
DA:977,0
DA:992,0
DA:993,0
DA:994,0
DA:995,0
DA:996,0
DA:1000,0
DA:1002,0
DA:1007,0
DA:1012,0
DA:1017,0
DA:1032,0
DA:1033,0
DA:1034,0
DA:1035,0
DA:1036,0
DA:1040,0
DA:1045,0
DA:1046,0
DA:1047,0
DA:1048,0
DA:1049,0
DA:1052,0
DA:1053,0
DA:1054,0
DA:1055,0
DA:1056,0
DA:1058,0
DA:1059,0
DA:1060,0
DA:1061,0
DA:1063,0
DA:1064,0
DA:1066,0
DA:1070,0
DA:1071,0
DA:1072,0
DA:1083,0
DA:1084,0
DA:1085,0
DA:1086,0
DA:1087,0
DA:1093,0
DA:1094,0
DA:1095,0
DA:1096,0
DA:1097,0
DA:1098,0
DA:1101,0
DA:1102,0
DA:1103,0
DA:1104,0
DA:1105,0
DA:1106,0
DA:1108,0
DA:1110,0
DA:1111,0
DA:1120,0
DA:1121,0
DA:1132,0
DA:1133,0
DA:1134,0
DA:1135,0
DA:1137,0
DA:1138,0
DA:1141,0
DA:1145,0
DA:1151,0
DA:1152,0
DA:1153,0
DA:1155,0
DA:1156,0
DA:1157,0
DA:1158,0
DA:1160,0
DA:1161,0
DA:1167,0
DA:1168,0
DA:1172,0
DA:1173,0
DA:1178,0
DA:1199,0
DA:1200,0
DA:1201,0
DA:1202,0
DA:1203,0
DA:1205,0
DA:1206,0
DA:1207,0
DA:1209,0
DA:1210,0
DA:1211,0
DA:1214,0
DA:1215,0
DA:1216,0
DA:1219,0
DA:1223,0
DA:1224,0
DA:1229,0
DA:1230,0
DA:1231,0
DA:1232,0
DA:1234,0
DA:1235,0
DA:1236,0
DA:1239,0
DA:1240,0
DA:1241,0
DA:1242,0
DA:1243,0
DA:1245,0
DA:1246,0
DA:1247,0
DA:1249,0
DA:1250,0
[...]
DA:355,0
DA:357,0
DA:358,0
DA:359,0
DA:360,0
DA:361,0
DA:363,0
DA:364,0
DA:366,0
DA:371,0
DA:372,0
DA:373,0
DA:376,0
DA:377,0
DA:378,0
DA:379,0
DA:380,0
DA:382,0
DA:385,0
DA:386,0
DA:397,0
DA:398,0
DA:399,0
DA:400,0
DA:401,0
DA:402,0
DA:403,0
DA:406,0
DA:409,0
DA:410,0
DA:414,0
DA:416,0
DA:417,0
DA:418,0
DA:419,0
DA:420,0
DA:421,0
DA:422,0
DA:424,0
DA:425,0
DA:426,0
DA:430,0
DA:433,0
DA:434,0
DA:438,0
DA:439,0
DA:441,0
DA:442,0
DA:453,0
DA:454,0
DA:458,0
DA:462,0
DA:465,0
DA:466,0
DA:468,0
LF:113
LH:0
BRDA:202,0,0,0
BRDA:202,0,1,0
BRDA:212,1,0,0
BRDA:212,1,1,0
BRDA:213,2,0,0
BRDA:213,2,1,0
BRDA:224,3,0,0
BRDA:224,3,1,0
BRDA:269,4,0,0
BRDA:269,4,1,0
BRDA:283,5,0,0
BRDA:283,5,1,0
BRDA:294,6,0,0
BRDA:294,6,1,0
BRDA:294,7,0,0
BRDA:294,7,1,0
BRDA:349,8,0,0
BRDA:349,8,1,0
BRDA:350,9,0,0
BRDA:350,9,1,0
BRDA:357,10,0,0
BRDA:357,10,1,0
BRDA:358,11,0,0
BRDA:358,11,1,0
BRDA:360,12,0,0
BRDA:360,12,1,0
BRDA:377,13,0,0
BRDA:377,13,1,0
BRDA:397,14,0,0
BRDA:397,14,1,0
BRDA:425,15,0,0
BRDA:425,15,1,0
BRDA:441,16,0,0
BRDA:441,16,1,0
BRDA:453,17,0,0
BRDA:453,17,1,0
BRDA:465,18,0,0
BRDA:465,18,1,0
BRF:38
BRH:0
end_of_record
TN:
SF:/home/ashishiyer9/Portal Project/chatbot-vue/src/Chatbot/Dashboard/Widgets.vue
FN:202,data
FN:249,onSelect
FN:252,onResponsiveInverted
FN:260,mounted
FN:264,beforeDestroy
FNF:5
FNH:0
FNDA:0,data
FNDA:0,onSelect
FNDA:0,onResponsiveInverted
FNDA:0,mounted
FNDA:0,beforeDestroy
DA:180,0
DA:203,0
DA:250,0
DA:253,0
DA:254,0
DA:256,0
DA:261,0
DA:262,0
DA:265,0
LF:9
LH:0
BRDA:253,0,0,0
BRDA:253,0,1,0
BRF:2
BRH:0
end_of_record
TN:
SF:/home/ashishiyer9/Portal Project/chatbot-vue/src/Chatbot/Dashboard/Layout/DashboardLayout.vue
FN:25,data
FN:37,created
FN:40,(anonymous_4)
FN:53,(anonymous_5)
FN:60,(anonymous_6)
FN:66,(anonymous_7)
FN:74,(anonymous_8)
FN:82,beforeCreate
FNF:8
FNH:0
FNDA:0,data
FNDA:0,created
FNDA:0,(anonymous_4)
FNDA:0,(anonymous_5)
FNDA:0,(anonymous_6)
FNDA:0,(anonymous_7)
FNDA:0,(anonymous_8)
FNDA:0,beforeCreate
DA:15,0
DA:16,0
DA:17,0
DA:18,0
DA:19,0
DA:20,0
DA:21,0
DA:22,0
DA:26,0
DA:37,0
DA:38,0
DA:39,0
DA:45,0
DA:47,0
DA:48,0
DA:52,0
DA:59,0
DA:60,0
DA:65,0
DA:66,0
DA:67,0
DA:68,0
DA:72,0
DA:76,0
DA:78,0
DA:79,0
DA:83,0
DA:84,0
DA:86,0
DA:87,0
DA:88,0
DA:89,0
DA:90,0
DA:91,0
DA:93,0
DA:94,0
DA:95,0
DA:96,0
DA:100,0
DA:101,0
DA:102,0
DA:103,0
LF:42
LH:0
BRDA:38,0,0,0
BRDA:38,0,1,0
BRDA:45,1,0,0
BRDA:45,1,1,0
BRDA:59,2,0,0
BRDA:59,2,1,0
BRDA:65,3,0,0
BRDA:65,3,1,0
BRDA:72,4,0,0
BRDA:72,4,1,0
BRDA:78,5,0,0
BRDA:78,5,1,0
BRDA:83,6,0,0
BRDA:83,6,1,0
BRDA:89,7,0,0
BRDA:89,7,1,0
BRDA:90,8,0,0
BRDA:90,8,1,0
BRDA:93,9,0,0
BRDA:93,9,1,0
BRDA:95,10,0,0
BRDA:95,10,1,0
BRDA:100,11,0,0
BRDA:100,11,1,0
BRDA:102,12,0,0
BRDA:102,12,1,0
BRDA:102,13,0,0
BRDA:102,13,1,0
BRF:28
BRH:0
end_of_record
TN:
SF:/home/ashishiyer9/Portal Project/chatbot-vue/src/Chatbot/Dashboard/Layout/SideBar.vue
FN:51,data
FN:58,sidebar_scroll
FN:65,list_class
FN:81,mounted
FN:82,(anonymous_6)
FNF:5
FNH:0
FNDA:0,data
FNDA:0,sidebar_scroll
FNDA:0,list_class
FNDA:0,mounted
FNDA:0,(anonymous_6)
DA:49,0
DA:52,0
DA:59,0
DA:60,0
DA:61,0
DA:62,0
DA:66,0
DA:67,0
DA:68,0
DA:70,0
DA:72,0
DA:73,0
DA:74,0
DA:77,0
DA:82,0
DA:83,0
DA:86,0
DA:90,0
LF:18
LH:0
BRDA:59,0,0,0
BRDA:59,0,1,0
BRDA:61,1,0,0
BRDA:61,1,1,0
BRDA:66,2,0,0
BRDA:66,2,1,0
BRDA:67,3,0,0
BRDA:67,3,1,0
BRDA:72,4,0,0
BRDA:72,4,1,0
BRDA:74,5,0,0
BRDA:74,5,1,0
BRF:12
BRH:0
end_of_record
TN:
SF:/home/ashishiyer9/Portal Project/chatbot-vue/src/Chatbot/Dashboard/Layout/TopNavbar.vue
FN:519,data
FN:561,validOldPassword
FN:568,validPassword
FN:575,validConfirmPassword
FN:582,validPhoneNumber
FN:590,created
FN:599,(anonymous_8)
FN:617,(anonymous_9)
FN:626,updated
FN:627,(anonymous_11)
FN:636,raise_ticket
FN:648,clear_fields
FN:655,email_class
FN:662,edit_profile_api
FN:672,(anonymous_16)
FN:697,company_changed
FN:716,submit_new_password
FN:724,(anonymous_19)
FN:741,(anonymous_20)
FN:753,password_toggle
FN:762,update_superadmin
FN:769,send_invite
FN:777,(anonymous_24)
FN:797,signout_api
FN:801,(anonymous_26)
FNF:25
FNH:0
FNDA:0,data
FNDA:0,validOldPassword
FNDA:0,validPassword
FNDA:0,validConfirmPassword
FNDA:0,validPhoneNumber
FNDA:0,created
FNDA:0,(anonymous_8)
FNDA:0,(anonymous_9)
FNDA:0,updated
FNDA:0,(anonymous_11)
FNDA:0,raise_ticket
FNDA:0,clear_fields
FNDA:0,email_class
FNDA:0,edit_profile_api
FNDA:0,(anonymous_16)
FNDA:0,company_changed
FNDA:0,submit_new_password
FNDA:0,(anonymous_19)
FNDA:0,(anonymous_20)
FNDA:0,password_toggle
FNDA:0,update_superadmin
FNDA:0,send_invite
FNDA:0,(anonymous_24)
FNDA:0,signout_api
FNDA:0,(anonymous_26)
DA:511,0
DA:512,0
DA:513,0
DA:514,0
DA:515,0
DA:516,0
DA:520,0
DA:562,0
DA:563,0
DA:565,0
DA:569,0
DA:570,0
DA:572,0
DA:576,0
DA:577,0
DA:579,0
DA:583,0
DA:584,0
DA:586,0
DA:590,0
DA:591,0
DA:592,0
DA:594,0
DA:595,0
DA:596,0
DA:598,0
DA:607,0
DA:608,0
DA:610,0
DA:611,0
DA:612,0
DA:613,0
DA:614,0
DA:616,0
DA:617,0
DA:618,0
DA:620,0
DA:621,0
DA:622,0
DA:623,0
DA:626,0
DA:627,0
DA:628,0
DA:637,0
DA:638,0
DA:639,0
DA:641,0
DA:649,0
DA:650,0
DA:651,0
DA:652,0
DA:653,0
DA:656,0
DA:657,0
DA:659,0
DA:662,0
DA:663,0
DA:664,0
DA:670,0
DA:671,0
DA:684,0
DA:685,0
DA:686,0
DA:687,0
DA:688,0
DA:689,0
DA:691,0
DA:694,0
DA:698,0
DA:699,0
DA:700,0
DA:701,0
DA:702,0
DA:704,0
DA:705,0
DA:706,0
DA:708,0
DA:712,0
DA:716,0
DA:717,0
DA:718,0
DA:723,0
DA:734,0
DA:735,0
DA:736,0
DA:737,0
DA:740,0
DA:741,0
DA:742,0
DA:746,0
DA:747,0
DA:748,0
DA:750,0
DA:754,0
DA:755,0
DA:756,0
DA:757,0
DA:758,0
DA:759,0
DA:763,0
DA:764,0
DA:765,0
DA:766,0
DA:769,0
DA:770,0
DA:771,0
DA:772,0
DA:773,0
DA:774,0
DA:776,0
DA:787,0
DA:788,0
DA:789,0
DA:791,0
DA:792,0
DA:793,0
DA:797,0
DA:798,0
DA:799,0
DA:800,0
DA:809,0
DA:814,0
DA:815,0
DA:816,0
DA:817,0
DA:818,0
DA:820,0
LF:127
LH:0
BRDA:541,0,0,0
BRDA:541,0,1,0
BRDA:544,1,0,0
BRDA:544,1,1,0
BRDA:547,2,0,0
BRDA:547,2,1,0
BRDA:562,3,0,0
BRDA:562,3,1,0
BRDA:569,4,0,0
BRDA:569,4,1,0
BRDA:576,5,0,0
BRDA:576,5,1,0
BRDA:583,6,0,0
BRDA:583,6,1,0
BRDA:591,7,0,0
BRDA:591,7,1,0
BRDA:595,8,0,0
BRDA:595,8,1,0
BRDA:610,9,0,0
BRDA:610,9,1,0
BRDA:610,10,0,0
BRDA:610,10,1,0
BRDA:620,11,0,0
BRDA:620,11,1,0
BRDA:622,12,0,0
BRDA:622,12,1,0
BRDA:638,13,0,0
BRDA:638,13,1,0
BRDA:656,14,0,0
BRDA:656,14,1,0
BRDA:664,15,0,0
BRDA:664,15,1,0
BRDA:664,16,0,0
BRDA:664,16,1,0
BRDA:664,16,2,0
BRDA:664,16,3,0
BRDA:664,16,4,0
BRDA:664,16,5,0
BRDA:684,17,0,0
BRDA:684,17,1,0
BRDA:699,18,0,0
BRDA:699,18,1,0
BRDA:701,19,0,0
BRDA:701,19,1,0
BRDA:705,20,0,0
BRDA:705,20,1,0
BRDA:718,21,0,0
BRDA:718,21,1,0
BRDA:718,22,0,0
BRDA:718,22,1,0
BRDA:718,22,2,0
BRDA:734,23,0,0
BRDA:734,23,1,0
BRDA:736,24,0,0
BRDA:736,24,1,0
BRDA:756,25,0,0
BRDA:756,25,1,0
BRDA:758,26,0,0
BRDA:758,26,1,0
BRDA:763,27,0,0
BRDA:763,27,1,0
BRDA:771,28,0,0
BRDA:771,28,1,0
BRDA:773,29,0,0
BRDA:773,29,1,0
BRDA:787,30,0,0
BRDA:787,30,1,0
BRDA:809,31,0,0
BRDA:809,31,1,0
BRDA:809,32,0,0
BRDA:809,32,1,0
BRDA:809,32,2,0
BRF:72
BRH:0
end_of_record
TN:
SF:/home/ashishiyer9/Portal Project/chatbot-vue/src/Chatbot/Dashboard/Pages/Blog.vue
FN:196,data
FN:218,mounted
FN:229,(anonymous_4)
FN:238,submit_blog
FN:249,(anonymous_6)
FN:278,(anonymous_7)
FN:309,clear_all
FN:317,(anonymous_9)
FN:322,show_blogs
FN:324,(anonymous_11)
FN:346,delete_blog
FN:348,(anonymous_13)
FN:361,edit_blog
FN:373,fileinput
FN:383,createImage
FN:386,(anonymous_17)
FNF:16
FNH:0
FNDA:0,data
FNDA:0,mounted
FNDA:0,(anonymous_4)
FNDA:0,submit_blog
FNDA:0,(anonymous_6)
FNDA:0,(anonymous_7)
FNDA:0,clear_all
FNDA:0,(anonymous_9)
FNDA:0,show_blogs
FNDA:0,(anonymous_11)
FNDA:0,delete_blog
FNDA:0,(anonymous_13)
FNDA:0,edit_blog
FNDA:0,fileinput
FNDA:0,createImage
FNDA:0,(anonymous_17)
DA:191,0
DA:192,0
DA:193,0
DA:197,0
DA:218,0
DA:219,0
DA:229,0
DA:230,0
DA:234,0
DA:238,0
DA:239,0
DA:240,0
DA:246,0
DA:247,0
DA:248,0
DA:259,0
DA:260,0
DA:261,0
DA:262,0
DA:263,0
DA:266,0
DA:267,0
DA:271,0
DA:274,0
DA:275,0
DA:276,0
DA:277,0
DA:290,0
DA:291,0
DA:292,0
DA:293,0
DA:294,0
DA:297,0
DA:298,0
DA:302,0
DA:306,0
DA:309,0
DA:310,0
DA:311,0
DA:312,0
DA:313,0
DA:314,0
DA:315,0
DA:316,0
DA:317,0
DA:318,0
DA:319,0
DA:322,0
DA:323,0
DA:330,0
DA:331,0
DA:332,0
DA:346,0
DA:347,0
DA:355,0
DA:356,0
DA:357,0
DA:362,0
DA:363,0
DA:364,0
DA:365,0
DA:370,0
DA:371,0
DA:374,0
DA:375,0
DA:376,0
DA:377,0
DA:379,0
DA:380,0
DA:381,0
DA:383,0
DA:384,0
DA:386,0
DA:387,0
DA:389,0
LF:75
LH:0
BRDA:230,0,0,0
BRDA:230,0,1,0
BRDA:234,1,0,0
BRDA:234,1,1,0
BRDA:240,2,0,0
BRDA:240,2,1,0
BRDA:240,3,0,0
BRDA:240,3,1,0
BRDA:240,3,2,0
BRDA:240,3,3,0
BRDA:247,4,0,0
BRDA:247,4,1,0
BRDA:259,5,0,0
BRDA:259,5,1,0
BRDA:262,6,0,0
BRDA:262,6,1,0
BRDA:266,7,0,0
BRDA:266,7,1,0
BRDA:274,8,0,0
BRDA:274,8,1,0
BRDA:286,9,0,0
BRDA:286,9,1,0
BRDA:290,10,0,0
BRDA:290,10,1,0
BRDA:293,11,0,0
BRDA:293,11,1,0
BRDA:297,12,0,0
BRDA:297,12,1,0
BRDA:355,13,0,0
BRDA:355,13,1,0
BRDA:374,14,0,0
BRDA:374,14,1,0
BRDA:375,15,0,0
BRDA:375,15,1,0
BRDA:379,16,0,0
BRDA:379,16,1,0
BRF:36
BRH:0
end_of_record
TN:
SF:/home/ashishiyer9/Portal Project/chatbot-vue/src/Chatbot/Dashboard/Pages/ForgotPassword.vue
FN:66,data
FN:78,validPassword
FN:86,validConfirmPassword
FN:99,password_toggle
FN:109,submit_new_password
FN:122,call_api
FN:124,(anonymous_8)
FNF:7
FNH:0
FNDA:0,data
FNDA:0,validPassword
FNDA:0,validConfirmPassword
FNDA:0,password_toggle
FNDA:0,submit_new_password
FNDA:0,call_api
FNDA:0,(anonymous_8)
DA:61,0
DA:62,0
DA:63,0
DA:67,0
DA:79,0
DA:80,0
DA:81,0
DA:83,0
DA:87,0
DA:91,0
DA:92,0
DA:94,0
DA:100,0
DA:101,0
DA:102,0
DA:103,0
DA:104,0
DA:105,0
DA:106,0
DA:110,0
DA:111,0
DA:112,0
DA:114,0
DA:115,0
DA:116,0
DA:117,0
DA:118,0
DA:119,0
DA:123,0
DA:130,0
DA:131,0
DA:132,0
DA:135,0
DA:136,0
DA:140,0
DA:141,0
DA:146,0
DA:147,0
LF:38
LH:0
BRDA:79,0,0,0
BRDA:79,0,1,0
BRDA:87,1,0,0
BRDA:87,1,1,0
BRDA:87,2,0,0
BRDA:87,2,1,0
BRDA:103,3,0,0
BRDA:103,3,1,0
BRDA:105,4,0,0
BRDA:105,4,1,0
BRDA:111,5,0,0
BRDA:111,5,1,0
BRDA:111,6,0,0
BRDA:111,6,1,0
BRDA:131,7,0,0
BRDA:131,7,1,0
BRDA:135,8,0,0
BRDA:135,8,1,0
BRDA:140,9,0,0
BRDA:140,9,1,0
BRF:20
BRH:0
end_of_record
TN:
SF:/home/ashishiyer9/Portal Project/chatbot-vue/src/Chatbot/Dashboard/Pages/Login.vue
FN:151,beforeCreate
FN:156,data
FN:172,email_validate
FN:179,clear_fields
FN:183,forgot_password
FN:190,(anonymous_7)
FN:209,password_toggle
FN:218,create
FN:230,redir
FN:278,(anonymous_11)
FN:293,(anonymous_12)
FN:300,call_api
FN:301,(anonymous_14)
FN:305,(anonymous_15)
FN:310,update_menu_list
FN:376,(anonymous_17)
FN:391,beforeMount
FN:399,(anonymous_19)
FNF:18
FNH:0
FNDA:0,beforeCreate
FNDA:0,data
FNDA:0,email_validate
FNDA:0,clear_fields
FNDA:0,forgot_password
FNDA:0,(anonymous_7)
FNDA:0,password_toggle
FNDA:0,create
FNDA:0,redir
FNDA:0,(anonymous_11)
FNDA:0,(anonymous_12)
FNDA:0,call_api
FNDA:0,(anonymous_14)
FNDA:0,(anonymous_15)
FNDA:0,update_menu_list
FNDA:0,(anonymous_17)
FNDA:0,beforeMount
FNDA:0,(anonymous_19)
DA:143,0
DA:144,0
DA:145,0
DA:146,0
DA:147,0
DA:148,0
DA:152,0
DA:153,0
DA:157,0
DA:173,0
DA:174,0
DA:176,0
DA:180,0
DA:181,0
DA:184,0
DA:185,0
DA:189,0
DA:194,0
DA:195,0
DA:199,0
DA:200,0
DA:204,0
DA:210,0
DA:211,0
DA:212,0
DA:213,0
DA:214,0
DA:215,0
DA:219,0
DA:220,0
DA:221,0
DA:222,0
DA:226,0
DA:227,0
DA:230,0
DA:231,0
DA:232,0
DA:233,0
DA:234,0
DA:239,0
DA:240,0
DA:241,0
DA:245,0
DA:246,0
DA:247,0
DA:252,0
DA:253,0
DA:254,0
DA:258,0
DA:259,0
DA:260,0
DA:266,0
DA:267,0
DA:268,0
DA:273,0
DA:275,0
DA:276,0
DA:277,0
DA:284,0
DA:285,0
DA:286,0
DA:288,0
DA:289,0
DA:290,0
DA:292,0
DA:293,0
DA:294,0
DA:297,0
DA:298,0
DA:300,0
DA:301,0
DA:304,0
DA:307,0
DA:310,0
DA:311,0
DA:312,0
DA:313,0
DA:314,0
DA:315,0
DA:321,0
DA:322,0
DA:323,0
DA:326,0
DA:331,0
DA:332,0
DA:333,0
DA:336,0
DA:341,0
DA:342,0
DA:343,0
DA:347,0
DA:353,0
DA:357,0
DA:358,0
DA:359,0
DA:365,0
DA:369,0
DA:370,0
DA:373,0
DA:374,0
DA:375,0
DA:381,0
DA:383,0
DA:384,0
DA:388,0
DA:392,0
DA:395,0
DA:396,0
DA:397,0
DA:398,0
DA:404,0
DA:405,0
DA:409,0
DA:410,0
DA:415,0
DA:416,0
LF:116
LH:0
BRDA:152,0,0,0
BRDA:152,0,1,0
BRDA:173,1,0,0
BRDA:173,1,1,0
BRDA:185,2,0,0
BRDA:185,2,1,0
BRDA:185,3,0,0
BRDA:185,3,1,0
BRDA:194,4,0,0
BRDA:194,4,1,0
BRDA:199,5,0,0
BRDA:199,5,1,0
BRDA:212,6,0,0
BRDA:212,6,1,0
BRDA:214,7,0,0
BRDA:214,7,1,0
BRDA:221,8,0,0
BRDA:221,8,1,0
BRDA:221,9,0,0
BRDA:221,9,1,0
BRDA:233,10,0,0
BRDA:233,10,1,0
BRDA:240,11,0,0
BRDA:240,11,1,0
BRDA:246,12,0,0
BRDA:246,12,1,0
BRDA:253,13,0,0
BRDA:253,13,1,0
BRDA:259,14,0,0
BRDA:259,14,1,0
BRDA:267,15,0,0
BRDA:267,15,1,0
BRDA:315,16,0,0
BRDA:315,16,1,0
BRDA:315,17,0,0
BRDA:315,17,1,0
BRDA:315,17,2,0
BRDA:315,17,3,0
BRDA:322,18,0,0
BRDA:322,18,1,0
BRDA:326,19,0,0
BRDA:326,19,1,0
BRDA:326,20,0,0
BRDA:326,20,1,0
BRDA:326,20,2,0
BRDA:332,21,0,0
BRDA:332,21,1,0
BRDA:336,22,0,0
BRDA:336,22,1,0
BRDA:336,23,0,0
BRDA:336,23,1,0
BRDA:336,23,2,0
BRDA:342,24,0,0
BRDA:342,24,1,0
BRDA:347,25,0,0
BRDA:347,25,1,0
BRDA:347,26,0,0
BRDA:347,26,1,0
BRDA:347,26,2,0
BRDA:347,26,3,0
BRDA:359,27,0,0
BRDA:359,27,1,0
BRDA:359,28,0,0
BRDA:359,28,1,0
BRDA:359,28,2,0
BRDA:359,28,3,0
BRDA:374,29,0,0
BRDA:374,29,1,0
BRDA:381,30,0,0
BRDA:381,30,1,0
BRDA:397,31,0,0
BRDA:397,31,1,0
BRDA:397,32,0,0
BRDA:397,32,1,0
BRDA:404,33,0,0
BRDA:404,33,1,0
BRDA:409,34,0,0
BRDA:409,34,1,0
BRDA:415,35,0,0
BRDA:415,35,1,0
BRF:80
BRH:0
end_of_record
TN:
SF:/home/ashishiyer9/Portal Project/chatbot-vue/src/Chatbot/Dashboard/Pages/Register.vue
FN:149,data
FN:180,validEmail
FN:187,valid_cname
FN:194,validPassword
FN:213,created
FN:214,(anonymous_7)
FN:222,password_toggle
FN:231,toggle_domain
FN:238,create
FN:273,call_api
FN:275,(anonymous_12)
FN:313,(anonymous_13)
FN:319,beforeMount
FNF:13
FNH:0
FNDA:0,data
FNDA:0,validEmail
FNDA:0,valid_cname
FNDA:0,validPassword
FNDA:0,created
FNDA:0,(anonymous_7)
FNDA:0,password_toggle
FNDA:0,toggle_domain
FNDA:0,create
FNDA:0,call_api
FNDA:0,(anonymous_12)
FNDA:0,(anonymous_13)
FNDA:0,beforeMount
DA:144,0
DA:145,0
DA:146,0
DA:150,0
DA:181,0
DA:182,0
DA:184,0
DA:188,0
DA:189,0
DA:191,0
DA:195,0
DA:196,0
DA:198,0
DA:213,0
DA:214,0
DA:215,0
DA:216,0
DA:217,0
DA:223,0
DA:224,0
DA:225,0
DA:226,0
DA:227,0
DA:228,0
DA:232,0
DA:233,0
DA:234,0
DA:235,0
DA:239,0
DA:240,0
DA:246,0
DA:247,0
DA:248,0
DA:255,0
DA:256,0
DA:262,0
DA:263,0
DA:269,0
DA:270,0
DA:273,0
DA:274,0
DA:275,0
DA:278,0
DA:279,0
DA:280,0
DA:285,0
DA:286,0
DA:291,0
DA:292,0
DA:296,0
DA:297,0
DA:302,0
DA:309,0
DA:310,0
DA:311,0
DA:312,0
DA:315,0
DA:320,0
DA:321,0
DA:325,0
DA:326,0
DA:327,0
DA:328,0
DA:329,0
DA:330,0
DA:331,0
DA:332,0
LF:67
LH:0
BRDA:181,0,0,0
BRDA:181,0,1,0
BRDA:188,1,0,0
BRDA:188,1,1,0
BRDA:195,2,0,0
BRDA:195,2,1,0
BRDA:225,3,0,0
BRDA:225,3,1,0
BRDA:227,4,0,0
BRDA:227,4,1,0
BRDA:232,5,0,0
BRDA:232,5,1,0
BRDA:234,6,0,0
BRDA:234,6,1,0
BRDA:240,7,0,0
BRDA:240,7,1,0
BRDA:240,8,0,0
BRDA:240,8,1,0
BRDA:240,8,2,0
BRDA:240,8,3,0
BRDA:247,9,0,0
BRDA:247,9,1,0
BRDA:255,10,0,0
BRDA:255,10,1,0
BRDA:262,11,0,0
BRDA:262,11,1,0
BRDA:269,12,0,0
BRDA:269,12,1,0
BRDA:279,13,0,0
BRDA:279,13,1,0
BRDA:285,14,0,0
BRDA:285,14,1,0
BRDA:291,15,0,0
BRDA:291,15,1,0
BRDA:296,16,0,0
BRDA:296,16,1,0
BRDA:328,17,0,0
BRDA:328,17,1,0
BRDA:328,18,0,0
BRDA:328,18,1,0
BRDA:328,18,2,0
BRF:41
BRH:0
end_of_record
TN:
SF:/home/ashishiyer9/Portal Project/chatbot-vue/src/VoiceSystem/Dashboard/MapIntentscreen.vue
FN:86,data
FN:96,check
FN:107,add_screen_parameters
FN:108,(anonymous_5)
FNF:4
FNH:0
FNDA:0,data
FNDA:0,check
FNDA:0,add_screen_parameters
FNDA:0,(anonymous_5)
DA:84,0
DA:87,0
DA:97,0
DA:98,0
DA:99,0
DA:100,0
DA:101,0
DA:102,0
DA:103,0
DA:104,0
DA:107,0
DA:108,0
DA:117,0
DA:118,0
DA:119,0
DA:120,0
LF:16
LH:0
BRDA:97,0,0,0
BRDA:97,0,1,0
BRDA:101,1,0,0
BRDA:101,1,1,0
BRDA:101,2,0,0
BRDA:101,2,1,0
BRDA:119,3,0,0
BRDA:119,3,1,0
BRF:8
BRH:0
end_of_record
TN:
SF:/home/ashishiyer9/Portal Project/chatbot-vue/src/VoiceSystem/Dashboard/Layout/Content.vue
FNF:0
FNH:0
DA:10,0
LF:1
LH:0
BRF:0
BRH:0
end_of_record
TN:
SF:/home/ashishiyer9/Portal Project/chatbot-vue/src/VoiceSystem/Dashboard/Layout/DashboardLayout.vue
FN:61,hasElement
FN:65,initScrollbar
FN:70,(anonymous_4)
FN:85,data
FN:105,toggleSidebar
FN:110,service_selected
FN:117,created
FN:133,mounted
FNF:8
FNH:0
FNDA:0,hasElement
FNDA:0,initScrollbar
FNDA:0,(anonymous_4)
FNDA:0,data
FNDA:0,toggleSidebar
FNDA:0,service_selected
FNDA:0,created
FNDA:0,mounted
DA:59,0
DA:60,0
DA:62,0
DA:66,0
DA:67,0
DA:70,0
DA:71,0
DA:76,0
DA:78,0
DA:79,0
DA:80,0
DA:81,0
DA:82,0
DA:86,0
DA:106,0
DA:107,0
DA:111,0
DA:112,0
DA:113,0
DA:118,0
DA:119,0
DA:120,0
DA:123,0
DA:125,0
DA:126,0
DA:127,0
DA:130,0
DA:134,0
DA:135,0
DA:136,0
DA:138,0
DA:139,0
DA:141,0
DA:143,0
LF:34
LH:0
BRDA:66,0,0,0
BRDA:66,0,1,0
BRDA:106,1,0,0
BRDA:106,1,1,0
BRDA:111,2,0,0
BRDA:111,2,1,0
BRDA:118,3,0,0
BRDA:118,3,1,0
BRDA:125,4,0,0
BRDA:125,4,1,0
BRDA:136,5,0,0
BRDA:136,5,1,0
BRF:12
BRH:0
end_of_record
TN:
SF:/home/ashishiyer9/Portal Project/chatbot-vue/src/VoiceSystem/Dashboard/Layout/TopNavbar.vue
FN:80,data
FN:97,company_selected
FN:115,created
FN:121,company_list_api
FN:122,(anonymous_6)
FN:133,toggleSidebar
FN:136,minimizeSidebar
FN:141,signout_api
FN:142,(anonymous_10)
FNF:9
FNH:0
FNDA:0,data
FNDA:0,company_selected
FNDA:0,created
FNDA:0,company_list_api
FNDA:0,(anonymous_6)
FNDA:0,toggleSidebar
FNDA:0,minimizeSidebar
FNDA:0,signout_api
FNDA:0,(anonymous_10)
DA:77,0
DA:78,0
DA:81,0
DA:98,0
DA:102,0
DA:103,0
DA:105,0
DA:106,0
DA:107,0
DA:109,0
DA:110,0
DA:111,0
DA:116,0
DA:117,0
DA:121,0
DA:122,0
DA:129,0
DA:130,0
DA:134,0
DA:137,0
DA:138,0
DA:141,0
DA:142,0
DA:149,0
DA:150,0
DA:151,0
LF:26
LH:0
BRDA:98,0,0,0
BRDA:98,0,1,0
BRDA:102,1,0,0
BRDA:102,1,1,0
BRDA:106,2,0,0
BRDA:106,2,1,0
BRDA:116,3,0,0
BRDA:116,3,1,0
BRDA:137,4,0,0
BRDA:137,4,1,0
BRDA:149,5,0,0
BRDA:149,5,1,0
BRF:12
BRH:0
end_of_record
TN:
SF:/home/ashishiyer9/Portal Project/chatbot-vue/src/VoiceSystem/Dashboard/Layout/Extra/MobileMenu.vue
FN:37,data
FNF:1
FNH:0
FNDA:0,data
DA:38,0
LF:1
LH:0
BRF:0
BRH:0
end_of_record
TN:
SF:/home/ashishiyer9/Portal Project/chatbot-vue/src/VoiceSystem/Dashboard/Layout/Extra/UserMenu.vue
FN:80,data
FN:86,clicked
FN:89,toggleMenu
FNF:3
FNH:0
FNDA:0,data
FNDA:0,clicked
FNDA:0,toggleMenu
DA:60,0
DA:81,0
DA:87,0
DA:90,0
LF:4
LH:0
BRF:0
BRH:0
end_of_record
TN:
SF:/home/ashishiyer9/Portal Project/chatbot-vue/src/components/AreaChart.vue
FN:8,data
FN:25,mounted
FN:71,label
FN:88,callback
FN:113,(anonymous_5)
FN:161,(anonymous_6)
FNF:6
FNH:0
FNDA:0,data
FNDA:0,mounted
FNDA:0,label
FNDA:0,callback
FNDA:0,(anonymous_5)
FNDA:0,(anonymous_6)
DA:5,0
DA:9,0
DA:25,0
DA:26,0
DA:30,0
DA:32,0
DA:36,0
DA:39,0
DA:40,0
DA:43,0
DA:44,0
DA:45,0
DA:46,0
DA:61,0
DA:72,0
DA:89,0
DA:108,0
DA:113,0
DA:114,0
DA:115,0
DA:119,0
DA:161,0
DA:162,0
LF:23
LH:0
BRDA:26,0,0,0
BRDA:26,0,1,0
BRDA:26,1,0,0
BRDA:26,1,1,0
BRDA:32,2,0,0
BRDA:32,2,1,0
BRDA:32,3,0,0
BRDA:32,3,1,0
BRDA:114,4,0,0
BRDA:114,4,1,0
BRDA:162,5,0,0
BRDA:162,5,1,0
BRF:12
BRH:0
end_of_record
TN:
SF:/home/ashishiyer9/Portal Project/chatbot-vue/src/components/BillingChart.vue
FN:10,data
FN:18,mounted
FN:29,(anonymous_4)
FN:50,draw
FN:190,(anonymous_6)
FNF:5
FNH:0
FNDA:0,data
FNDA:0,mounted
FNDA:0,(anonymous_4)
FNDA:0,draw
FNDA:0,(anonymous_6)
DA:6,0
DA:7,0
DA:11,0
DA:19,0
DA:29,0
DA:37,0
DA:38,0
DA:39,0
DA:40,0
DA:41,0
DA:42,0
DA:43,0
DA:44,0
DA:45,0
DA:47,0
DA:48,0
DA:49,0
DA:51,0
DA:52,0
DA:54,0
DA:56,0
DA:57,0
DA:58,0
DA:59,0
DA:60,0
DA:61,0
DA:62,0
DA:63,0
DA:65,0
DA:66,0
DA:67,0
DA:68,0
DA:69,0
DA:70,0
DA:71,0
DA:74,0
DA:75,0
DA:79,0
DA:80,0
DA:81,0
DA:83,0
DA:85,0
DA:87,0
DA:89,0
DA:90,0
DA:91,0
DA:93,0
DA:94,0
DA:95,0
DA:99,0
DA:100,0
DA:101,0
DA:103,0
DA:105,0
DA:106,0
DA:107,0
DA:108,0
DA:109,0
DA:110,0
DA:112,0
DA:121,0
DA:122,0
DA:123,0
DA:126,0
DA:129,0
DA:131,0
DA:134,0
DA:135,0
DA:190,0
DA:193,0
DA:194,0
DA:195,0
DA:196,0
DA:197,0
DA:198,0
DA:199,0
LF:76
LH:0
BRDA:56,0,0,0
BRDA:56,0,1,0
BRDA:62,1,0,0
BRDA:62,1,1,0
BRDA:63,2,0,0
BRDA:63,2,1,0
BRDA:69,3,0,0
BRDA:69,3,1,0
BRDA:71,4,0,0
BRDA:71,4,1,0
BRDA:74,5,0,0
BRDA:74,5,1,0
BRDA:79,6,0,0
BRDA:79,6,1,0
BRDA:81,7,0,0
BRDA:81,7,1,0
BRDA:83,8,0,0
BRDA:83,8,1,0
BRDA:85,9,0,0
BRDA:85,9,1,0
BRDA:87,10,0,0
BRDA:87,10,1,0
BRDA:89,11,0,0
BRDA:89,11,1,0
BRDA:93,12,0,0
BRDA:93,12,1,0
BRDA:100,13,0,0
BRDA:100,13,1,0
BRDA:122,14,0,0
BRDA:122,14,1,0
BRDA:193,15,0,0
BRDA:193,15,1,0
BRF:32
BRH:0
end_of_record
